[0.073s] Invoking command in '/home/tylerjbecker/ros2_ws/src/dhtt_base/build/dhtt_msgs': CMAKE_PREFIX_PATH=${CMAKE_PREFIX_PATH}:/opt/ros/foxy /usr/bin/cmake /home/tylerjbecker/ros2_ws/src/dhtt_base/dhtt_msgs -DCMAKE_INSTALL_PREFIX=/home/tylerjbecker/ros2_ws/src/dhtt_base/install/dhtt_msgs
[0.103s] -- The C compiler identification is GNU 9.4.0
[0.146s] -- The CXX compiler identification is GNU 9.4.0
[0.148s] -- Check for working C compiler: /usr/bin/cc
[0.219s] -- Check for working C compiler: /usr/bin/cc -- works
[0.220s] -- Detecting C compiler ABI info
[0.295s] -- Detecting C compiler ABI info - done
[0.312s] -- Detecting C compile features
[0.312s] -- Detecting C compile features - done
[0.313s] -- Check for working CXX compiler: /usr/bin/c++
[0.360s] -- Check for working CXX compiler: /usr/bin/c++ -- works
[0.360s] -- Detecting CXX compiler ABI info
[0.421s] -- Detecting CXX compiler ABI info - done
[0.427s] -- Detecting CXX compile features
[0.427s] -- Detecting CXX compile features - done
[0.428s] -- Found ament_cmake: 0.9.12 (/opt/ros/foxy/share/ament_cmake/cmake)
[0.441s] -- Found PythonInterp: /usr/bin/python3 (found suitable version "3.8.10", minimum required is "3") 
[0.441s] -- Using PYTHON_EXECUTABLE: /usr/bin/python3
[0.534s] -- Found std_msgs: 2.0.5 (/opt/ros/foxy/share/std_msgs/cmake)
[0.548s] -- Using all available rosidl_typesupport_c: rosidl_typesupport_fastrtps_c;rosidl_typesupport_introspection_c
[0.551s] -- Found rosidl_adapter: 1.3.1 (/opt/ros/foxy/share/rosidl_adapter/cmake)
[0.586s] -- Found OpenSSL: /usr/lib/x86_64-linux-gnu/libcrypto.so (found version "1.1.1f")  
[0.601s] -- Found FastRTPS: /opt/ros/foxy/include  
[0.637s] -- Using all available rosidl_typesupport_cpp: rosidl_typesupport_fastrtps_cpp;rosidl_typesupport_introspection_cpp
[0.659s] -- Found rosidl_default_generators: 1.0.1 (/opt/ros/foxy/share/rosidl_default_generators/cmake)
[0.675s] -- Found PythonInterp: /usr/bin/python3 (found version "3.8.10") 
[0.798s] CMake Error at /opt/ros/foxy/share/rosidl_adapter/cmake/rosidl_adapt_interfaces.cmake:60 (message):
[0.798s]   execute_process(/usr/bin/python3 -m rosidl_adapter --package-name dhtt_msgs
[0.798s]   --arguments-file
[0.798s]   /home/tylerjbecker/ros2_ws/src/dhtt_base/build/dhtt_msgs/rosidl_adapter__arguments__dhtt_msgs.json
[0.798s]   --output-dir
[0.798s]   /home/tylerjbecker/ros2_ws/src/dhtt_base/build/dhtt_msgs/rosidl_adapter/dhtt_msgs
[0.798s]   --output-file
[0.798s]   /home/tylerjbecker/ros2_ws/src/dhtt_base/build/dhtt_msgs/rosidl_adapter/dhtt_msgs.idls)
[0.798s]   returned error code 1:
[0.798s] 
[0.798s]   Error processing 'dhtt_msgs/ModifyRequest/Request m_req' of
[0.798s]   'dhtt_msgs/GoitrRequest_Request': 'dhtt_msgs/ModifyRequest/Request'
[0.798s] 
[0.798s]   Traceback (most recent call last):
[0.798s] 
[0.798s]     File "/usr/lib/python3.8/runpy.py", line 194, in _run_module_as_main
[0.798s]       return _run_code(code, main_globals, None,
[0.798s]     File "/usr/lib/python3.8/runpy.py", line 87, in _run_code
[0.798s]       exec(code, run_globals)
[0.798s]     File "/opt/ros/foxy/lib/python3.8/site-packages/rosidl_adapter/__main__.py", line 19, in <module>
[0.798s]       sys.exit(main())
[0.798s]     File "/opt/ros/foxy/lib/python3.8/site-packages/rosidl_adapter/main.py", line 53, in main
[0.798s]       abs_idl_file = convert_to_idl(
[0.798s]     File "/opt/ros/foxy/lib/python3.8/site-packages/rosidl_adapter/__init__.py", line 24, in convert_to_idl
[0.798s]       return convert_srv_to_idl(
[0.799s]     File "/opt/ros/foxy/lib/python3.8/site-packages/rosidl_adapter/srv/__init__.py", line 28, in convert_srv_to_idl
[0.799s]       srv = parse_service_string(package_name, input_file.stem, content)
[0.799s]     File "/opt/ros/foxy/lib/python3.8/site-packages/rosidl_adapter/parser.py", line 852, in parse_service_string
[0.799s]       request_message = parse_message_string(
[0.799s]     File "/opt/ros/foxy/lib/python3.8/site-packages/rosidl_adapter/parser.py", line 516, in parse_message_string
[0.799s]       Type(type_string, context_package_name=pkg_name),
[0.799s]     File "/opt/ros/foxy/lib/python3.8/site-packages/rosidl_adapter/parser.py", line 276, in __init__
[0.799s]       super(Type, self).__init__(
[0.799s]     File "/opt/ros/foxy/lib/python3.8/site-packages/rosidl_adapter/parser.py", line 189, in __init__
[0.799s]       raise InvalidResourceName(type_string)
[0.799s] 
[0.799s]   rosidl_adapter.parser.InvalidResourceName: dhtt_msgs/ModifyRequest/Request
[0.799s] 
[0.799s] Call Stack (most recent call first):
[0.799s]   /opt/ros/foxy/share/rosidl_cmake/cmake/rosidl_generate_interfaces.cmake:130 (rosidl_adapt_interfaces)
[0.799s]   CMakeLists.txt:23 (rosidl_generate_interfaces)
[0.799s] 
[0.799s] 
[0.799s] -- Configuring incomplete, errors occurred!
[0.799s] See also "/home/tylerjbecker/ros2_ws/src/dhtt_base/build/dhtt_msgs/CMakeFiles/CMakeOutput.log".
[0.803s] Invoked command in '/home/tylerjbecker/ros2_ws/src/dhtt_base/build/dhtt_msgs' returned '1': CMAKE_PREFIX_PATH=${CMAKE_PREFIX_PATH}:/opt/ros/foxy /usr/bin/cmake /home/tylerjbecker/ros2_ws/src/dhtt_base/dhtt_msgs -DCMAKE_INSTALL_PREFIX=/home/tylerjbecker/ros2_ws/src/dhtt_base/install/dhtt_msgs
