[0.073s] Invoking command in '/home/tylerjbecker/ros2_ws/src/dhtt_base/knowledge_server/build/knowledge_server': CMAKE_PREFIX_PATH=${CMAKE_PREFIX_PATH}:/opt/ros/foxy /usr/bin/cmake /home/tylerjbecker/ros2_ws/src/dhtt_base/knowledge_server -DCMAKE_INSTALL_PREFIX=/home/tylerjbecker/ros2_ws/src/dhtt_base/knowledge_server/install/knowledge_server
[0.101s] -- The C compiler identification is GNU 9.4.0
[0.130s] -- The CXX compiler identification is GNU 9.4.0
[0.132s] -- Check for working C compiler: /usr/bin/cc
[0.198s] -- Check for working C compiler: /usr/bin/cc -- works
[0.199s] -- Detecting C compiler ABI info
[0.296s] -- Detecting C compiler ABI info - done
[0.301s] -- Detecting C compile features
[0.301s] -- Detecting C compile features - done
[0.302s] -- Check for working CXX compiler: /usr/bin/c++
[0.363s] -- Check for working CXX compiler: /usr/bin/c++ -- works
[0.363s] -- Detecting CXX compiler ABI info
[0.454s] -- Detecting CXX compiler ABI info - done
[0.459s] -- Detecting CXX compile features
[0.460s] -- Detecting CXX compile features - done
[0.461s] -- Found ament_cmake: 0.9.12 (/opt/ros/foxy/share/ament_cmake/cmake)
[0.474s] -- Found PythonInterp: /usr/bin/python3 (found suitable version "3.8.10", minimum required is "3") 
[0.474s] -- Using PYTHON_EXECUTABLE: /usr/bin/python3
[0.568s] -- Found rosidl_default_generators: 1.0.1 (/opt/ros/foxy/share/rosidl_default_generators/cmake)
[0.570s] -- Using all available rosidl_typesupport_c: rosidl_typesupport_fastrtps_c;rosidl_typesupport_introspection_c
[0.573s] -- Found rosidl_adapter: 1.3.1 (/opt/ros/foxy/share/rosidl_adapter/cmake)
[0.622s] -- Found OpenSSL: /usr/lib/x86_64-linux-gnu/libcrypto.so (found version "1.1.1f")  
[0.641s] -- Found FastRTPS: /opt/ros/foxy/include  
[0.679s] -- Using all available rosidl_typesupport_cpp: rosidl_typesupport_fastrtps_cpp;rosidl_typesupport_introspection_cpp
[0.702s] -- Found PythonInterp: /usr/bin/python3 (found version "3.8.10") 
[0.771s] -- Found ament_cmake_ros: 0.9.2 (/opt/ros/foxy/share/ament_cmake_ros/cmake)
[0.818s] -- Using all available rosidl_typesupport_c: rosidl_typesupport_fastrtps_c;rosidl_typesupport_introspection_c
[0.822s] -- Using all available rosidl_typesupport_cpp: rosidl_typesupport_fastrtps_cpp;rosidl_typesupport_introspection_cpp
[0.834s] -- Found PythonInterp: /usr/bin/python3 (found suitable version "3.8.10", minimum required is "3.5") 
[0.834s] -- Found python_cmake_module: 0.8.1 (/opt/ros/foxy/share/python_cmake_module/cmake)
[0.848s] -- Found PythonLibs: /usr/lib/x86_64-linux-gnu/libpython3.8.so (found suitable version "3.8.10", minimum required is "3.5") 
[0.848s] -- Using PYTHON_EXECUTABLE: /usr/bin/python3
[0.848s] -- Using PYTHON_INCLUDE_DIRS: /usr/include/python3.8
[0.848s] -- Using PYTHON_LIBRARIES: /usr/lib/x86_64-linux-gnu/libpython3.8.so
[0.859s] -- Found PythonExtra: .so  
[0.886s] -- Found ament_lint_auto: 0.9.8 (/opt/ros/foxy/share/ament_lint_auto/cmake)
[0.895s] -- Added test 'copyright' to check source files copyright and LICENSE
[0.897s] -- Added test 'cppcheck' to perform static code analysis on C / C++ code
[0.898s] -- Configured cppcheck include dirs: $<BUILD_INTERFACE:/home/tylerjbecker/ros2_ws/src/dhtt_base/knowledge_server/build/knowledge_server/rosidl_generator_c>;/home/tylerjbecker/ros2_ws/src/dhtt_base/knowledge_server/build/knowledge_server/rosidl_generator_c;/home/tylerjbecker/ros2_ws/src/dhtt_base/knowledge_server/build/knowledge_server/rosidl_generator_cpp;/home/tylerjbecker/ros2_ws/src/dhtt_base/knowledge_server/build/knowledge_server/rosidl_typesupport_fastrtps_c;/home/tylerjbecker/ros2_ws/src/dhtt_base/knowledge_server/build/knowledge_server/rosidl_typesupport_fastrtps_cpp;$<BUILD_INTERFACE:/home/tylerjbecker/ros2_ws/src/dhtt_base/knowledge_server/build/knowledge_server/rosidl_typesupport_introspection_c>;$<BUILD_INTERFACE:/home/tylerjbecker/ros2_ws/src/dhtt_base/knowledge_server/build/knowledge_server/rosidl_typesupport_c>;$<BUILD_INTERFACE:/home/tylerjbecker/ros2_ws/src/dhtt_base/knowledge_server/build/knowledge_server/rosidl_generator_cpp>;/home/tylerjbecker/ros2_ws/src/dhtt_base/knowledge_server/build/knowledge_server/rosidl_generator_py
[0.898s] -- Configured cppcheck exclude dirs and/or files: 
[0.901s] -- Added test 'cpplint' to check C / C++ code against the Google style
[0.901s] -- Configured cpplint exclude dirs and/or files: 
[0.901s] -- Added test 'flake8' to check Python code syntax and style conventions
[0.902s] -- Added test 'lint_cmake' to check CMake code style
[0.903s] -- Added test 'pep257' to check Python code against some of the style conventions in PEP 257
[0.905s] -- Added test 'uncrustify' to check C / C++ code style
[0.905s] -- Configured uncrustify additional arguments: 
[0.906s] -- Added test 'xmllint' to check XML markup files
[0.908s] -- Configuring done
[0.923s] -- Generating done
[0.924s] -- Build files have been written to: /home/tylerjbecker/ros2_ws/src/dhtt_base/knowledge_server/build/knowledge_server
[0.930s] Invoked command in '/home/tylerjbecker/ros2_ws/src/dhtt_base/knowledge_server/build/knowledge_server' returned '0': CMAKE_PREFIX_PATH=${CMAKE_PREFIX_PATH}:/opt/ros/foxy /usr/bin/cmake /home/tylerjbecker/ros2_ws/src/dhtt_base/knowledge_server -DCMAKE_INSTALL_PREFIX=/home/tylerjbecker/ros2_ws/src/dhtt_base/knowledge_server/install/knowledge_server
[0.930s] Invoking command in '/home/tylerjbecker/ros2_ws/src/dhtt_base/knowledge_server/build/knowledge_server': CMAKE_PREFIX_PATH=${CMAKE_PREFIX_PATH}:/opt/ros/foxy /usr/bin/cmake --build /home/tylerjbecker/ros2_ws/src/dhtt_base/knowledge_server/build/knowledge_server -- -j24 -l24
[0.949s] [35m[1mScanning dependencies of target knowledge_server__cpp[0m
[0.949s] [  2%] [34m[1mGenerating C code for ROS interfaces[0m
[0.954s] [  4%] [34m[1mGenerating C++ code for ROS interfaces[0m
[1.094s] [  4%] Built target knowledge_server__cpp
[1.096s] [35m[1mScanning dependencies of target knowledge_server__rosidl_generator_c[0m
[1.099s] [  6%] [34m[1mGenerating C++ introspection for ROS interfaces[0m
[1.099s] [  8%] [34m[1mGenerating C++ type support for eProsima Fast-RTPS[0m
[1.099s] [ 10%] [34m[1mGenerating C++ type support dispatch for ROS interfaces[0m
[1.102s] [ 14%] [32mBuilding C object CMakeFiles/knowledge_server__rosidl_generator_c.dir/rosidl_generator_c/knowledge_server/msg/detail/pair__functions.c.o[0m
[1.102s] [ 14%] [32mBuilding C object CMakeFiles/knowledge_server__rosidl_generator_c.dir/rosidl_generator_c/knowledge_server/msg/detail/update__functions.c.o[0m
[1.102s] [ 17%] [32mBuilding C object CMakeFiles/knowledge_server__rosidl_generator_c.dir/rosidl_generator_c/knowledge_server/srv/detail/fetch__functions.c.o[0m
[1.132s] [ 19%] [32m[1mLinking C shared library libknowledge_server__rosidl_generator_c.so[0m
[1.150s] [ 19%] Built target knowledge_server__rosidl_generator_c
[1.155s] [ 23%] [34m[1mGenerating C introspection for ROS interfaces[0m
[1.155s] [ 23%] [34m[1mGenerating C type support dispatch for ROS interfaces[0m
[1.212s] [35m[1mScanning dependencies of target knowledge_server__rosidl_typesupport_cpp[0m
[1.219s] [ 27%] [32mBuilding CXX object CMakeFiles/knowledge_server__rosidl_typesupport_cpp.dir/rosidl_typesupport_cpp/knowledge_server/msg/update__type_support.cpp.o[0m
[1.219s] [ 27%] [32mBuilding CXX object CMakeFiles/knowledge_server__rosidl_typesupport_cpp.dir/rosidl_typesupport_cpp/knowledge_server/msg/pair__type_support.cpp.o[0m
[1.219s] [ 29%] [32mBuilding CXX object CMakeFiles/knowledge_server__rosidl_typesupport_cpp.dir/rosidl_typesupport_cpp/knowledge_server/srv/fetch__type_support.cpp.o[0m
[1.229s] [35m[1mScanning dependencies of target knowledge_server__rosidl_typesupport_introspection_cpp[0m
[1.236s] [ 36%] [32mBuilding CXX object CMakeFiles/knowledge_server__rosidl_typesupport_introspection_cpp.dir/rosidl_typesupport_introspection_cpp/knowledge_server/srv/detail/fetch__type_support.cpp.o[0m
[1.236s] [ 36%] [32mBuilding CXX object CMakeFiles/knowledge_server__rosidl_typesupport_introspection_cpp.dir/rosidl_typesupport_introspection_cpp/knowledge_server/msg/detail/update__type_support.cpp.o[0m
[1.236s] [ 36%] [32mBuilding CXX object CMakeFiles/knowledge_server__rosidl_typesupport_introspection_cpp.dir/rosidl_typesupport_introspection_cpp/knowledge_server/msg/detail/pair__type_support.cpp.o[0m
[1.239s] [35m[1mScanning dependencies of target knowledge_server__rosidl_typesupport_fastrtps_cpp[0m
[1.251s] [ 42%] [32mBuilding CXX object CMakeFiles/knowledge_server__rosidl_typesupport_fastrtps_cpp.dir/rosidl_typesupport_fastrtps_cpp/knowledge_server/msg/detail/dds_fastrtps/update__type_support.cpp.o[0m
[1.251s] [ 42%] [32mBuilding CXX object CMakeFiles/knowledge_server__rosidl_typesupport_fastrtps_cpp.dir/rosidl_typesupport_fastrtps_cpp/knowledge_server/srv/detail/dds_fastrtps/fetch__type_support.cpp.o[0m
[1.251s] [ 42%] [32mBuilding CXX object CMakeFiles/knowledge_server__rosidl_typesupport_fastrtps_cpp.dir/rosidl_typesupport_fastrtps_cpp/knowledge_server/msg/detail/dds_fastrtps/pair__type_support.cpp.o[0m
[1.272s] [35m[1mScanning dependencies of target knowledge_server__rosidl_typesupport_c[0m
[1.279s] [ 44%] [32mBuilding CXX object CMakeFiles/knowledge_server__rosidl_typesupport_c.dir/rosidl_typesupport_c/knowledge_server/msg/pair__type_support.cpp.o[0m
[1.281s] [ 48%] [32mBuilding CXX object CMakeFiles/knowledge_server__rosidl_typesupport_c.dir/rosidl_typesupport_c/knowledge_server/srv/fetch__type_support.cpp.o[0m
[1.282s] [ 48%] [32mBuilding CXX object CMakeFiles/knowledge_server__rosidl_typesupport_c.dir/rosidl_typesupport_c/knowledge_server/msg/update__type_support.cpp.o[0m
[1.292s] [35m[1mScanning dependencies of target knowledge_server__rosidl_typesupport_introspection_c[0m
[1.299s] [ 51%] [32mBuilding C object CMakeFiles/knowledge_server__rosidl_typesupport_introspection_c.dir/rosidl_typesupport_introspection_c/knowledge_server/msg/detail/pair__type_support.c.o[0m
[1.299s] [ 53%] [32mBuilding C object CMakeFiles/knowledge_server__rosidl_typesupport_introspection_c.dir/rosidl_typesupport_introspection_c/knowledge_server/srv/detail/fetch__type_support.c.o[0m
[1.301s] [ 55%] [32mBuilding C object CMakeFiles/knowledge_server__rosidl_typesupport_introspection_c.dir/rosidl_typesupport_introspection_c/knowledge_server/msg/detail/update__type_support.c.o[0m
[1.310s] [ 57%] [32m[1mLinking CXX shared library libknowledge_server__rosidl_typesupport_c.so[0m
[1.328s] [ 59%] [32m[1mLinking C shared library libknowledge_server__rosidl_typesupport_introspection_c.so[0m
[1.337s] [ 59%] Built target knowledge_server__rosidl_typesupport_c
[1.345s] [ 59%] Built target knowledge_server__rosidl_typesupport_introspection_c
[1.346s] [ 61%] [32m[1mLinking CXX shared library libknowledge_server__rosidl_typesupport_cpp.so[0m
[1.367s] [ 61%] Built target knowledge_server__rosidl_typesupport_cpp
[1.435s] [ 63%] [32m[1mLinking CXX shared library libknowledge_server__rosidl_typesupport_introspection_cpp.so[0m
[1.473s] [ 63%] Built target knowledge_server__rosidl_typesupport_introspection_cpp
[1.524s] [ 65%] [32m[1mLinking CXX shared library libknowledge_server__rosidl_typesupport_fastrtps_cpp.so[0m
[1.566s] [ 65%] Built target knowledge_server__rosidl_typesupport_fastrtps_cpp
[1.571s] [ 68%] [34m[1mGenerating C type support for eProsima Fast-RTPS[0m
[1.700s] [35m[1mScanning dependencies of target knowledge_server__rosidl_typesupport_fastrtps_c[0m
[1.708s] [ 70%] [32mBuilding CXX object CMakeFiles/knowledge_server__rosidl_typesupport_fastrtps_c.dir/rosidl_typesupport_fastrtps_c/knowledge_server/msg/detail/pair__type_support_c.cpp.o[0m
[1.708s] [ 72%] [32mBuilding CXX object CMakeFiles/knowledge_server__rosidl_typesupport_fastrtps_c.dir/rosidl_typesupport_fastrtps_c/knowledge_server/msg/detail/update__type_support_c.cpp.o[0m
[1.708s] [ 74%] [32mBuilding CXX object CMakeFiles/knowledge_server__rosidl_typesupport_fastrtps_c.dir/rosidl_typesupport_fastrtps_c/knowledge_server/srv/detail/fetch__type_support_c.cpp.o[0m
[1.863s] [ 76%] [32m[1mLinking CXX shared library libknowledge_server__rosidl_typesupport_fastrtps_c.so[0m
[1.904s] [ 76%] Built target knowledge_server__rosidl_typesupport_fastrtps_c
[1.910s] [35m[1mScanning dependencies of target knowledge_server[0m
[1.915s] [ 76%] Built target knowledge_server
[1.920s] [35m[1mScanning dependencies of target knowledge_server__py[0m
[1.928s] [ 78%] [34m[1mGenerating Python code for ROS interfaces[0m
[2.201s] [ 78%] Built target knowledge_server__py
[2.206s] [35m[1mScanning dependencies of target knowledge_server__python[0m
[2.218s] [ 85%] [32mBuilding C object CMakeFiles/knowledge_server__python.dir/rosidl_generator_py/knowledge_server/msg/_pair_s.c.o[0m
[2.218s] [ 85%] [32mBuilding C object CMakeFiles/knowledge_server__python.dir/rosidl_generator_py/knowledge_server/srv/_fetch_s.c.o[0m
[2.218s] [ 85%] [32mBuilding C object CMakeFiles/knowledge_server__python.dir/rosidl_generator_py/knowledge_server/msg/_update_s.c.o[0m
[2.265s] [ 87%] [32m[1mLinking C shared library rosidl_generator_py/knowledge_server/libknowledge_server__python.so[0m
[2.284s] [ 87%] Built target knowledge_server__python
[2.289s] [35m[1mScanning dependencies of target knowledge_server__rosidl_typesupport_c__pyext[0m
[2.289s] [35m[1mScanning dependencies of target knowledge_server__rosidl_typesupport_introspection_c__pyext[0m
[2.289s] [35m[1mScanning dependencies of target knowledge_server__rosidl_typesupport_fastrtps_c__pyext[0m
[2.298s] [ 89%] [32mBuilding C object CMakeFiles/knowledge_server__rosidl_typesupport_c__pyext.dir/rosidl_generator_py/knowledge_server/_knowledge_server_s.ep.rosidl_typesupport_c.c.o[0m
[2.298s] [ 91%] [32mBuilding C object CMakeFiles/knowledge_server__rosidl_typesupport_introspection_c__pyext.dir/rosidl_generator_py/knowledge_server/_knowledge_server_s.ep.rosidl_typesupport_introspection_c.c.o[0m
[2.298s] [ 93%] [32mBuilding C object CMakeFiles/knowledge_server__rosidl_typesupport_fastrtps_c__pyext.dir/rosidl_generator_py/knowledge_server/_knowledge_server_s.ep.rosidl_typesupport_fastrtps_c.c.o[0m
[2.341s] [100%] [32m[1mLinking CXX shared library rosidl_generator_py/knowledge_server/knowledge_server_s__rosidl_typesupport_fastrtps_c.cpython-38-x86_64-linux-gnu.so[0m
[2.341s] [100%] [32m[1mLinking C shared library rosidl_generator_py/knowledge_server/knowledge_server_s__rosidl_typesupport_c.cpython-38-x86_64-linux-gnu.so[0m
[2.341s] [100%] [32m[1mLinking C shared library rosidl_generator_py/knowledge_server/knowledge_server_s__rosidl_typesupport_introspection_c.cpython-38-x86_64-linux-gnu.so[0m
[2.358s] [100%] Built target knowledge_server__rosidl_typesupport_c__pyext
[2.358s] [100%] Built target knowledge_server__rosidl_typesupport_introspection_c__pyext
[2.371s] [100%] Built target knowledge_server__rosidl_typesupport_fastrtps_c__pyext
[2.377s] Invoked command in '/home/tylerjbecker/ros2_ws/src/dhtt_base/knowledge_server/build/knowledge_server' returned '0': CMAKE_PREFIX_PATH=${CMAKE_PREFIX_PATH}:/opt/ros/foxy /usr/bin/cmake --build /home/tylerjbecker/ros2_ws/src/dhtt_base/knowledge_server/build/knowledge_server -- -j24 -l24
[2.415s] Invoking command in '/home/tylerjbecker/ros2_ws/src/dhtt_base/knowledge_server/build/knowledge_server': CMAKE_PREFIX_PATH=${CMAKE_PREFIX_PATH}:/opt/ros/foxy /usr/bin/cmake --install /home/tylerjbecker/ros2_ws/src/dhtt_base/knowledge_server/build/knowledge_server
[2.418s] -- Install configuration: ""
[2.418s] -- Installing: /home/tylerjbecker/ros2_ws/src/dhtt_base/knowledge_server/install/knowledge_server/share/ament_index/resource_index/rosidl_interfaces/knowledge_server
[2.418s] -- Installing: /home/tylerjbecker/ros2_ws/src/dhtt_base/knowledge_server/install/knowledge_server/include/knowledge_server
[2.418s] -- Installing: /home/tylerjbecker/ros2_ws/src/dhtt_base/knowledge_server/install/knowledge_server/include/knowledge_server/srv
[2.418s] -- Installing: /home/tylerjbecker/ros2_ws/src/dhtt_base/knowledge_server/install/knowledge_server/include/knowledge_server/srv/fetch.h
[2.418s] -- Installing: /home/tylerjbecker/ros2_ws/src/dhtt_base/knowledge_server/install/knowledge_server/include/knowledge_server/srv/detail
[2.418s] -- Installing: /home/tylerjbecker/ros2_ws/src/dhtt_base/knowledge_server/install/knowledge_server/include/knowledge_server/srv/detail/fetch__functions.h
[2.419s] -- Installing: /home/tylerjbecker/ros2_ws/src/dhtt_base/knowledge_server/install/knowledge_server/include/knowledge_server/srv/detail/fetch__functions.c
[2.419s] -- Installing: /home/tylerjbecker/ros2_ws/src/dhtt_base/knowledge_server/install/knowledge_server/include/knowledge_server/srv/detail/fetch__struct.h
[2.419s] -- Installing: /home/tylerjbecker/ros2_ws/src/dhtt_base/knowledge_server/install/knowledge_server/include/knowledge_server/srv/detail/fetch__type_support.h
[2.419s] -- Installing: /home/tylerjbecker/ros2_ws/src/dhtt_base/knowledge_server/install/knowledge_server/include/knowledge_server/msg
[2.419s] -- Installing: /home/tylerjbecker/ros2_ws/src/dhtt_base/knowledge_server/install/knowledge_server/include/knowledge_server/msg/rosidl_generator_c__visibility_control.h
[2.419s] -- Installing: /home/tylerjbecker/ros2_ws/src/dhtt_base/knowledge_server/install/knowledge_server/include/knowledge_server/msg/detail
[2.419s] -- Installing: /home/tylerjbecker/ros2_ws/src/dhtt_base/knowledge_server/install/knowledge_server/include/knowledge_server/msg/detail/pair__functions.c
[2.419s] -- Installing: /home/tylerjbecker/ros2_ws/src/dhtt_base/knowledge_server/install/knowledge_server/include/knowledge_server/msg/detail/update__functions.c
[2.419s] -- Installing: /home/tylerjbecker/ros2_ws/src/dhtt_base/knowledge_server/install/knowledge_server/include/knowledge_server/msg/detail/update__type_support.h
[2.419s] -- Installing: /home/tylerjbecker/ros2_ws/src/dhtt_base/knowledge_server/install/knowledge_server/include/knowledge_server/msg/detail/pair__struct.h
[2.419s] -- Installing: /home/tylerjbecker/ros2_ws/src/dhtt_base/knowledge_server/install/knowledge_server/include/knowledge_server/msg/detail/pair__functions.h
[2.419s] -- Installing: /home/tylerjbecker/ros2_ws/src/dhtt_base/knowledge_server/install/knowledge_server/include/knowledge_server/msg/detail/update__functions.h
[2.419s] -- Installing: /home/tylerjbecker/ros2_ws/src/dhtt_base/knowledge_server/install/knowledge_server/include/knowledge_server/msg/detail/pair__type_support.h
[2.419s] -- Installing: /home/tylerjbecker/ros2_ws/src/dhtt_base/knowledge_server/install/knowledge_server/include/knowledge_server/msg/detail/update__struct.h
[2.420s] -- Installing: /home/tylerjbecker/ros2_ws/src/dhtt_base/knowledge_server/install/knowledge_server/include/knowledge_server/msg/pair.h
[2.420s] -- Installing: /home/tylerjbecker/ros2_ws/src/dhtt_base/knowledge_server/install/knowledge_server/include/knowledge_server/msg/update.h
[2.420s] -- Installing: /home/tylerjbecker/ros2_ws/src/dhtt_base/knowledge_server/install/knowledge_server/share/knowledge_server/environment/library_path.sh
[2.420s] -- Installing: /home/tylerjbecker/ros2_ws/src/dhtt_base/knowledge_server/install/knowledge_server/share/knowledge_server/environment/library_path.dsv
[2.420s] -- Installing: /home/tylerjbecker/ros2_ws/src/dhtt_base/knowledge_server/install/knowledge_server/lib/libknowledge_server__rosidl_generator_c.so
[2.420s] -- Set runtime path of "/home/tylerjbecker/ros2_ws/src/dhtt_base/knowledge_server/install/knowledge_server/lib/libknowledge_server__rosidl_generator_c.so" to ""
[2.420s] -- Up-to-date: /home/tylerjbecker/ros2_ws/src/dhtt_base/knowledge_server/install/knowledge_server/include/knowledge_server
[2.420s] -- Up-to-date: /home/tylerjbecker/ros2_ws/src/dhtt_base/knowledge_server/install/knowledge_server/include/knowledge_server/srv
[2.420s] -- Up-to-date: /home/tylerjbecker/ros2_ws/src/dhtt_base/knowledge_server/install/knowledge_server/include/knowledge_server/srv/detail
[2.420s] -- Installing: /home/tylerjbecker/ros2_ws/src/dhtt_base/knowledge_server/install/knowledge_server/include/knowledge_server/srv/detail/fetch__rosidl_typesupport_fastrtps_c.h
[2.420s] -- Up-to-date: /home/tylerjbecker/ros2_ws/src/dhtt_base/knowledge_server/install/knowledge_server/include/knowledge_server/msg
[2.420s] -- Up-to-date: /home/tylerjbecker/ros2_ws/src/dhtt_base/knowledge_server/install/knowledge_server/include/knowledge_server/msg/detail
[2.420s] -- Installing: /home/tylerjbecker/ros2_ws/src/dhtt_base/knowledge_server/install/knowledge_server/include/knowledge_server/msg/detail/update__rosidl_typesupport_fastrtps_c.h
[2.421s] -- Installing: /home/tylerjbecker/ros2_ws/src/dhtt_base/knowledge_server/install/knowledge_server/include/knowledge_server/msg/detail/pair__rosidl_typesupport_fastrtps_c.h
[2.421s] -- Installing: /home/tylerjbecker/ros2_ws/src/dhtt_base/knowledge_server/install/knowledge_server/include/knowledge_server/msg/rosidl_typesupport_fastrtps_c__visibility_control.h
[2.421s] -- Installing: /home/tylerjbecker/ros2_ws/src/dhtt_base/knowledge_server/install/knowledge_server/lib/libknowledge_server__rosidl_typesupport_fastrtps_c.so
[2.421s] -- Set runtime path of "/home/tylerjbecker/ros2_ws/src/dhtt_base/knowledge_server/install/knowledge_server/lib/libknowledge_server__rosidl_typesupport_fastrtps_c.so" to ""
[2.421s] -- Up-to-date: /home/tylerjbecker/ros2_ws/src/dhtt_base/knowledge_server/install/knowledge_server/include/knowledge_server
[2.421s] -- Up-to-date: /home/tylerjbecker/ros2_ws/src/dhtt_base/knowledge_server/install/knowledge_server/include/knowledge_server/srv
[2.421s] -- Up-to-date: /home/tylerjbecker/ros2_ws/src/dhtt_base/knowledge_server/install/knowledge_server/include/knowledge_server/srv/detail
[2.421s] -- Installing: /home/tylerjbecker/ros2_ws/src/dhtt_base/knowledge_server/install/knowledge_server/include/knowledge_server/srv/detail/fetch__rosidl_typesupport_fastrtps_cpp.hpp
[2.421s] -- Installing: /home/tylerjbecker/ros2_ws/src/dhtt_base/knowledge_server/install/knowledge_server/include/knowledge_server/srv/detail/dds_fastrtps
[2.421s] -- Up-to-date: /home/tylerjbecker/ros2_ws/src/dhtt_base/knowledge_server/install/knowledge_server/include/knowledge_server/msg
[2.421s] -- Up-to-date: /home/tylerjbecker/ros2_ws/src/dhtt_base/knowledge_server/install/knowledge_server/include/knowledge_server/msg/detail
[2.421s] -- Installing: /home/tylerjbecker/ros2_ws/src/dhtt_base/knowledge_server/install/knowledge_server/include/knowledge_server/msg/detail/update__rosidl_typesupport_fastrtps_cpp.hpp
[2.421s] -- Installing: /home/tylerjbecker/ros2_ws/src/dhtt_base/knowledge_server/install/knowledge_server/include/knowledge_server/msg/detail/pair__rosidl_typesupport_fastrtps_cpp.hpp
[2.422s] -- Installing: /home/tylerjbecker/ros2_ws/src/dhtt_base/knowledge_server/install/knowledge_server/include/knowledge_server/msg/detail/dds_fastrtps
[2.422s] -- Installing: /home/tylerjbecker/ros2_ws/src/dhtt_base/knowledge_server/install/knowledge_server/include/knowledge_server/msg/rosidl_typesupport_fastrtps_cpp__visibility_control.h
[2.422s] -- Installing: /home/tylerjbecker/ros2_ws/src/dhtt_base/knowledge_server/install/knowledge_server/lib/libknowledge_server__rosidl_typesupport_fastrtps_cpp.so
[2.422s] -- Set runtime path of "/home/tylerjbecker/ros2_ws/src/dhtt_base/knowledge_server/install/knowledge_server/lib/libknowledge_server__rosidl_typesupport_fastrtps_cpp.so" to ""
[2.422s] -- Up-to-date: /home/tylerjbecker/ros2_ws/src/dhtt_base/knowledge_server/install/knowledge_server/include/knowledge_server
[2.422s] -- Up-to-date: /home/tylerjbecker/ros2_ws/src/dhtt_base/knowledge_server/install/knowledge_server/include/knowledge_server/srv
[2.422s] -- Up-to-date: /home/tylerjbecker/ros2_ws/src/dhtt_base/knowledge_server/install/knowledge_server/include/knowledge_server/srv/detail
[2.422s] -- Installing: /home/tylerjbecker/ros2_ws/src/dhtt_base/knowledge_server/install/knowledge_server/include/knowledge_server/srv/detail/fetch__rosidl_typesupport_introspection_c.h
[2.422s] -- Installing: /home/tylerjbecker/ros2_ws/src/dhtt_base/knowledge_server/install/knowledge_server/include/knowledge_server/srv/detail/fetch__type_support.c
[2.422s] -- Up-to-date: /home/tylerjbecker/ros2_ws/src/dhtt_base/knowledge_server/install/knowledge_server/include/knowledge_server/msg
[2.422s] -- Installing: /home/tylerjbecker/ros2_ws/src/dhtt_base/knowledge_server/install/knowledge_server/include/knowledge_server/msg/rosidl_typesupport_introspection_c__visibility_control.h
[2.422s] -- Up-to-date: /home/tylerjbecker/ros2_ws/src/dhtt_base/knowledge_server/install/knowledge_server/include/knowledge_server/msg/detail
[2.422s] -- Installing: /home/tylerjbecker/ros2_ws/src/dhtt_base/knowledge_server/install/knowledge_server/include/knowledge_server/msg/detail/pair__rosidl_typesupport_introspection_c.h
[2.422s] -- Installing: /home/tylerjbecker/ros2_ws/src/dhtt_base/knowledge_server/install/knowledge_server/include/knowledge_server/msg/detail/update__rosidl_typesupport_introspection_c.h
[2.423s] -- Installing: /home/tylerjbecker/ros2_ws/src/dhtt_base/knowledge_server/install/knowledge_server/include/knowledge_server/msg/detail/update__type_support.c
[2.423s] -- Installing: /home/tylerjbecker/ros2_ws/src/dhtt_base/knowledge_server/install/knowledge_server/include/knowledge_server/msg/detail/pair__type_support.c
[2.423s] -- Installing: /home/tylerjbecker/ros2_ws/src/dhtt_base/knowledge_server/install/knowledge_server/lib/libknowledge_server__rosidl_typesupport_introspection_c.so
[2.423s] -- Set runtime path of "/home/tylerjbecker/ros2_ws/src/dhtt_base/knowledge_server/install/knowledge_server/lib/libknowledge_server__rosidl_typesupport_introspection_c.so" to ""
[2.423s] -- Installing: /home/tylerjbecker/ros2_ws/src/dhtt_base/knowledge_server/install/knowledge_server/lib/libknowledge_server__rosidl_typesupport_c.so
[2.423s] -- Set runtime path of "/home/tylerjbecker/ros2_ws/src/dhtt_base/knowledge_server/install/knowledge_server/lib/libknowledge_server__rosidl_typesupport_c.so" to ""
[2.423s] -- Up-to-date: /home/tylerjbecker/ros2_ws/src/dhtt_base/knowledge_server/install/knowledge_server/include/knowledge_server
[2.423s] -- Up-to-date: /home/tylerjbecker/ros2_ws/src/dhtt_base/knowledge_server/install/knowledge_server/include/knowledge_server/srv
[2.423s] -- Up-to-date: /home/tylerjbecker/ros2_ws/src/dhtt_base/knowledge_server/install/knowledge_server/include/knowledge_server/srv/detail
[2.423s] -- Installing: /home/tylerjbecker/ros2_ws/src/dhtt_base/knowledge_server/install/knowledge_server/include/knowledge_server/srv/detail/fetch__traits.hpp
[2.423s] -- Installing: /home/tylerjbecker/ros2_ws/src/dhtt_base/knowledge_server/install/knowledge_server/include/knowledge_server/srv/detail/fetch__builder.hpp
[2.423s] -- Installing: /home/tylerjbecker/ros2_ws/src/dhtt_base/knowledge_server/install/knowledge_server/include/knowledge_server/srv/detail/fetch__struct.hpp
[2.423s] -- Installing: /home/tylerjbecker/ros2_ws/src/dhtt_base/knowledge_server/install/knowledge_server/include/knowledge_server/srv/detail/fetch__type_support.hpp
[2.423s] -- Installing: /home/tylerjbecker/ros2_ws/src/dhtt_base/knowledge_server/install/knowledge_server/include/knowledge_server/srv/fetch.hpp
[2.423s] -- Up-to-date: /home/tylerjbecker/ros2_ws/src/dhtt_base/knowledge_server/install/knowledge_server/include/knowledge_server/msg
[2.424s] -- Up-to-date: /home/tylerjbecker/ros2_ws/src/dhtt_base/knowledge_server/install/knowledge_server/include/knowledge_server/msg/detail
[2.424s] -- Installing: /home/tylerjbecker/ros2_ws/src/dhtt_base/knowledge_server/install/knowledge_server/include/knowledge_server/msg/detail/update__builder.hpp
[2.424s] -- Installing: /home/tylerjbecker/ros2_ws/src/dhtt_base/knowledge_server/install/knowledge_server/include/knowledge_server/msg/detail/update__type_support.hpp
[2.424s] -- Installing: /home/tylerjbecker/ros2_ws/src/dhtt_base/knowledge_server/install/knowledge_server/include/knowledge_server/msg/detail/update__struct.hpp
[2.424s] -- Installing: /home/tylerjbecker/ros2_ws/src/dhtt_base/knowledge_server/install/knowledge_server/include/knowledge_server/msg/detail/update__traits.hpp
[2.424s] -- Installing: /home/tylerjbecker/ros2_ws/src/dhtt_base/knowledge_server/install/knowledge_server/include/knowledge_server/msg/detail/pair__struct.hpp
[2.424s] -- Installing: /home/tylerjbecker/ros2_ws/src/dhtt_base/knowledge_server/install/knowledge_server/include/knowledge_server/msg/detail/pair__builder.hpp
[2.424s] -- Installing: /home/tylerjbecker/ros2_ws/src/dhtt_base/knowledge_server/install/knowledge_server/include/knowledge_server/msg/detail/pair__type_support.hpp
[2.424s] -- Installing: /home/tylerjbecker/ros2_ws/src/dhtt_base/knowledge_server/install/knowledge_server/include/knowledge_server/msg/detail/pair__traits.hpp
[2.424s] -- Installing: /home/tylerjbecker/ros2_ws/src/dhtt_base/knowledge_server/install/knowledge_server/include/knowledge_server/msg/update.hpp
[2.424s] -- Installing: /home/tylerjbecker/ros2_ws/src/dhtt_base/knowledge_server/install/knowledge_server/include/knowledge_server/msg/rosidl_generator_cpp__visibility_control.hpp
[2.424s] -- Installing: /home/tylerjbecker/ros2_ws/src/dhtt_base/knowledge_server/install/knowledge_server/include/knowledge_server/msg/pair.hpp
[2.424s] -- Up-to-date: /home/tylerjbecker/ros2_ws/src/dhtt_base/knowledge_server/install/knowledge_server/include/knowledge_server
[2.424s] -- Up-to-date: /home/tylerjbecker/ros2_ws/src/dhtt_base/knowledge_server/install/knowledge_server/include/knowledge_server/srv
[2.424s] -- Up-to-date: /home/tylerjbecker/ros2_ws/src/dhtt_base/knowledge_server/install/knowledge_server/include/knowledge_server/srv/detail
[2.424s] -- Installing: /home/tylerjbecker/ros2_ws/src/dhtt_base/knowledge_server/install/knowledge_server/include/knowledge_server/srv/detail/fetch__type_support.cpp
[2.425s] -- Installing: /home/tylerjbecker/ros2_ws/src/dhtt_base/knowledge_server/install/knowledge_server/include/knowledge_server/srv/detail/fetch__rosidl_typesupport_introspection_cpp.hpp
[2.425s] -- Up-to-date: /home/tylerjbecker/ros2_ws/src/dhtt_base/knowledge_server/install/knowledge_server/include/knowledge_server/msg
[2.425s] -- Up-to-date: /home/tylerjbecker/ros2_ws/src/dhtt_base/knowledge_server/install/knowledge_server/include/knowledge_server/msg/detail
[2.425s] -- Installing: /home/tylerjbecker/ros2_ws/src/dhtt_base/knowledge_server/install/knowledge_server/include/knowledge_server/msg/detail/pair__type_support.cpp
[2.425s] -- Installing: /home/tylerjbecker/ros2_ws/src/dhtt_base/knowledge_server/install/knowledge_server/include/knowledge_server/msg/detail/pair__rosidl_typesupport_introspection_cpp.hpp
[2.425s] -- Installing: /home/tylerjbecker/ros2_ws/src/dhtt_base/knowledge_server/install/knowledge_server/include/knowledge_server/msg/detail/update__type_support.cpp
[2.425s] -- Installing: /home/tylerjbecker/ros2_ws/src/dhtt_base/knowledge_server/install/knowledge_server/include/knowledge_server/msg/detail/update__rosidl_typesupport_introspection_cpp.hpp
[2.425s] -- Installing: /home/tylerjbecker/ros2_ws/src/dhtt_base/knowledge_server/install/knowledge_server/lib/libknowledge_server__rosidl_typesupport_introspection_cpp.so
[2.425s] -- Set runtime path of "/home/tylerjbecker/ros2_ws/src/dhtt_base/knowledge_server/install/knowledge_server/lib/libknowledge_server__rosidl_typesupport_introspection_cpp.so" to ""
[2.425s] -- Installing: /home/tylerjbecker/ros2_ws/src/dhtt_base/knowledge_server/install/knowledge_server/lib/libknowledge_server__rosidl_typesupport_cpp.so
[2.425s] -- Set runtime path of "/home/tylerjbecker/ros2_ws/src/dhtt_base/knowledge_server/install/knowledge_server/lib/libknowledge_server__rosidl_typesupport_cpp.so" to ""
[2.425s] -- Installing: /home/tylerjbecker/ros2_ws/src/dhtt_base/knowledge_server/install/knowledge_server/share/knowledge_server/environment/pythonpath.sh
[2.425s] -- Installing: /home/tylerjbecker/ros2_ws/src/dhtt_base/knowledge_server/install/knowledge_server/share/knowledge_server/environment/pythonpath.dsv
[2.425s] -- Installing: /home/tylerjbecker/ros2_ws/src/dhtt_base/knowledge_server/install/knowledge_server/lib/python3.8/site-packages/knowledge_server/__init__.py
[2.438s] Compiling '/home/tylerjbecker/ros2_ws/src/dhtt_base/knowledge_server/install/knowledge_server/lib/python3.8/site-packages/knowledge_server/__init__.py'...
[2.440s] -- Installing: /home/tylerjbecker/ros2_ws/src/dhtt_base/knowledge_server/install/knowledge_server/lib/python3.8/site-packages/knowledge_server/msg
[2.440s] -- Installing: /home/tylerjbecker/ros2_ws/src/dhtt_base/knowledge_server/install/knowledge_server/lib/python3.8/site-packages/knowledge_server/msg/_update.py
[2.440s] -- Installing: /home/tylerjbecker/ros2_ws/src/dhtt_base/knowledge_server/install/knowledge_server/lib/python3.8/site-packages/knowledge_server/msg/_pair.py
[2.440s] -- Installing: /home/tylerjbecker/ros2_ws/src/dhtt_base/knowledge_server/install/knowledge_server/lib/python3.8/site-packages/knowledge_server/msg/__init__.py
[2.440s] -- Installing: /home/tylerjbecker/ros2_ws/src/dhtt_base/knowledge_server/install/knowledge_server/lib/python3.8/site-packages/knowledge_server/msg/_pair_s.c
[2.440s] -- Installing: /home/tylerjbecker/ros2_ws/src/dhtt_base/knowledge_server/install/knowledge_server/lib/python3.8/site-packages/knowledge_server/msg/_update_s.c
[2.440s] -- Installing: /home/tylerjbecker/ros2_ws/src/dhtt_base/knowledge_server/install/knowledge_server/lib/python3.8/site-packages/knowledge_server/srv
[2.440s] -- Installing: /home/tylerjbecker/ros2_ws/src/dhtt_base/knowledge_server/install/knowledge_server/lib/python3.8/site-packages/knowledge_server/srv/_fetch_s.c
[2.440s] -- Installing: /home/tylerjbecker/ros2_ws/src/dhtt_base/knowledge_server/install/knowledge_server/lib/python3.8/site-packages/knowledge_server/srv/__init__.py
[2.440s] -- Installing: /home/tylerjbecker/ros2_ws/src/dhtt_base/knowledge_server/install/knowledge_server/lib/python3.8/site-packages/knowledge_server/srv/_fetch.py
[2.440s] -- Installing: /home/tylerjbecker/ros2_ws/src/dhtt_base/knowledge_server/install/knowledge_server/lib/python3.8/site-packages/knowledge_server/knowledge_server_s__rosidl_typesupport_fastrtps_c.cpython-38-x86_64-linux-gnu.so
[2.440s] -- Set runtime path of "/home/tylerjbecker/ros2_ws/src/dhtt_base/knowledge_server/install/knowledge_server/lib/python3.8/site-packages/knowledge_server/knowledge_server_s__rosidl_typesupport_fastrtps_c.cpython-38-x86_64-linux-gnu.so" to ""
[2.441s] -- Installing: /home/tylerjbecker/ros2_ws/src/dhtt_base/knowledge_server/install/knowledge_server/lib/python3.8/site-packages/knowledge_server/knowledge_server_s__rosidl_typesupport_introspection_c.cpython-38-x86_64-linux-gnu.so
[2.441s] -- Set runtime path of "/home/tylerjbecker/ros2_ws/src/dhtt_base/knowledge_server/install/knowledge_server/lib/python3.8/site-packages/knowledge_server/knowledge_server_s__rosidl_typesupport_introspection_c.cpython-38-x86_64-linux-gnu.so" to ""
[2.441s] -- Installing: /home/tylerjbecker/ros2_ws/src/dhtt_base/knowledge_server/install/knowledge_server/lib/python3.8/site-packages/knowledge_server/knowledge_server_s__rosidl_typesupport_c.cpython-38-x86_64-linux-gnu.so
[2.441s] -- Set runtime path of "/home/tylerjbecker/ros2_ws/src/dhtt_base/knowledge_server/install/knowledge_server/lib/python3.8/site-packages/knowledge_server/knowledge_server_s__rosidl_typesupport_c.cpython-38-x86_64-linux-gnu.so" to ""
[2.441s] -- Installing: /home/tylerjbecker/ros2_ws/src/dhtt_base/knowledge_server/install/knowledge_server/lib/libknowledge_server__python.so
[2.441s] -- Set runtime path of "/home/tylerjbecker/ros2_ws/src/dhtt_base/knowledge_server/install/knowledge_server/lib/libknowledge_server__python.so" to ""
[2.441s] -- Installing: /home/tylerjbecker/ros2_ws/src/dhtt_base/knowledge_server/install/knowledge_server/share/knowledge_server/msg/Pair.idl
[2.441s] -- Installing: /home/tylerjbecker/ros2_ws/src/dhtt_base/knowledge_server/install/knowledge_server/share/knowledge_server/msg/Update.idl
[2.441s] -- Installing: /home/tylerjbecker/ros2_ws/src/dhtt_base/knowledge_server/install/knowledge_server/share/knowledge_server/srv/Fetch.idl
[2.441s] -- Installing: /home/tylerjbecker/ros2_ws/src/dhtt_base/knowledge_server/install/knowledge_server/share/knowledge_server/msg/Pair.msg
[2.441s] -- Installing: /home/tylerjbecker/ros2_ws/src/dhtt_base/knowledge_server/install/knowledge_server/share/knowledge_server/msg/Update.msg
[2.441s] -- Installing: /home/tylerjbecker/ros2_ws/src/dhtt_base/knowledge_server/install/knowledge_server/share/knowledge_server/srv/Fetch.srv
[2.442s] -- Installing: /home/tylerjbecker/ros2_ws/src/dhtt_base/knowledge_server/install/knowledge_server/share/knowledge_server/srv/Fetch_Request.msg
[2.442s] -- Installing: /home/tylerjbecker/ros2_ws/src/dhtt_base/knowledge_server/install/knowledge_server/share/knowledge_server/srv/Fetch_Response.msg
[2.442s] -- Installing: /home/tylerjbecker/ros2_ws/src/dhtt_base/knowledge_server/install/knowledge_server/share/ament_index/resource_index/package_run_dependencies/knowledge_server
[2.442s] -- Installing: /home/tylerjbecker/ros2_ws/src/dhtt_base/knowledge_server/install/knowledge_server/share/ament_index/resource_index/parent_prefix_path/knowledge_server
[2.442s] -- Installing: /home/tylerjbecker/ros2_ws/src/dhtt_base/knowledge_server/install/knowledge_server/share/knowledge_server/environment/ament_prefix_path.sh
[2.442s] -- Installing: /home/tylerjbecker/ros2_ws/src/dhtt_base/knowledge_server/install/knowledge_server/share/knowledge_server/environment/ament_prefix_path.dsv
[2.442s] -- Installing: /home/tylerjbecker/ros2_ws/src/dhtt_base/knowledge_server/install/knowledge_server/share/knowledge_server/environment/path.sh
[2.442s] -- Installing: /home/tylerjbecker/ros2_ws/src/dhtt_base/knowledge_server/install/knowledge_server/share/knowledge_server/environment/path.dsv
[2.442s] -- Installing: /home/tylerjbecker/ros2_ws/src/dhtt_base/knowledge_server/install/knowledge_server/share/knowledge_server/local_setup.bash
[2.442s] -- Installing: /home/tylerjbecker/ros2_ws/src/dhtt_base/knowledge_server/install/knowledge_server/share/knowledge_server/local_setup.sh
[2.442s] -- Installing: /home/tylerjbecker/ros2_ws/src/dhtt_base/knowledge_server/install/knowledge_server/share/knowledge_server/local_setup.zsh
[2.442s] -- Installing: /home/tylerjbecker/ros2_ws/src/dhtt_base/knowledge_server/install/knowledge_server/share/knowledge_server/local_setup.dsv
[2.442s] -- Installing: /home/tylerjbecker/ros2_ws/src/dhtt_base/knowledge_server/install/knowledge_server/share/knowledge_server/package.dsv
[2.442s] -- Installing: /home/tylerjbecker/ros2_ws/src/dhtt_base/knowledge_server/install/knowledge_server/share/ament_index/resource_index/packages/knowledge_server
[2.442s] -- Installing: /home/tylerjbecker/ros2_ws/src/dhtt_base/knowledge_server/install/knowledge_server/share/knowledge_server/cmake/knowledge_server__rosidl_generator_cExport.cmake
[2.442s] -- Installing: /home/tylerjbecker/ros2_ws/src/dhtt_base/knowledge_server/install/knowledge_server/share/knowledge_server/cmake/knowledge_server__rosidl_generator_cExport-noconfig.cmake
[2.442s] -- Installing: /home/tylerjbecker/ros2_ws/src/dhtt_base/knowledge_server/install/knowledge_server/share/knowledge_server/cmake/knowledge_server__rosidl_typesupport_introspection_cExport.cmake
[2.442s] -- Installing: /home/tylerjbecker/ros2_ws/src/dhtt_base/knowledge_server/install/knowledge_server/share/knowledge_server/cmake/knowledge_server__rosidl_typesupport_introspection_cExport-noconfig.cmake
[2.442s] -- Installing: /home/tylerjbecker/ros2_ws/src/dhtt_base/knowledge_server/install/knowledge_server/share/knowledge_server/cmake/knowledge_server__rosidl_typesupport_cExport.cmake
[2.442s] -- Installing: /home/tylerjbecker/ros2_ws/src/dhtt_base/knowledge_server/install/knowledge_server/share/knowledge_server/cmake/knowledge_server__rosidl_typesupport_cExport-noconfig.cmake
[2.443s] -- Installing: /home/tylerjbecker/ros2_ws/src/dhtt_base/knowledge_server/install/knowledge_server/share/knowledge_server/cmake/knowledge_server__rosidl_generator_cppExport.cmake
[2.443s] -- Installing: /home/tylerjbecker/ros2_ws/src/dhtt_base/knowledge_server/install/knowledge_server/share/knowledge_server/cmake/knowledge_server__rosidl_typesupport_introspection_cppExport.cmake
[2.443s] -- Installing: /home/tylerjbecker/ros2_ws/src/dhtt_base/knowledge_server/install/knowledge_server/share/knowledge_server/cmake/knowledge_server__rosidl_typesupport_introspection_cppExport-noconfig.cmake
[2.443s] -- Installing: /home/tylerjbecker/ros2_ws/src/dhtt_base/knowledge_server/install/knowledge_server/share/knowledge_server/cmake/knowledge_server__rosidl_typesupport_cppExport.cmake
[2.443s] -- Installing: /home/tylerjbecker/ros2_ws/src/dhtt_base/knowledge_server/install/knowledge_server/share/knowledge_server/cmake/knowledge_server__rosidl_typesupport_cppExport-noconfig.cmake
[2.443s] -- Installing: /home/tylerjbecker/ros2_ws/src/dhtt_base/knowledge_server/install/knowledge_server/share/knowledge_server/cmake/rosidl_cmake-extras.cmake
[2.443s] -- Installing: /home/tylerjbecker/ros2_ws/src/dhtt_base/knowledge_server/install/knowledge_server/share/knowledge_server/cmake/ament_cmake_export_dependencies-extras.cmake
[2.443s] -- Installing: /home/tylerjbecker/ros2_ws/src/dhtt_base/knowledge_server/install/knowledge_server/share/knowledge_server/cmake/ament_cmake_export_libraries-extras.cmake
[2.443s] -- Installing: /home/tylerjbecker/ros2_ws/src/dhtt_base/knowledge_server/install/knowledge_server/share/knowledge_server/cmake/ament_cmake_export_targets-extras.cmake
[2.443s] -- Installing: /home/tylerjbecker/ros2_ws/src/dhtt_base/knowledge_server/install/knowledge_server/share/knowledge_server/cmake/ament_cmake_export_include_directories-extras.cmake
[2.443s] -- Installing: /home/tylerjbecker/ros2_ws/src/dhtt_base/knowledge_server/install/knowledge_server/share/knowledge_server/cmake/rosidl_cmake_export_typesupport_libraries-extras.cmake
[2.443s] -- Installing: /home/tylerjbecker/ros2_ws/src/dhtt_base/knowledge_server/install/knowledge_server/share/knowledge_server/cmake/rosidl_cmake_export_typesupport_targets-extras.cmake
[2.443s] -- Installing: /home/tylerjbecker/ros2_ws/src/dhtt_base/knowledge_server/install/knowledge_server/share/knowledge_server/cmake/knowledge_serverConfig.cmake
[2.443s] -- Installing: /home/tylerjbecker/ros2_ws/src/dhtt_base/knowledge_server/install/knowledge_server/share/knowledge_server/cmake/knowledge_serverConfig-version.cmake
[2.443s] -- Installing: /home/tylerjbecker/ros2_ws/src/dhtt_base/knowledge_server/install/knowledge_server/share/knowledge_server/package.xml
[2.444s] Invoked command in '/home/tylerjbecker/ros2_ws/src/dhtt_base/knowledge_server/build/knowledge_server' returned '0': CMAKE_PREFIX_PATH=${CMAKE_PREFIX_PATH}:/opt/ros/foxy /usr/bin/cmake --install /home/tylerjbecker/ros2_ws/src/dhtt_base/knowledge_server/build/knowledge_server
