[0.985s] DEBUG:colcon:Command line arguments: ['/usr/bin/colcon', 'build']
[0.985s] DEBUG:colcon:Parsed command line arguments: Namespace(allow_overriding=[], ament_cmake_args=None, base_paths=['.'], build_base='build', catkin_cmake_args=None, catkin_skip_building_tests=False, cmake_args=None, cmake_clean_cache=False, cmake_clean_first=False, cmake_force_configure=False, cmake_target=None, cmake_target_skip_unavailable=False, continue_on_error=False, event_handlers=None, executor='parallel', ignore_user_meta=False, install_base='install', log_base=None, log_level=None, main=<bound method BuildVerb.main of <colcon_core.verb.build.BuildVerb object at 0x7fa2db380940>>, merge_install=False, metas=['./colcon.meta'], packages_above=None, packages_above_and_dependencies=None, packages_above_depth=None, packages_end=None, packages_ignore=None, packages_ignore_regex=None, packages_select=None, packages_select_build_failed=False, packages_select_by_dep=None, packages_select_regex=None, packages_select_test_failures=False, packages_skip=None, packages_skip_build_finished=False, packages_skip_by_dep=None, packages_skip_regex=None, packages_skip_test_passed=False, packages_skip_up_to=None, packages_start=None, packages_up_to=None, packages_up_to_regex=None, parallel_workers=24, paths=None, symlink_install=False, test_result_base=None, verb_extension=<colcon_core.verb.build.BuildVerb object at 0x7fa2db380940>, verb_name='build', verb_parser=<colcon_defaults.argument_parser.defaults.DefaultArgumentsDecorator object at 0x7fa2db04bc40>)
[1.025s] Level 1:colcon.colcon_core.package_discovery:discover_packages(colcon_meta) check parameters
[1.026s] Level 1:colcon.colcon_core.package_discovery:discover_packages(recursive) check parameters
[1.026s] Level 1:colcon.colcon_core.package_discovery:discover_packages(ignore) check parameters
[1.026s] Level 1:colcon.colcon_core.package_discovery:discover_packages(path) check parameters
[1.026s] Level 1:colcon.colcon_core.package_discovery:discover_packages(colcon_meta) discover
[1.026s] Level 1:colcon.colcon_core.package_discovery:discover_packages(recursive) discover
[1.026s] INFO:colcon.colcon_core.package_discovery:Crawling recursively for packages in '/home/tylerjbecker/ros2_ws/src/dhtt_base/knowledge_server'
[1.026s] Level 1:colcon.colcon_core.package_identification:_identify(.) by extensions ['ignore', 'ignore_ament_install']
[1.026s] Level 1:colcon.colcon_core.package_identification:_identify(.) by extension 'ignore'
[1.026s] Level 1:colcon.colcon_core.package_identification:_identify(.) by extension 'ignore_ament_install'
[1.026s] Level 1:colcon.colcon_core.package_identification:_identify(.) by extensions ['colcon_pkg']
[1.026s] Level 1:colcon.colcon_core.package_identification:_identify(.) by extension 'colcon_pkg'
[1.026s] Level 1:colcon.colcon_core.package_identification:_identify(.) by extensions ['colcon_meta']
[1.026s] Level 1:colcon.colcon_core.package_identification:_identify(.) by extension 'colcon_meta'
[1.026s] Level 1:colcon.colcon_core.package_identification:_identify(.) by extensions ['ros']
[1.026s] Level 1:colcon.colcon_core.package_identification:_identify(.) by extension 'ros'
[1.037s] DEBUG:colcon.colcon_core.package_identification:Package '.' with type 'ros.ament_cmake' and name 'knowledge_server'
[1.037s] Level 1:colcon.colcon_core.package_discovery:discover_packages(recursive) using defaults
[1.037s] Level 1:colcon.colcon_core.package_discovery:discover_packages(ignore) discover
[1.037s] Level 1:colcon.colcon_core.package_discovery:discover_packages(ignore) using defaults
[1.037s] Level 1:colcon.colcon_core.package_discovery:discover_packages(path) discover
[1.037s] Level 1:colcon.colcon_core.package_discovery:discover_packages(path) using defaults
[1.126s] Level 1:colcon.colcon_core.package_discovery:discover_packages(prefix_path) check parameters
[1.126s] Level 1:colcon.colcon_core.package_discovery:discover_packages(prefix_path) discover
[1.143s] WARNING:colcon.colcon_ros.prefix_path.ament:The path '/home/tylerjbecker/ros2_ws/install/ros1_bridge' in the environment variable AMENT_PREFIX_PATH doesn't exist
[1.143s] WARNING:colcon.colcon_ros.prefix_path.ament:The path '/home/tylerjbecker/ros2_ws/install/knowledge_server' in the environment variable AMENT_PREFIX_PATH doesn't exist
[1.143s] WARNING:colcon.colcon_ros.prefix_path.catkin:The path '/home/tylerjbecker/ros2_ws/install/knowledge_server' in the environment variable CMAKE_PREFIX_PATH doesn't exist
[1.143s] WARNING:colcon.colcon_ros.prefix_path.catkin:The path '/home/tylerjbecker/ros2_ws/install/ros1_bridge' in the environment variable CMAKE_PREFIX_PATH doesn't exist
[1.160s] DEBUG:colcon.colcon_installed_package_information.package_discovery:Found 3 installed packages in /home/tylerjbecker/ros2_ws/install
[1.185s] DEBUG:colcon.colcon_installed_package_information.package_discovery:Found 256 installed packages in /opt/ros/foxy
[1.186s] Level 1:colcon.colcon_core.package_discovery:discover_packages(prefix_path) using defaults
[1.248s] Level 5:colcon.colcon_core.verb:set package 'knowledge_server' build argument 'cmake_args' from command line to 'None'
[1.248s] Level 5:colcon.colcon_core.verb:set package 'knowledge_server' build argument 'cmake_target' from command line to 'None'
[1.248s] Level 5:colcon.colcon_core.verb:set package 'knowledge_server' build argument 'cmake_target_skip_unavailable' from command line to 'False'
[1.248s] Level 5:colcon.colcon_core.verb:set package 'knowledge_server' build argument 'cmake_clean_cache' from command line to 'False'
[1.248s] Level 5:colcon.colcon_core.verb:set package 'knowledge_server' build argument 'cmake_clean_first' from command line to 'False'
[1.248s] Level 5:colcon.colcon_core.verb:set package 'knowledge_server' build argument 'cmake_force_configure' from command line to 'False'
[1.248s] Level 5:colcon.colcon_core.verb:set package 'knowledge_server' build argument 'ament_cmake_args' from command line to 'None'
[1.248s] Level 5:colcon.colcon_core.verb:set package 'knowledge_server' build argument 'catkin_cmake_args' from command line to 'None'
[1.248s] Level 5:colcon.colcon_core.verb:set package 'knowledge_server' build argument 'catkin_skip_building_tests' from command line to 'False'
[1.248s] DEBUG:colcon.colcon_core.verb:Building package 'knowledge_server' with the following arguments: {'ament_cmake_args': None, 'build_base': '/home/tylerjbecker/ros2_ws/src/dhtt_base/knowledge_server/build/knowledge_server', 'catkin_cmake_args': None, 'catkin_skip_building_tests': False, 'cmake_args': None, 'cmake_clean_cache': False, 'cmake_clean_first': False, 'cmake_force_configure': False, 'cmake_target': None, 'cmake_target_skip_unavailable': False, 'install_base': '/home/tylerjbecker/ros2_ws/src/dhtt_base/knowledge_server/install/knowledge_server', 'merge_install': False, 'path': '/home/tylerjbecker/ros2_ws/src/dhtt_base/knowledge_server', 'symlink_install': False, 'test_result_base': None}
[1.264s] INFO:colcon.colcon_core.executor:Executing jobs using 'parallel' executor
[1.280s] DEBUG:colcon.colcon_parallel_executor.executor.parallel:run_until_complete
[1.281s] INFO:colcon.colcon_ros.task.ament_cmake.build:Building ROS package in '/home/tylerjbecker/ros2_ws/src/dhtt_base/knowledge_server' with build type 'ament_cmake'
[1.281s] INFO:colcon.colcon_cmake.task.cmake.build:Building CMake package in '/home/tylerjbecker/ros2_ws/src/dhtt_base/knowledge_server'
[1.298s] INFO:colcon.colcon_core.plugin_system:Skipping extension 'colcon_core.shell.bat': Not used on non-Windows systems
[1.298s] INFO:colcon.colcon_core.shell:Skip shell extension 'powershell' for command environment: Not usable outside of PowerShell
[1.298s] DEBUG:colcon.colcon_core.shell:Skip shell extension 'dsv' for command environment
[1.354s] DEBUG:colcon.colcon_core.event_handler.log_command:Invoking command in '/home/tylerjbecker/ros2_ws/src/dhtt_base/knowledge_server/build/knowledge_server': CMAKE_PREFIX_PATH=${CMAKE_PREFIX_PATH}:/opt/ros/foxy /usr/bin/cmake /home/tylerjbecker/ros2_ws/src/dhtt_base/knowledge_server -DCMAKE_INSTALL_PREFIX=/home/tylerjbecker/ros2_ws/src/dhtt_base/knowledge_server/install/knowledge_server
[2.211s] DEBUG:colcon.colcon_core.event_handler.log_command:Invoked command in '/home/tylerjbecker/ros2_ws/src/dhtt_base/knowledge_server/build/knowledge_server' returned '0': CMAKE_PREFIX_PATH=${CMAKE_PREFIX_PATH}:/opt/ros/foxy /usr/bin/cmake /home/tylerjbecker/ros2_ws/src/dhtt_base/knowledge_server -DCMAKE_INSTALL_PREFIX=/home/tylerjbecker/ros2_ws/src/dhtt_base/knowledge_server/install/knowledge_server
[2.211s] DEBUG:colcon.colcon_core.event_handler.log_command:Invoking command in '/home/tylerjbecker/ros2_ws/src/dhtt_base/knowledge_server/build/knowledge_server': CMAKE_PREFIX_PATH=${CMAKE_PREFIX_PATH}:/opt/ros/foxy /usr/bin/cmake --build /home/tylerjbecker/ros2_ws/src/dhtt_base/knowledge_server/build/knowledge_server -- -j24 -l24
[3.657s] DEBUG:colcon.colcon_core.event_handler.log_command:Invoked command in '/home/tylerjbecker/ros2_ws/src/dhtt_base/knowledge_server/build/knowledge_server' returned '0': CMAKE_PREFIX_PATH=${CMAKE_PREFIX_PATH}:/opt/ros/foxy /usr/bin/cmake --build /home/tylerjbecker/ros2_ws/src/dhtt_base/knowledge_server/build/knowledge_server -- -j24 -l24
[3.696s] DEBUG:colcon.colcon_core.event_handler.log_command:Invoking command in '/home/tylerjbecker/ros2_ws/src/dhtt_base/knowledge_server/build/knowledge_server': CMAKE_PREFIX_PATH=${CMAKE_PREFIX_PATH}:/opt/ros/foxy /usr/bin/cmake --install /home/tylerjbecker/ros2_ws/src/dhtt_base/knowledge_server/build/knowledge_server
[3.725s] Level 1:colcon.colcon_core.environment:create_environment_scripts_only(knowledge_server)
[3.725s] DEBUG:colcon.colcon_core.event_handler.log_command:Invoked command in '/home/tylerjbecker/ros2_ws/src/dhtt_base/knowledge_server/build/knowledge_server' returned '0': CMAKE_PREFIX_PATH=${CMAKE_PREFIX_PATH}:/opt/ros/foxy /usr/bin/cmake --install /home/tylerjbecker/ros2_ws/src/dhtt_base/knowledge_server/build/knowledge_server
[3.745s] Level 1:colcon.colcon_core.environment:checking '/home/tylerjbecker/ros2_ws/src/dhtt_base/knowledge_server/install/knowledge_server' for CMake module files
[3.745s] Level 1:colcon.colcon_core.environment:checking '/home/tylerjbecker/ros2_ws/src/dhtt_base/knowledge_server/install/knowledge_server' for CMake config files
[3.745s] Level 1:colcon.colcon_core.shell:create_environment_hook('knowledge_server', 'cmake_prefix_path')
[3.763s] INFO:colcon.colcon_core.shell:Creating environment hook '/home/tylerjbecker/ros2_ws/src/dhtt_base/knowledge_server/install/knowledge_server/share/knowledge_server/hook/cmake_prefix_path.ps1'
[3.763s] INFO:colcon.colcon_core.shell:Creating environment descriptor '/home/tylerjbecker/ros2_ws/src/dhtt_base/knowledge_server/install/knowledge_server/share/knowledge_server/hook/cmake_prefix_path.dsv'
[3.763s] INFO:colcon.colcon_core.shell:Creating environment hook '/home/tylerjbecker/ros2_ws/src/dhtt_base/knowledge_server/install/knowledge_server/share/knowledge_server/hook/cmake_prefix_path.sh'
[3.764s] Level 1:colcon.colcon_core.environment:checking '/home/tylerjbecker/ros2_ws/src/dhtt_base/knowledge_server/install/knowledge_server/lib'
[3.764s] Level 1:colcon.colcon_core.shell:create_environment_hook('knowledge_server', 'ld_library_path_lib')
[3.781s] INFO:colcon.colcon_core.shell:Creating environment hook '/home/tylerjbecker/ros2_ws/src/dhtt_base/knowledge_server/install/knowledge_server/share/knowledge_server/hook/ld_library_path_lib.ps1'
[3.781s] INFO:colcon.colcon_core.shell:Creating environment descriptor '/home/tylerjbecker/ros2_ws/src/dhtt_base/knowledge_server/install/knowledge_server/share/knowledge_server/hook/ld_library_path_lib.dsv'
[3.781s] INFO:colcon.colcon_core.shell:Creating environment hook '/home/tylerjbecker/ros2_ws/src/dhtt_base/knowledge_server/install/knowledge_server/share/knowledge_server/hook/ld_library_path_lib.sh'
[3.782s] Level 1:colcon.colcon_core.environment:checking '/home/tylerjbecker/ros2_ws/src/dhtt_base/knowledge_server/install/knowledge_server/bin'
[3.782s] Level 1:colcon.colcon_core.environment:checking '/home/tylerjbecker/ros2_ws/src/dhtt_base/knowledge_server/install/knowledge_server/lib/pkgconfig/knowledge_server.pc'
[3.782s] Level 1:colcon.colcon_core.environment:checking '/home/tylerjbecker/ros2_ws/src/dhtt_base/knowledge_server/install/knowledge_server/lib/python3.8/site-packages'
[3.782s] Level 1:colcon.colcon_core.shell:create_environment_hook('knowledge_server', 'pythonpath')
[3.808s] INFO:colcon.colcon_core.shell:Creating environment hook '/home/tylerjbecker/ros2_ws/src/dhtt_base/knowledge_server/install/knowledge_server/share/knowledge_server/hook/pythonpath.ps1'
[3.808s] INFO:colcon.colcon_core.shell:Creating environment descriptor '/home/tylerjbecker/ros2_ws/src/dhtt_base/knowledge_server/install/knowledge_server/share/knowledge_server/hook/pythonpath.dsv'
[3.809s] INFO:colcon.colcon_core.shell:Creating environment hook '/home/tylerjbecker/ros2_ws/src/dhtt_base/knowledge_server/install/knowledge_server/share/knowledge_server/hook/pythonpath.sh'
[3.809s] Level 1:colcon.colcon_core.environment:checking '/home/tylerjbecker/ros2_ws/src/dhtt_base/knowledge_server/install/knowledge_server/bin'
[3.826s] INFO:colcon.colcon_core.shell:Creating package script '/home/tylerjbecker/ros2_ws/src/dhtt_base/knowledge_server/install/knowledge_server/share/knowledge_server/package.ps1'
[3.827s] INFO:colcon.colcon_core.shell:Creating package descriptor '/home/tylerjbecker/ros2_ws/src/dhtt_base/knowledge_server/install/knowledge_server/share/knowledge_server/package.dsv'
[3.827s] INFO:colcon.colcon_core.shell:Creating package script '/home/tylerjbecker/ros2_ws/src/dhtt_base/knowledge_server/install/knowledge_server/share/knowledge_server/package.sh'
[3.827s] INFO:colcon.colcon_core.shell:Creating package script '/home/tylerjbecker/ros2_ws/src/dhtt_base/knowledge_server/install/knowledge_server/share/knowledge_server/package.bash'
[3.827s] INFO:colcon.colcon_core.shell:Creating package script '/home/tylerjbecker/ros2_ws/src/dhtt_base/knowledge_server/install/knowledge_server/share/knowledge_server/package.zsh'
[3.828s] Level 1:colcon.colcon_core.environment:create_file_with_runtime_dependencies(/home/tylerjbecker/ros2_ws/src/dhtt_base/knowledge_server/install/knowledge_server/share/colcon-core/packages/knowledge_server)
[3.887s] Level 1:colcon.colcon_core.environment:create_environment_scripts_only(knowledge_server)
[3.905s] Level 1:colcon.colcon_core.environment:checking '/home/tylerjbecker/ros2_ws/src/dhtt_base/knowledge_server/install/knowledge_server' for CMake module files
[3.905s] Level 1:colcon.colcon_core.environment:checking '/home/tylerjbecker/ros2_ws/src/dhtt_base/knowledge_server/install/knowledge_server' for CMake config files
[3.906s] Level 1:colcon.colcon_core.shell:create_environment_hook('knowledge_server', 'cmake_prefix_path')
[3.922s] INFO:colcon.colcon_core.shell:Creating environment hook '/home/tylerjbecker/ros2_ws/src/dhtt_base/knowledge_server/install/knowledge_server/share/knowledge_server/hook/cmake_prefix_path.ps1'
[3.923s] INFO:colcon.colcon_core.shell:Creating environment descriptor '/home/tylerjbecker/ros2_ws/src/dhtt_base/knowledge_server/install/knowledge_server/share/knowledge_server/hook/cmake_prefix_path.dsv'
[3.923s] INFO:colcon.colcon_core.shell:Creating environment hook '/home/tylerjbecker/ros2_ws/src/dhtt_base/knowledge_server/install/knowledge_server/share/knowledge_server/hook/cmake_prefix_path.sh'
[3.923s] Level 1:colcon.colcon_core.environment:checking '/home/tylerjbecker/ros2_ws/src/dhtt_base/knowledge_server/install/knowledge_server/lib'
[3.923s] Level 1:colcon.colcon_core.shell:create_environment_hook('knowledge_server', 'ld_library_path_lib')
[3.940s] INFO:colcon.colcon_core.shell:Creating environment hook '/home/tylerjbecker/ros2_ws/src/dhtt_base/knowledge_server/install/knowledge_server/share/knowledge_server/hook/ld_library_path_lib.ps1'
[3.940s] INFO:colcon.colcon_core.shell:Creating environment descriptor '/home/tylerjbecker/ros2_ws/src/dhtt_base/knowledge_server/install/knowledge_server/share/knowledge_server/hook/ld_library_path_lib.dsv'
[3.940s] INFO:colcon.colcon_core.shell:Creating environment hook '/home/tylerjbecker/ros2_ws/src/dhtt_base/knowledge_server/install/knowledge_server/share/knowledge_server/hook/ld_library_path_lib.sh'
[3.940s] Level 1:colcon.colcon_core.environment:checking '/home/tylerjbecker/ros2_ws/src/dhtt_base/knowledge_server/install/knowledge_server/bin'
[3.940s] Level 1:colcon.colcon_core.environment:checking '/home/tylerjbecker/ros2_ws/src/dhtt_base/knowledge_server/install/knowledge_server/lib/pkgconfig/knowledge_server.pc'
[3.940s] Level 1:colcon.colcon_core.environment:checking '/home/tylerjbecker/ros2_ws/src/dhtt_base/knowledge_server/install/knowledge_server/lib/python3.8/site-packages'
[3.940s] Level 1:colcon.colcon_core.shell:create_environment_hook('knowledge_server', 'pythonpath')
[3.957s] INFO:colcon.colcon_core.shell:Creating environment hook '/home/tylerjbecker/ros2_ws/src/dhtt_base/knowledge_server/install/knowledge_server/share/knowledge_server/hook/pythonpath.ps1'
[3.957s] INFO:colcon.colcon_core.shell:Creating environment descriptor '/home/tylerjbecker/ros2_ws/src/dhtt_base/knowledge_server/install/knowledge_server/share/knowledge_server/hook/pythonpath.dsv'
[3.957s] INFO:colcon.colcon_core.shell:Creating environment hook '/home/tylerjbecker/ros2_ws/src/dhtt_base/knowledge_server/install/knowledge_server/share/knowledge_server/hook/pythonpath.sh'
[3.957s] Level 1:colcon.colcon_core.environment:checking '/home/tylerjbecker/ros2_ws/src/dhtt_base/knowledge_server/install/knowledge_server/bin'
[3.973s] INFO:colcon.colcon_core.shell:Creating package script '/home/tylerjbecker/ros2_ws/src/dhtt_base/knowledge_server/install/knowledge_server/share/knowledge_server/package.ps1'
[3.974s] INFO:colcon.colcon_core.shell:Creating package descriptor '/home/tylerjbecker/ros2_ws/src/dhtt_base/knowledge_server/install/knowledge_server/share/knowledge_server/package.dsv'
[3.974s] INFO:colcon.colcon_core.shell:Creating package script '/home/tylerjbecker/ros2_ws/src/dhtt_base/knowledge_server/install/knowledge_server/share/knowledge_server/package.sh'
[3.974s] INFO:colcon.colcon_core.shell:Creating package script '/home/tylerjbecker/ros2_ws/src/dhtt_base/knowledge_server/install/knowledge_server/share/knowledge_server/package.bash'
[3.974s] INFO:colcon.colcon_core.shell:Creating package script '/home/tylerjbecker/ros2_ws/src/dhtt_base/knowledge_server/install/knowledge_server/share/knowledge_server/package.zsh'
[3.974s] Level 1:colcon.colcon_core.environment:create_file_with_runtime_dependencies(/home/tylerjbecker/ros2_ws/src/dhtt_base/knowledge_server/install/knowledge_server/share/colcon-core/packages/knowledge_server)
[3.974s] DEBUG:colcon.colcon_parallel_executor.executor.parallel:closing loop
[3.975s] DEBUG:colcon.colcon_parallel_executor.executor.parallel:loop closed
[3.975s] DEBUG:colcon.colcon_parallel_executor.executor.parallel:run_until_complete finished with '0'
[3.975s] DEBUG:colcon.colcon_core.event_reactor:joining thread
[3.996s] INFO:colcon.colcon_core.plugin_system:Skipping extension 'colcon_notification.desktop_notification.terminal_notifier': Not used on non-Darwin systems
[3.996s] INFO:colcon.colcon_core.plugin_system:Skipping extension 'colcon_notification.desktop_notification.win32': Not used on non-Windows systems
[3.996s] INFO:colcon.colcon_notification.desktop_notification:Sending desktop notification using 'notify2'
[4.006s] DEBUG:colcon.colcon_core.event_reactor:joined thread
[4.025s] INFO:colcon.colcon_core.shell:Creating prefix script '/home/tylerjbecker/ros2_ws/src/dhtt_base/knowledge_server/install/local_setup.ps1'
[4.025s] INFO:colcon.colcon_core.shell:Creating prefix util module '/home/tylerjbecker/ros2_ws/src/dhtt_base/knowledge_server/install/_local_setup_util_ps1.py'
[4.026s] INFO:colcon.colcon_core.shell:Creating prefix chain script '/home/tylerjbecker/ros2_ws/src/dhtt_base/knowledge_server/install/setup.ps1'
[4.044s] INFO:colcon.colcon_core.shell:Creating prefix script '/home/tylerjbecker/ros2_ws/src/dhtt_base/knowledge_server/install/local_setup.sh'
[4.044s] INFO:colcon.colcon_core.shell:Creating prefix util module '/home/tylerjbecker/ros2_ws/src/dhtt_base/knowledge_server/install/_local_setup_util_sh.py'
[4.044s] INFO:colcon.colcon_core.shell:Creating prefix chain script '/home/tylerjbecker/ros2_ws/src/dhtt_base/knowledge_server/install/setup.sh'
[4.062s] INFO:colcon.colcon_core.shell:Creating prefix script '/home/tylerjbecker/ros2_ws/src/dhtt_base/knowledge_server/install/local_setup.bash'
[4.062s] INFO:colcon.colcon_core.shell:Creating prefix chain script '/home/tylerjbecker/ros2_ws/src/dhtt_base/knowledge_server/install/setup.bash'
[4.079s] INFO:colcon.colcon_core.shell:Creating prefix script '/home/tylerjbecker/ros2_ws/src/dhtt_base/knowledge_server/install/local_setup.zsh'
[4.079s] INFO:colcon.colcon_core.shell:Creating prefix chain script '/home/tylerjbecker/ros2_ws/src/dhtt_base/knowledge_server/install/setup.zsh'
