-- Found ament_cmake: 0.9.12 (/opt/ros/foxy/share/ament_cmake/cmake)
-- Found PythonInterp: /usr/bin/python3 (found suitable version "3.8.10", minimum required is "3") 
-- Using PYTHON_EXECUTABLE: /usr/bin/python3
-- Found std_msgs: 2.0.5 (/opt/ros/foxy/share/std_msgs/cmake)
-- Using all available rosidl_typesupport_c: rosidl_typesupport_fastrtps_c;rosidl_typesupport_introspection_c
-- Found rosidl_adapter: 1.3.1 (/opt/ros/foxy/share/rosidl_adapter/cmake)
-- Using all available rosidl_typesupport_cpp: rosidl_typesupport_fastrtps_cpp;rosidl_typesupport_introspection_cpp
-- Found rosidl_default_generators: 1.0.1 (/opt/ros/foxy/share/rosidl_default_generators/cmake)
-- Found PythonInterp: /usr/bin/python3 (found version "3.8.10") 
-- Found ament_cmake_ros: 0.9.2 (/opt/ros/foxy/share/ament_cmake_ros/cmake)
-- Using all available rosidl_typesupport_c: rosidl_typesupport_fastrtps_c;rosidl_typesupport_introspection_c
-- Using all available rosidl_typesupport_cpp: rosidl_typesupport_fastrtps_cpp;rosidl_typesupport_introspection_cpp
-- Found PythonInterp: /usr/bin/python3 (found suitable version "3.8.10", minimum required is "3.5") 
-- Found python_cmake_module: 0.8.1 (/opt/ros/foxy/share/python_cmake_module/cmake)
-- Found PythonLibs: /usr/lib/x86_64-linux-gnu/libpython3.8.so (found suitable version "3.8.10", minimum required is "3.5") 
-- Using PYTHON_EXECUTABLE: /usr/bin/python3
-- Using PYTHON_INCLUDE_DIRS: /usr/include/python3.8
-- Using PYTHON_LIBRARIES: /usr/lib/x86_64-linux-gnu/libpython3.8.so
-- Found PythonExtra: .so  
-- Found ament_lint_auto: 0.9.8 (/opt/ros/foxy/share/ament_lint_auto/cmake)
-- Added test 'copyright' to check source files copyright and LICENSE
-- Added test 'lint_cmake' to check CMake code style
-- Added test 'xmllint' to check XML markup files
-- Configuring done
-- Generating done
-- Build files have been written to: /home/tylerjbecker/ros2_ws/src/dhtt_base/build/dhtt_msgs
[35m[1mScanning dependencies of target dhtt_msgs__cpp[0m
[  1%] [34m[1mGenerating C code for ROS interfaces[0m
[  1%] [34m[1mGenerating C++ code for ROS interfaces[0m
[  1%] Built target dhtt_msgs__cpp
[  2%] [34m[1mGenerating C++ type support dispatch for ROS interfaces[0m
[  3%] [34m[1mGenerating C++ type support for eProsima Fast-RTPS[0m
[  3%] [34m[1mGenerating C++ introspection for ROS interfaces[0m
[35m[1mScanning dependencies of target dhtt_msgs__rosidl_generator_c[0m
[  5%] [32mBuilding C object CMakeFiles/dhtt_msgs__rosidl_generator_c.dir/rosidl_generator_c/dhtt_msgs/msg/detail/resource__functions.c.o[0m
[  5%] [32mBuilding C object CMakeFiles/dhtt_msgs__rosidl_generator_c.dir/rosidl_generator_c/dhtt_msgs/srv/detail/control_request__functions.c.o[0m
[  5%] [32mBuilding C object CMakeFiles/dhtt_msgs__rosidl_generator_c.dir/rosidl_generator_c/dhtt_msgs/msg/detail/resources__functions.c.o[0m
[  6%] [32mBuilding C object CMakeFiles/dhtt_msgs__rosidl_generator_c.dir/rosidl_generator_c/dhtt_msgs/msg/detail/subtree__functions.c.o[0m
[  6%] [32mBuilding C object CMakeFiles/dhtt_msgs__rosidl_generator_c.dir/rosidl_generator_c/dhtt_msgs/msg/detail/node__functions.c.o[0m
[  7%] [32mBuilding C object CMakeFiles/dhtt_msgs__rosidl_generator_c.dir/rosidl_generator_c/dhtt_msgs/srv/detail/modify_request__functions.c.o[0m
[  8%] [32mBuilding C object CMakeFiles/dhtt_msgs__rosidl_generator_c.dir/rosidl_generator_c/dhtt_msgs/srv/detail/internal_service_registration__functions.c.o[0m
[  9%] [32mBuilding C object CMakeFiles/dhtt_msgs__rosidl_generator_c.dir/rosidl_generator_c/dhtt_msgs/srv/detail/history_request__functions.c.o[0m
[  9%] [32mBuilding C object CMakeFiles/dhtt_msgs__rosidl_generator_c.dir/rosidl_generator_c/dhtt_msgs/srv/detail/internal_control_request__functions.c.o[0m
[  9%] [32mBuilding C object CMakeFiles/dhtt_msgs__rosidl_generator_c.dir/rosidl_generator_c/dhtt_msgs/msg/detail/pair__functions.c.o[0m
[ 10%] [32mBuilding C object CMakeFiles/dhtt_msgs__rosidl_generator_c.dir/rosidl_generator_c/dhtt_msgs/msg/detail/node_status__functions.c.o[0m
[ 11%] [32mBuilding C object CMakeFiles/dhtt_msgs__rosidl_generator_c.dir/rosidl_generator_c/dhtt_msgs/msg/detail/update_info__functions.c.o[0m
[ 11%] [32mBuilding C object CMakeFiles/dhtt_msgs__rosidl_generator_c.dir/rosidl_generator_c/dhtt_msgs/srv/detail/fetch_request__functions.c.o[0m
[ 11%] [32mBuilding C object CMakeFiles/dhtt_msgs__rosidl_generator_c.dir/rosidl_generator_c/dhtt_msgs/action/detail/activation__functions.c.o[0m
[ 12%] [32mBuilding C object CMakeFiles/dhtt_msgs__rosidl_generator_c.dir/rosidl_generator_c/dhtt_msgs/srv/detail/internal_modify_request__functions.c.o[0m
[ 12%] [32mBuilding C object CMakeFiles/dhtt_msgs__rosidl_generator_c.dir/rosidl_generator_c/dhtt_msgs/srv/detail/fetch_info__functions.c.o[0m
[ 13%] [32mBuilding C object CMakeFiles/dhtt_msgs__rosidl_generator_c.dir/rosidl_generator_c/dhtt_msgs/srv/detail/goitr_request__functions.c.o[0m
[ 14%] [32m[1mLinking C shared library libdhtt_msgs__rosidl_generator_c.so[0m
[ 14%] Built target dhtt_msgs__rosidl_generator_c
[ 15%] [34m[1mGenerating C type support dispatch for ROS interfaces[0m
[ 16%] [34m[1mGenerating C introspection for ROS interfaces[0m
[35m[1mScanning dependencies of target dhtt_msgs__rosidl_typesupport_cpp[0m
[ 17%] [32mBuilding CXX object CMakeFiles/dhtt_msgs__rosidl_typesupport_cpp.dir/rosidl_typesupport_cpp/dhtt_msgs/msg/subtree__type_support.cpp.o[0m
[ 18%] [32mBuilding CXX object CMakeFiles/dhtt_msgs__rosidl_typesupport_cpp.dir/rosidl_typesupport_cpp/dhtt_msgs/msg/resource__type_support.cpp.o[0m
[ 18%] [32mBuilding CXX object CMakeFiles/dhtt_msgs__rosidl_typesupport_cpp.dir/rosidl_typesupport_cpp/dhtt_msgs/msg/node__type_support.cpp.o[0m
[ 18%] [32mBuilding CXX object CMakeFiles/dhtt_msgs__rosidl_typesupport_cpp.dir/rosidl_typesupport_cpp/dhtt_msgs/msg/resources__type_support.cpp.o[0m
[ 19%] [32mBuilding CXX object CMakeFiles/dhtt_msgs__rosidl_typesupport_cpp.dir/rosidl_typesupport_cpp/dhtt_msgs/srv/fetch_request__type_support.cpp.o[0m
[ 20%] [32mBuilding CXX object CMakeFiles/dhtt_msgs__rosidl_typesupport_cpp.dir/rosidl_typesupport_cpp/dhtt_msgs/srv/internal_modify_request__type_support.cpp.o[0m
[ 22%] [32mBuilding CXX object CMakeFiles/dhtt_msgs__rosidl_typesupport_cpp.dir/rosidl_typesupport_cpp/dhtt_msgs/msg/node_status__type_support.cpp.o[0m
[ 22%] [32mBuilding CXX object CMakeFiles/dhtt_msgs__rosidl_typesupport_cpp.dir/rosidl_typesupport_cpp/dhtt_msgs/srv/history_request__type_support.cpp.o[0m
[ 23%] [32mBuilding CXX object CMakeFiles/dhtt_msgs__rosidl_typesupport_cpp.dir/rosidl_typesupport_cpp/dhtt_msgs/msg/pair__type_support.cpp.o[0m
[ 23%] [32mBuilding CXX object CMakeFiles/dhtt_msgs__rosidl_typesupport_cpp.dir/rosidl_typesupport_cpp/dhtt_msgs/srv/internal_control_request__type_support.cpp.o[0m
[ 23%] [32mBuilding CXX object CMakeFiles/dhtt_msgs__rosidl_typesupport_cpp.dir/rosidl_typesupport_cpp/dhtt_msgs/msg/update_info__type_support.cpp.o[0m
[ 24%] [32mBuilding CXX object CMakeFiles/dhtt_msgs__rosidl_typesupport_cpp.dir/rosidl_typesupport_cpp/dhtt_msgs/srv/control_request__type_support.cpp.o[0m
[ 25%] [32mBuilding CXX object CMakeFiles/dhtt_msgs__rosidl_typesupport_cpp.dir/rosidl_typesupport_cpp/dhtt_msgs/srv/goitr_request__type_support.cpp.o[0m
[ 25%] [32mBuilding CXX object CMakeFiles/dhtt_msgs__rosidl_typesupport_cpp.dir/rosidl_typesupport_cpp/dhtt_msgs/srv/modify_request__type_support.cpp.o[0m
[ 26%] [32mBuilding CXX object CMakeFiles/dhtt_msgs__rosidl_typesupport_cpp.dir/rosidl_typesupport_cpp/dhtt_msgs/srv/fetch_info__type_support.cpp.o[0m
[ 26%] [32mBuilding CXX object CMakeFiles/dhtt_msgs__rosidl_typesupport_cpp.dir/rosidl_typesupport_cpp/dhtt_msgs/srv/internal_service_registration__type_support.cpp.o[0m
[ 27%] [32mBuilding CXX object CMakeFiles/dhtt_msgs__rosidl_typesupport_cpp.dir/rosidl_typesupport_cpp/dhtt_msgs/action/activation__type_support.cpp.o[0m
[35m[1mScanning dependencies of target dhtt_msgs__rosidl_typesupport_introspection_cpp[0m
[ 30%] [32mBuilding CXX object CMakeFiles/dhtt_msgs__rosidl_typesupport_introspection_cpp.dir/rosidl_typesupport_introspection_cpp/dhtt_msgs/msg/detail/subtree__type_support.cpp.o[0m
[ 30%] [32mBuilding CXX object CMakeFiles/dhtt_msgs__rosidl_typesupport_introspection_cpp.dir/rosidl_typesupport_introspection_cpp/dhtt_msgs/msg/detail/resources__type_support.cpp.o[0m
[ 30%] [32mBuilding CXX object CMakeFiles/dhtt_msgs__rosidl_typesupport_introspection_cpp.dir/rosidl_typesupport_introspection_cpp/dhtt_msgs/msg/detail/node__type_support.cpp.o[0m
[ 30%] [32mBuilding CXX object CMakeFiles/dhtt_msgs__rosidl_typesupport_introspection_cpp.dir/rosidl_typesupport_introspection_cpp/dhtt_msgs/msg/detail/resource__type_support.cpp.o[0m
[ 30%] [32mBuilding CXX object CMakeFiles/dhtt_msgs__rosidl_typesupport_introspection_cpp.dir/rosidl_typesupport_introspection_cpp/dhtt_msgs/msg/detail/node_status__type_support.cpp.o[0m
[ 31%] [32mBuilding CXX object CMakeFiles/dhtt_msgs__rosidl_typesupport_introspection_cpp.dir/rosidl_typesupport_introspection_cpp/dhtt_msgs/msg/detail/pair__type_support.cpp.o[0m
[ 32%] [32mBuilding CXX object CMakeFiles/dhtt_msgs__rosidl_typesupport_introspection_cpp.dir/rosidl_typesupport_introspection_cpp/dhtt_msgs/msg/detail/update_info__type_support.cpp.o[0m
[ 32%] [32mBuilding CXX object CMakeFiles/dhtt_msgs__rosidl_typesupport_introspection_cpp.dir/rosidl_typesupport_introspection_cpp/dhtt_msgs/srv/detail/control_request__type_support.cpp.o[0m
[ 33%] [32mBuilding CXX object CMakeFiles/dhtt_msgs__rosidl_typesupport_introspection_cpp.dir/rosidl_typesupport_introspection_cpp/dhtt_msgs/srv/detail/fetch_request__type_support.cpp.o[0m
[ 33%] [32mBuilding CXX object CMakeFiles/dhtt_msgs__rosidl_typesupport_introspection_cpp.dir/rosidl_typesupport_introspection_cpp/dhtt_msgs/srv/detail/modify_request__type_support.cpp.o[0m
[ 34%] [32mBuilding CXX object CMakeFiles/dhtt_msgs__rosidl_typesupport_introspection_cpp.dir/rosidl_typesupport_introspection_cpp/dhtt_msgs/srv/detail/history_request__type_support.cpp.o[0m
[ 35%] [32mBuilding CXX object CMakeFiles/dhtt_msgs__rosidl_typesupport_introspection_cpp.dir/rosidl_typesupport_introspection_cpp/dhtt_msgs/srv/detail/internal_control_request__type_support.cpp.o[0m
[ 35%] [32mBuilding CXX object CMakeFiles/dhtt_msgs__rosidl_typesupport_introspection_cpp.dir/rosidl_typesupport_introspection_cpp/dhtt_msgs/srv/detail/internal_modify_request__type_support.cpp.o[0m
[ 36%] [32mBuilding CXX object CMakeFiles/dhtt_msgs__rosidl_typesupport_introspection_cpp.dir/rosidl_typesupport_introspection_cpp/dhtt_msgs/srv/detail/internal_service_registration__type_support.cpp.o[0m
[ 37%] [32mBuilding CXX object CMakeFiles/dhtt_msgs__rosidl_typesupport_introspection_cpp.dir/rosidl_typesupport_introspection_cpp/dhtt_msgs/srv/detail/fetch_info__type_support.cpp.o[0m
[ 37%] [32mBuilding CXX object CMakeFiles/dhtt_msgs__rosidl_typesupport_introspection_cpp.dir/rosidl_typesupport_introspection_cpp/dhtt_msgs/srv/detail/goitr_request__type_support.cpp.o[0m
[ 38%] [32mBuilding CXX object CMakeFiles/dhtt_msgs__rosidl_typesupport_introspection_cpp.dir/rosidl_typesupport_introspection_cpp/dhtt_msgs/action/detail/activation__type_support.cpp.o[0m
[35m[1mScanning dependencies of target dhtt_msgs__rosidl_typesupport_c[0m
[ 39%] [32mBuilding CXX object CMakeFiles/dhtt_msgs__rosidl_typesupport_c.dir/rosidl_typesupport_c/dhtt_msgs/msg/node__type_support.cpp.o[0m
[ 40%] [32mBuilding CXX object CMakeFiles/dhtt_msgs__rosidl_typesupport_c.dir/rosidl_typesupport_c/dhtt_msgs/msg/subtree__type_support.cpp.o[0m
[ 40%] [32mBuilding CXX object CMakeFiles/dhtt_msgs__rosidl_typesupport_c.dir/rosidl_typesupport_c/dhtt_msgs/msg/resource__type_support.cpp.o[0m
[ 40%] [32m[1mLinking CXX shared library libdhtt_msgs__rosidl_typesupport_cpp.so[0m
[ 40%] [32mBuilding CXX object CMakeFiles/dhtt_msgs__rosidl_typesupport_c.dir/rosidl_typesupport_c/dhtt_msgs/msg/resources__type_support.cpp.o[0m
[ 40%] Built target dhtt_msgs__rosidl_typesupport_cpp
[ 41%] [32mBuilding CXX object CMakeFiles/dhtt_msgs__rosidl_typesupport_c.dir/rosidl_typesupport_c/dhtt_msgs/msg/pair__type_support.cpp.o[0m
[ 41%] [32mBuilding CXX object CMakeFiles/dhtt_msgs__rosidl_typesupport_c.dir/rosidl_typesupport_c/dhtt_msgs/msg/update_info__type_support.cpp.o[0m
[ 42%] [32mBuilding CXX object CMakeFiles/dhtt_msgs__rosidl_typesupport_c.dir/rosidl_typesupport_c/dhtt_msgs/srv/control_request__type_support.cpp.o[0m
[ 43%] [32mBuilding CXX object CMakeFiles/dhtt_msgs__rosidl_typesupport_c.dir/rosidl_typesupport_c/dhtt_msgs/msg/node_status__type_support.cpp.o[0m
[ 43%] [32mBuilding CXX object CMakeFiles/dhtt_msgs__rosidl_typesupport_c.dir/rosidl_typesupport_c/dhtt_msgs/srv/fetch_request__type_support.cpp.o[0m
[ 44%] [32mBuilding CXX object CMakeFiles/dhtt_msgs__rosidl_typesupport_c.dir/rosidl_typesupport_c/dhtt_msgs/srv/modify_request__type_support.cpp.o[0m
[ 45%] [32mBuilding CXX object CMakeFiles/dhtt_msgs__rosidl_typesupport_c.dir/rosidl_typesupport_c/dhtt_msgs/srv/history_request__type_support.cpp.o[0m
[ 45%] [32mBuilding CXX object CMakeFiles/dhtt_msgs__rosidl_typesupport_c.dir/rosidl_typesupport_c/dhtt_msgs/srv/internal_control_request__type_support.cpp.o[0m
[ 46%] [32mBuilding CXX object CMakeFiles/dhtt_msgs__rosidl_typesupport_c.dir/rosidl_typesupport_c/dhtt_msgs/srv/internal_modify_request__type_support.cpp.o[0m
[ 46%] [32mBuilding CXX object CMakeFiles/dhtt_msgs__rosidl_typesupport_c.dir/rosidl_typesupport_c/dhtt_msgs/srv/internal_service_registration__type_support.cpp.o[0m
[ 47%] [32mBuilding CXX object CMakeFiles/dhtt_msgs__rosidl_typesupport_c.dir/rosidl_typesupport_c/dhtt_msgs/srv/fetch_info__type_support.cpp.o[0m
[ 48%] [32mBuilding CXX object CMakeFiles/dhtt_msgs__rosidl_typesupport_c.dir/rosidl_typesupport_c/dhtt_msgs/srv/goitr_request__type_support.cpp.o[0m
[ 48%] [32mBuilding CXX object CMakeFiles/dhtt_msgs__rosidl_typesupport_c.dir/rosidl_typesupport_c/dhtt_msgs/action/activation__type_support.cpp.o[0m
[35m[1mScanning dependencies of target dhtt_msgs__rosidl_typesupport_fastrtps_cpp[0m
[ 49%] [32m[1mLinking CXX shared library libdhtt_msgs__rosidl_typesupport_c.so[0m
[ 50%] [32mBuilding CXX object CMakeFiles/dhtt_msgs__rosidl_typesupport_fastrtps_cpp.dir/rosidl_typesupport_fastrtps_cpp/dhtt_msgs/srv/detail/dds_fastrtps/control_request__type_support.cpp.o[0m
[ 52%] [32mBuilding CXX object CMakeFiles/dhtt_msgs__rosidl_typesupport_fastrtps_cpp.dir/rosidl_typesupport_fastrtps_cpp/dhtt_msgs/msg/detail/dds_fastrtps/pair__type_support.cpp.o[0m
[ 52%] [32mBuilding CXX object CMakeFiles/dhtt_msgs__rosidl_typesupport_fastrtps_cpp.dir/rosidl_typesupport_fastrtps_cpp/dhtt_msgs/msg/detail/dds_fastrtps/resources__type_support.cpp.o[0m
[ 52%] [32mBuilding CXX object CMakeFiles/dhtt_msgs__rosidl_typesupport_fastrtps_cpp.dir/rosidl_typesupport_fastrtps_cpp/dhtt_msgs/msg/detail/dds_fastrtps/update_info__type_support.cpp.o[0m
[ 54%] [32mBuilding CXX object CMakeFiles/dhtt_msgs__rosidl_typesupport_fastrtps_cpp.dir/rosidl_typesupport_fastrtps_cpp/dhtt_msgs/msg/detail/dds_fastrtps/node__type_support.cpp.o[0m
[ 54%] [32mBuilding CXX object CMakeFiles/dhtt_msgs__rosidl_typesupport_fastrtps_cpp.dir/rosidl_typesupport_fastrtps_cpp/dhtt_msgs/msg/detail/dds_fastrtps/resource__type_support.cpp.o[0m
[ 54%] [32mBuilding CXX object CMakeFiles/dhtt_msgs__rosidl_typesupport_fastrtps_cpp.dir/rosidl_typesupport_fastrtps_cpp/dhtt_msgs/srv/detail/dds_fastrtps/modify_request__type_support.cpp.o[0m
[ 55%] [32mBuilding CXX object CMakeFiles/dhtt_msgs__rosidl_typesupport_fastrtps_cpp.dir/rosidl_typesupport_fastrtps_cpp/dhtt_msgs/srv/detail/dds_fastrtps/fetch_request__type_support.cpp.o[0m
[ 55%] [32mBuilding CXX object CMakeFiles/dhtt_msgs__rosidl_typesupport_fastrtps_cpp.dir/rosidl_typesupport_fastrtps_cpp/dhtt_msgs/msg/detail/dds_fastrtps/subtree__type_support.cpp.o[0m
[ 55%] [32mBuilding CXX object CMakeFiles/dhtt_msgs__rosidl_typesupport_fastrtps_cpp.dir/rosidl_typesupport_fastrtps_cpp/dhtt_msgs/msg/detail/dds_fastrtps/node_status__type_support.cpp.o[0m
[ 56%] [32mBuilding CXX object CMakeFiles/dhtt_msgs__rosidl_typesupport_fastrtps_cpp.dir/rosidl_typesupport_fastrtps_cpp/dhtt_msgs/srv/detail/dds_fastrtps/history_request__type_support.cpp.o[0m
[ 56%] [32mBuilding CXX object CMakeFiles/dhtt_msgs__rosidl_typesupport_fastrtps_cpp.dir/rosidl_typesupport_fastrtps_cpp/dhtt_msgs/srv/detail/dds_fastrtps/internal_modify_request__type_support.cpp.o[0m
[ 57%] [32mBuilding CXX object CMakeFiles/dhtt_msgs__rosidl_typesupport_fastrtps_cpp.dir/rosidl_typesupport_fastrtps_cpp/dhtt_msgs/srv/detail/dds_fastrtps/internal_control_request__type_support.cpp.o[0m
[ 58%] [32mBuilding CXX object CMakeFiles/dhtt_msgs__rosidl_typesupport_fastrtps_cpp.dir/rosidl_typesupport_fastrtps_cpp/dhtt_msgs/srv/detail/dds_fastrtps/internal_service_registration__type_support.cpp.o[0m
[ 58%] [32mBuilding CXX object CMakeFiles/dhtt_msgs__rosidl_typesupport_fastrtps_cpp.dir/rosidl_typesupport_fastrtps_cpp/dhtt_msgs/srv/detail/dds_fastrtps/fetch_info__type_support.cpp.o[0m
[ 58%] Built target dhtt_msgs__rosidl_typesupport_c
[ 59%] [32mBuilding CXX object CMakeFiles/dhtt_msgs__rosidl_typesupport_fastrtps_cpp.dir/rosidl_typesupport_fastrtps_cpp/dhtt_msgs/srv/detail/dds_fastrtps/goitr_request__type_support.cpp.o[0m
[ 60%] [32mBuilding CXX object CMakeFiles/dhtt_msgs__rosidl_typesupport_fastrtps_cpp.dir/rosidl_typesupport_fastrtps_cpp/dhtt_msgs/action/detail/dds_fastrtps/activation__type_support.cpp.o[0m
[35m[1mScanning dependencies of target dhtt_msgs__rosidl_typesupport_introspection_c[0m
[ 60%] [32mBuilding C object CMakeFiles/dhtt_msgs__rosidl_typesupport_introspection_c.dir/rosidl_typesupport_introspection_c/dhtt_msgs/msg/detail/resources__type_support.c.o[0m
[ 60%] [32mBuilding C object CMakeFiles/dhtt_msgs__rosidl_typesupport_introspection_c.dir/rosidl_typesupport_introspection_c/dhtt_msgs/msg/detail/subtree__type_support.c.o[0m
[ 62%] [32mBuilding C object CMakeFiles/dhtt_msgs__rosidl_typesupport_introspection_c.dir/rosidl_typesupport_introspection_c/dhtt_msgs/msg/detail/pair__type_support.c.o[0m
[ 62%] [32mBuilding C object CMakeFiles/dhtt_msgs__rosidl_typesupport_introspection_c.dir/rosidl_typesupport_introspection_c/dhtt_msgs/msg/detail/resource__type_support.c.o[0m
[ 63%] [32mBuilding C object CMakeFiles/dhtt_msgs__rosidl_typesupport_introspection_c.dir/rosidl_typesupport_introspection_c/dhtt_msgs/msg/detail/node__type_support.c.o[0m
[ 64%] [32mBuilding C object CMakeFiles/dhtt_msgs__rosidl_typesupport_introspection_c.dir/rosidl_typesupport_introspection_c/dhtt_msgs/msg/detail/node_status__type_support.c.o[0m
[ 65%] [32mBuilding C object CMakeFiles/dhtt_msgs__rosidl_typesupport_introspection_c.dir/rosidl_typesupport_introspection_c/dhtt_msgs/msg/detail/update_info__type_support.c.o[0m
[ 65%] [32mBuilding C object CMakeFiles/dhtt_msgs__rosidl_typesupport_introspection_c.dir/rosidl_typesupport_introspection_c/dhtt_msgs/srv/detail/fetch_request__type_support.c.o[0m
[ 66%] [32mBuilding C object CMakeFiles/dhtt_msgs__rosidl_typesupport_introspection_c.dir/rosidl_typesupport_introspection_c/dhtt_msgs/srv/detail/control_request__type_support.c.o[0m
[ 66%] [32mBuilding C object CMakeFiles/dhtt_msgs__rosidl_typesupport_introspection_c.dir/rosidl_typesupport_introspection_c/dhtt_msgs/srv/detail/modify_request__type_support.c.o[0m
[ 67%] [32mBuilding C object CMakeFiles/dhtt_msgs__rosidl_typesupport_introspection_c.dir/rosidl_typesupport_introspection_c/dhtt_msgs/srv/detail/history_request__type_support.c.o[0m
[ 68%] [32m[1mLinking CXX shared library libdhtt_msgs__rosidl_typesupport_introspection_cpp.so[0m
[ 68%] [32mBuilding C object CMakeFiles/dhtt_msgs__rosidl_typesupport_introspection_c.dir/rosidl_typesupport_introspection_c/dhtt_msgs/srv/detail/internal_modify_request__type_support.c.o[0m
[ 69%] [32mBuilding C object CMakeFiles/dhtt_msgs__rosidl_typesupport_introspection_c.dir/rosidl_typesupport_introspection_c/dhtt_msgs/srv/detail/internal_service_registration__type_support.c.o[0m
[ 70%] [32mBuilding C object CMakeFiles/dhtt_msgs__rosidl_typesupport_introspection_c.dir/rosidl_typesupport_introspection_c/dhtt_msgs/srv/detail/internal_control_request__type_support.c.o[0m
[ 70%] [32mBuilding C object CMakeFiles/dhtt_msgs__rosidl_typesupport_introspection_c.dir/rosidl_typesupport_introspection_c/dhtt_msgs/srv/detail/fetch_info__type_support.c.o[0m
[ 71%] [32mBuilding C object CMakeFiles/dhtt_msgs__rosidl_typesupport_introspection_c.dir/rosidl_typesupport_introspection_c/dhtt_msgs/srv/detail/goitr_request__type_support.c.o[0m
[ 72%] [32mBuilding C object CMakeFiles/dhtt_msgs__rosidl_typesupport_introspection_c.dir/rosidl_typesupport_introspection_c/dhtt_msgs/action/detail/activation__type_support.c.o[0m
[ 72%] [32m[1mLinking C shared library libdhtt_msgs__rosidl_typesupport_introspection_c.so[0m
[ 72%] Built target dhtt_msgs__rosidl_typesupport_introspection_c
[ 72%] Built target dhtt_msgs__rosidl_typesupport_introspection_cpp
[ 72%] [32m[1mLinking CXX shared library libdhtt_msgs__rosidl_typesupport_fastrtps_cpp.so[0m
[ 72%] Built target dhtt_msgs__rosidl_typesupport_fastrtps_cpp
[ 73%] [34m[1mGenerating C type support for eProsima Fast-RTPS[0m
[35m[1mScanning dependencies of target dhtt_msgs__rosidl_typesupport_fastrtps_c[0m
[ 73%] [32mBuilding CXX object CMakeFiles/dhtt_msgs__rosidl_typesupport_fastrtps_c.dir/rosidl_typesupport_fastrtps_c/dhtt_msgs/msg/detail/node__type_support_c.cpp.o[0m
[ 74%] [32mBuilding CXX object CMakeFiles/dhtt_msgs__rosidl_typesupport_fastrtps_c.dir/rosidl_typesupport_fastrtps_c/dhtt_msgs/msg/detail/subtree__type_support_c.cpp.o[0m
[ 74%] [32mBuilding CXX object CMakeFiles/dhtt_msgs__rosidl_typesupport_fastrtps_c.dir/rosidl_typesupport_fastrtps_c/dhtt_msgs/msg/detail/resources__type_support_c.cpp.o[0m
[ 75%] [32mBuilding CXX object CMakeFiles/dhtt_msgs__rosidl_typesupport_fastrtps_c.dir/rosidl_typesupport_fastrtps_c/dhtt_msgs/msg/detail/update_info__type_support_c.cpp.o[0m
[ 75%] [32mBuilding CXX object CMakeFiles/dhtt_msgs__rosidl_typesupport_fastrtps_c.dir/rosidl_typesupport_fastrtps_c/dhtt_msgs/msg/detail/node_status__type_support_c.cpp.o[0m
[ 76%] [32mBuilding CXX object CMakeFiles/dhtt_msgs__rosidl_typesupport_fastrtps_c.dir/rosidl_typesupport_fastrtps_c/dhtt_msgs/msg/detail/resource__type_support_c.cpp.o[0m
[ 77%] [32mBuilding CXX object CMakeFiles/dhtt_msgs__rosidl_typesupport_fastrtps_c.dir/rosidl_typesupport_fastrtps_c/dhtt_msgs/srv/detail/control_request__type_support_c.cpp.o[0m
[ 78%] [32mBuilding CXX object CMakeFiles/dhtt_msgs__rosidl_typesupport_fastrtps_c.dir/rosidl_typesupport_fastrtps_c/dhtt_msgs/msg/detail/pair__type_support_c.cpp.o[0m
[ 79%] [32mBuilding CXX object CMakeFiles/dhtt_msgs__rosidl_typesupport_fastrtps_c.dir/rosidl_typesupport_fastrtps_c/dhtt_msgs/srv/detail/history_request__type_support_c.cpp.o[0m
[ 79%] [32mBuilding CXX object CMakeFiles/dhtt_msgs__rosidl_typesupport_fastrtps_c.dir/rosidl_typesupport_fastrtps_c/dhtt_msgs/srv/detail/fetch_request__type_support_c.cpp.o[0m
[ 80%] [32mBuilding CXX object CMakeFiles/dhtt_msgs__rosidl_typesupport_fastrtps_c.dir/rosidl_typesupport_fastrtps_c/dhtt_msgs/srv/detail/modify_request__type_support_c.cpp.o[0m
[ 81%] [32mBuilding CXX object CMakeFiles/dhtt_msgs__rosidl_typesupport_fastrtps_c.dir/rosidl_typesupport_fastrtps_c/dhtt_msgs/srv/detail/internal_modify_request__type_support_c.cpp.o[0m
[ 81%] [32mBuilding CXX object CMakeFiles/dhtt_msgs__rosidl_typesupport_fastrtps_c.dir/rosidl_typesupport_fastrtps_c/dhtt_msgs/srv/detail/internal_control_request__type_support_c.cpp.o[0m
[ 82%] [32mBuilding CXX object CMakeFiles/dhtt_msgs__rosidl_typesupport_fastrtps_c.dir/rosidl_typesupport_fastrtps_c/dhtt_msgs/srv/detail/internal_service_registration__type_support_c.cpp.o[0m
[ 82%] [32mBuilding CXX object CMakeFiles/dhtt_msgs__rosidl_typesupport_fastrtps_c.dir/rosidl_typesupport_fastrtps_c/dhtt_msgs/srv/detail/fetch_info__type_support_c.cpp.o[0m
[ 83%] [32mBuilding CXX object CMakeFiles/dhtt_msgs__rosidl_typesupport_fastrtps_c.dir/rosidl_typesupport_fastrtps_c/dhtt_msgs/srv/detail/goitr_request__type_support_c.cpp.o[0m
[ 84%] [32mBuilding CXX object CMakeFiles/dhtt_msgs__rosidl_typesupport_fastrtps_c.dir/rosidl_typesupport_fastrtps_c/dhtt_msgs/action/detail/activation__type_support_c.cpp.o[0m
[ 84%] [32m[1mLinking CXX shared library libdhtt_msgs__rosidl_typesupport_fastrtps_c.so[0m
[ 84%] Built target dhtt_msgs__rosidl_typesupport_fastrtps_c
[35m[1mScanning dependencies of target dhtt_msgs[0m
[ 84%] Built target dhtt_msgs
[35m[1mScanning dependencies of target dhtt_msgs__py[0m
[ 85%] [34m[1mGenerating Python code for ROS interfaces[0m
[ 85%] Built target dhtt_msgs__py
[35m[1mScanning dependencies of target dhtt_msgs__python[0m
[ 85%] [32mBuilding C object CMakeFiles/dhtt_msgs__python.dir/rosidl_generator_py/dhtt_msgs/msg/_node_s.c.o[0m
[ 86%] [32mBuilding C object CMakeFiles/dhtt_msgs__python.dir/rosidl_generator_py/dhtt_msgs/msg/_pair_s.c.o[0m
[ 87%] [32mBuilding C object CMakeFiles/dhtt_msgs__python.dir/rosidl_generator_py/dhtt_msgs/msg/_node_status_s.c.o[0m
[ 88%] [32mBuilding C object CMakeFiles/dhtt_msgs__python.dir/rosidl_generator_py/dhtt_msgs/msg/_resource_s.c.o[0m
[ 89%] [32mBuilding C object CMakeFiles/dhtt_msgs__python.dir/rosidl_generator_py/dhtt_msgs/msg/_subtree_s.c.o[0m
[ 89%] [32mBuilding C object CMakeFiles/dhtt_msgs__python.dir/rosidl_generator_py/dhtt_msgs/msg/_resources_s.c.o[0m
[ 90%] [32mBuilding C object CMakeFiles/dhtt_msgs__python.dir/rosidl_generator_py/dhtt_msgs/srv/_control_request_s.c.o[0m
[ 91%] [32mBuilding C object CMakeFiles/dhtt_msgs__python.dir/rosidl_generator_py/dhtt_msgs/srv/_history_request_s.c.o[0m
[ 92%] [32mBuilding C object CMakeFiles/dhtt_msgs__python.dir/rosidl_generator_py/dhtt_msgs/srv/_internal_modify_request_s.c.o[0m
[ 92%] [32mBuilding C object CMakeFiles/dhtt_msgs__python.dir/rosidl_generator_py/dhtt_msgs/srv/_fetch_info_s.c.o[0m
[ 93%] [32mBuilding C object CMakeFiles/dhtt_msgs__python.dir/rosidl_generator_py/dhtt_msgs/srv/_goitr_request_s.c.o[0m
[ 93%] [32mBuilding C object CMakeFiles/dhtt_msgs__python.dir/rosidl_generator_py/dhtt_msgs/msg/_update_info_s.c.o[0m
[ 93%] [32mBuilding C object CMakeFiles/dhtt_msgs__python.dir/rosidl_generator_py/dhtt_msgs/srv/_fetch_request_s.c.o[0m
[ 94%] [32mBuilding C object CMakeFiles/dhtt_msgs__python.dir/rosidl_generator_py/dhtt_msgs/srv/_modify_request_s.c.o[0m
[ 94%] [32mBuilding C object CMakeFiles/dhtt_msgs__python.dir/rosidl_generator_py/dhtt_msgs/srv/_internal_control_request_s.c.o[0m
[ 94%] [32mBuilding C object CMakeFiles/dhtt_msgs__python.dir/rosidl_generator_py/dhtt_msgs/action/_activation_s.c.o[0m
[ 95%] [32mBuilding C object CMakeFiles/dhtt_msgs__python.dir/rosidl_generator_py/dhtt_msgs/srv/_internal_service_registration_s.c.o[0m
[ 96%] [32m[1mLinking C shared library rosidl_generator_py/dhtt_msgs/libdhtt_msgs__python.so[0m
[ 96%] Built target dhtt_msgs__python
[35m[1mScanning dependencies of target dhtt_msgs__rosidl_typesupport_c__pyext[0m
[35m[1mScanning dependencies of target dhtt_msgs__rosidl_typesupport_fastrtps_c__pyext[0m
[35m[1mScanning dependencies of target dhtt_msgs__rosidl_typesupport_introspection_c__pyext[0m
[ 98%] [32mBuilding C object CMakeFiles/dhtt_msgs__rosidl_typesupport_c__pyext.dir/rosidl_generator_py/dhtt_msgs/_dhtt_msgs_s.ep.rosidl_typesupport_c.c.o[0m
[ 98%] [32mBuilding C object CMakeFiles/dhtt_msgs__rosidl_typesupport_introspection_c__pyext.dir/rosidl_generator_py/dhtt_msgs/_dhtt_msgs_s.ep.rosidl_typesupport_introspection_c.c.o[0m
[ 99%] [32mBuilding C object CMakeFiles/dhtt_msgs__rosidl_typesupport_fastrtps_c__pyext.dir/rosidl_generator_py/dhtt_msgs/_dhtt_msgs_s.ep.rosidl_typesupport_fastrtps_c.c.o[0m
[100%] [32m[1mLinking C shared library rosidl_generator_py/dhtt_msgs/dhtt_msgs_s__rosidl_typesupport_introspection_c.cpython-38-x86_64-linux-gnu.so[0m
[100%] [32m[1mLinking CXX shared library rosidl_generator_py/dhtt_msgs/dhtt_msgs_s__rosidl_typesupport_fastrtps_c.cpython-38-x86_64-linux-gnu.so[0m
[100%] [32m[1mLinking C shared library rosidl_generator_py/dhtt_msgs/dhtt_msgs_s__rosidl_typesupport_c.cpython-38-x86_64-linux-gnu.so[0m
[100%] Built target dhtt_msgs__rosidl_typesupport_introspection_c__pyext
[100%] Built target dhtt_msgs__rosidl_typesupport_c__pyext
[100%] Built target dhtt_msgs__rosidl_typesupport_fastrtps_c__pyext
-- Install configuration: ""
-- Installing: /home/tylerjbecker/ros2_ws/src/dhtt_base/install/dhtt_msgs/share/ament_index/resource_index/rosidl_interfaces/dhtt_msgs
-- Installing: /home/tylerjbecker/ros2_ws/src/dhtt_base/install/dhtt_msgs/include/dhtt_msgs
-- Installing: /home/tylerjbecker/ros2_ws/src/dhtt_base/install/dhtt_msgs/include/dhtt_msgs/action
-- Installing: /home/tylerjbecker/ros2_ws/src/dhtt_base/install/dhtt_msgs/include/dhtt_msgs/action/detail
-- Installing: /home/tylerjbecker/ros2_ws/src/dhtt_base/install/dhtt_msgs/include/dhtt_msgs/action/detail/activation__type_support.h
-- Installing: /home/tylerjbecker/ros2_ws/src/dhtt_base/install/dhtt_msgs/include/dhtt_msgs/action/detail/activation__struct.h
-- Installing: /home/tylerjbecker/ros2_ws/src/dhtt_base/install/dhtt_msgs/include/dhtt_msgs/action/detail/activation__functions.c
-- Installing: /home/tylerjbecker/ros2_ws/src/dhtt_base/install/dhtt_msgs/include/dhtt_msgs/action/detail/activation__functions.h
-- Installing: /home/tylerjbecker/ros2_ws/src/dhtt_base/install/dhtt_msgs/include/dhtt_msgs/action/activation.h
-- Installing: /home/tylerjbecker/ros2_ws/src/dhtt_base/install/dhtt_msgs/include/dhtt_msgs/srv
-- Installing: /home/tylerjbecker/ros2_ws/src/dhtt_base/install/dhtt_msgs/include/dhtt_msgs/srv/internal_modify_request.h
-- Installing: /home/tylerjbecker/ros2_ws/src/dhtt_base/install/dhtt_msgs/include/dhtt_msgs/srv/fetch_request.h
-- Installing: /home/tylerjbecker/ros2_ws/src/dhtt_base/install/dhtt_msgs/include/dhtt_msgs/srv/detail
-- Installing: /home/tylerjbecker/ros2_ws/src/dhtt_base/install/dhtt_msgs/include/dhtt_msgs/srv/detail/internal_service_registration__type_support.h
-- Installing: /home/tylerjbecker/ros2_ws/src/dhtt_base/install/dhtt_msgs/include/dhtt_msgs/srv/detail/goitr_request__struct.h
-- Installing: /home/tylerjbecker/ros2_ws/src/dhtt_base/install/dhtt_msgs/include/dhtt_msgs/srv/detail/internal_service_registration__functions.c
-- Installing: /home/tylerjbecker/ros2_ws/src/dhtt_base/install/dhtt_msgs/include/dhtt_msgs/srv/detail/control_request__functions.h
-- Installing: /home/tylerjbecker/ros2_ws/src/dhtt_base/install/dhtt_msgs/include/dhtt_msgs/srv/detail/internal_service_registration__functions.h
-- Installing: /home/tylerjbecker/ros2_ws/src/dhtt_base/install/dhtt_msgs/include/dhtt_msgs/srv/detail/fetch_request__functions.c
-- Installing: /home/tylerjbecker/ros2_ws/src/dhtt_base/install/dhtt_msgs/include/dhtt_msgs/srv/detail/internal_modify_request__functions.h
-- Installing: /home/tylerjbecker/ros2_ws/src/dhtt_base/install/dhtt_msgs/include/dhtt_msgs/srv/detail/fetch_request__functions.h
-- Installing: /home/tylerjbecker/ros2_ws/src/dhtt_base/install/dhtt_msgs/include/dhtt_msgs/srv/detail/modify_request__struct.h
-- Installing: /home/tylerjbecker/ros2_ws/src/dhtt_base/install/dhtt_msgs/include/dhtt_msgs/srv/detail/internal_service_registration__struct.h
-- Installing: /home/tylerjbecker/ros2_ws/src/dhtt_base/install/dhtt_msgs/include/dhtt_msgs/srv/detail/modify_request__functions.c
-- Installing: /home/tylerjbecker/ros2_ws/src/dhtt_base/install/dhtt_msgs/include/dhtt_msgs/srv/detail/internal_control_request__functions.h
-- Installing: /home/tylerjbecker/ros2_ws/src/dhtt_base/install/dhtt_msgs/include/dhtt_msgs/srv/detail/goitr_request__type_support.h
-- Installing: /home/tylerjbecker/ros2_ws/src/dhtt_base/install/dhtt_msgs/include/dhtt_msgs/srv/detail/goitr_request__functions.h
-- Installing: /home/tylerjbecker/ros2_ws/src/dhtt_base/install/dhtt_msgs/include/dhtt_msgs/srv/detail/internal_modify_request__functions.c
-- Installing: /home/tylerjbecker/ros2_ws/src/dhtt_base/install/dhtt_msgs/include/dhtt_msgs/srv/detail/internal_control_request__type_support.h
-- Installing: /home/tylerjbecker/ros2_ws/src/dhtt_base/install/dhtt_msgs/include/dhtt_msgs/srv/detail/history_request__struct.h
-- Installing: /home/tylerjbecker/ros2_ws/src/dhtt_base/install/dhtt_msgs/include/dhtt_msgs/srv/detail/history_request__type_support.h
-- Installing: /home/tylerjbecker/ros2_ws/src/dhtt_base/install/dhtt_msgs/include/dhtt_msgs/srv/detail/internal_control_request__functions.c
-- Installing: /home/tylerjbecker/ros2_ws/src/dhtt_base/install/dhtt_msgs/include/dhtt_msgs/srv/detail/fetch_info__functions.h
-- Installing: /home/tylerjbecker/ros2_ws/src/dhtt_base/install/dhtt_msgs/include/dhtt_msgs/srv/detail/history_request__functions.h
-- Installing: /home/tylerjbecker/ros2_ws/src/dhtt_base/install/dhtt_msgs/include/dhtt_msgs/srv/detail/modify_request__type_support.h
-- Installing: /home/tylerjbecker/ros2_ws/src/dhtt_base/install/dhtt_msgs/include/dhtt_msgs/srv/detail/fetch_request__struct.h
-- Installing: /home/tylerjbecker/ros2_ws/src/dhtt_base/install/dhtt_msgs/include/dhtt_msgs/srv/detail/history_request__functions.c
-- Installing: /home/tylerjbecker/ros2_ws/src/dhtt_base/install/dhtt_msgs/include/dhtt_msgs/srv/detail/internal_modify_request__type_support.h
-- Installing: /home/tylerjbecker/ros2_ws/src/dhtt_base/install/dhtt_msgs/include/dhtt_msgs/srv/detail/fetch_request__type_support.h
-- Installing: /home/tylerjbecker/ros2_ws/src/dhtt_base/install/dhtt_msgs/include/dhtt_msgs/srv/detail/control_request__type_support.h
-- Installing: /home/tylerjbecker/ros2_ws/src/dhtt_base/install/dhtt_msgs/include/dhtt_msgs/srv/detail/control_request__functions.c
-- Installing: /home/tylerjbecker/ros2_ws/src/dhtt_base/install/dhtt_msgs/include/dhtt_msgs/srv/detail/fetch_info__functions.c
-- Installing: /home/tylerjbecker/ros2_ws/src/dhtt_base/install/dhtt_msgs/include/dhtt_msgs/srv/detail/control_request__struct.h
-- Installing: /home/tylerjbecker/ros2_ws/src/dhtt_base/install/dhtt_msgs/include/dhtt_msgs/srv/detail/internal_control_request__struct.h
-- Installing: /home/tylerjbecker/ros2_ws/src/dhtt_base/install/dhtt_msgs/include/dhtt_msgs/srv/detail/fetch_info__struct.h
-- Installing: /home/tylerjbecker/ros2_ws/src/dhtt_base/install/dhtt_msgs/include/dhtt_msgs/srv/detail/goitr_request__functions.c
-- Installing: /home/tylerjbecker/ros2_ws/src/dhtt_base/install/dhtt_msgs/include/dhtt_msgs/srv/detail/modify_request__functions.h
-- Installing: /home/tylerjbecker/ros2_ws/src/dhtt_base/install/dhtt_msgs/include/dhtt_msgs/srv/detail/fetch_info__type_support.h
-- Installing: /home/tylerjbecker/ros2_ws/src/dhtt_base/install/dhtt_msgs/include/dhtt_msgs/srv/detail/internal_modify_request__struct.h
-- Installing: /home/tylerjbecker/ros2_ws/src/dhtt_base/install/dhtt_msgs/include/dhtt_msgs/srv/control_request.h
-- Installing: /home/tylerjbecker/ros2_ws/src/dhtt_base/install/dhtt_msgs/include/dhtt_msgs/srv/internal_control_request.h
-- Installing: /home/tylerjbecker/ros2_ws/src/dhtt_base/install/dhtt_msgs/include/dhtt_msgs/srv/goitr_request.h
-- Installing: /home/tylerjbecker/ros2_ws/src/dhtt_base/install/dhtt_msgs/include/dhtt_msgs/srv/modify_request.h
-- Installing: /home/tylerjbecker/ros2_ws/src/dhtt_base/install/dhtt_msgs/include/dhtt_msgs/srv/internal_service_registration.h
-- Installing: /home/tylerjbecker/ros2_ws/src/dhtt_base/install/dhtt_msgs/include/dhtt_msgs/srv/history_request.h
-- Installing: /home/tylerjbecker/ros2_ws/src/dhtt_base/install/dhtt_msgs/include/dhtt_msgs/srv/fetch_info.h
-- Installing: /home/tylerjbecker/ros2_ws/src/dhtt_base/install/dhtt_msgs/include/dhtt_msgs/msg
-- Installing: /home/tylerjbecker/ros2_ws/src/dhtt_base/install/dhtt_msgs/include/dhtt_msgs/msg/rosidl_generator_c__visibility_control.h
-- Installing: /home/tylerjbecker/ros2_ws/src/dhtt_base/install/dhtt_msgs/include/dhtt_msgs/msg/subtree.h
-- Installing: /home/tylerjbecker/ros2_ws/src/dhtt_base/install/dhtt_msgs/include/dhtt_msgs/msg/resources.h
-- Installing: /home/tylerjbecker/ros2_ws/src/dhtt_base/install/dhtt_msgs/include/dhtt_msgs/msg/detail
-- Installing: /home/tylerjbecker/ros2_ws/src/dhtt_base/install/dhtt_msgs/include/dhtt_msgs/msg/detail/pair__functions.c
-- Installing: /home/tylerjbecker/ros2_ws/src/dhtt_base/install/dhtt_msgs/include/dhtt_msgs/msg/detail/node__type_support.h
-- Installing: /home/tylerjbecker/ros2_ws/src/dhtt_base/install/dhtt_msgs/include/dhtt_msgs/msg/detail/subtree__functions.c
-- Installing: /home/tylerjbecker/ros2_ws/src/dhtt_base/install/dhtt_msgs/include/dhtt_msgs/msg/detail/update_info__functions.c
-- Installing: /home/tylerjbecker/ros2_ws/src/dhtt_base/install/dhtt_msgs/include/dhtt_msgs/msg/detail/resources__type_support.h
-- Installing: /home/tylerjbecker/ros2_ws/src/dhtt_base/install/dhtt_msgs/include/dhtt_msgs/msg/detail/node__struct.h
-- Installing: /home/tylerjbecker/ros2_ws/src/dhtt_base/install/dhtt_msgs/include/dhtt_msgs/msg/detail/subtree__type_support.h
-- Installing: /home/tylerjbecker/ros2_ws/src/dhtt_base/install/dhtt_msgs/include/dhtt_msgs/msg/detail/resource__type_support.h
-- Installing: /home/tylerjbecker/ros2_ws/src/dhtt_base/install/dhtt_msgs/include/dhtt_msgs/msg/detail/resource__functions.h
-- Installing: /home/tylerjbecker/ros2_ws/src/dhtt_base/install/dhtt_msgs/include/dhtt_msgs/msg/detail/pair__struct.h
-- Installing: /home/tylerjbecker/ros2_ws/src/dhtt_base/install/dhtt_msgs/include/dhtt_msgs/msg/detail/node_status__functions.c
-- Installing: /home/tylerjbecker/ros2_ws/src/dhtt_base/install/dhtt_msgs/include/dhtt_msgs/msg/detail/resource__functions.c
-- Installing: /home/tylerjbecker/ros2_ws/src/dhtt_base/install/dhtt_msgs/include/dhtt_msgs/msg/detail/node__functions.h
-- Installing: /home/tylerjbecker/ros2_ws/src/dhtt_base/install/dhtt_msgs/include/dhtt_msgs/msg/detail/resources__functions.h
-- Installing: /home/tylerjbecker/ros2_ws/src/dhtt_base/install/dhtt_msgs/include/dhtt_msgs/msg/detail/pair__functions.h
-- Installing: /home/tylerjbecker/ros2_ws/src/dhtt_base/install/dhtt_msgs/include/dhtt_msgs/msg/detail/node_status__type_support.h
-- Installing: /home/tylerjbecker/ros2_ws/src/dhtt_base/install/dhtt_msgs/include/dhtt_msgs/msg/detail/node_status__functions.h
-- Installing: /home/tylerjbecker/ros2_ws/src/dhtt_base/install/dhtt_msgs/include/dhtt_msgs/msg/detail/resource__struct.h
-- Installing: /home/tylerjbecker/ros2_ws/src/dhtt_base/install/dhtt_msgs/include/dhtt_msgs/msg/detail/update_info__functions.h
-- Installing: /home/tylerjbecker/ros2_ws/src/dhtt_base/install/dhtt_msgs/include/dhtt_msgs/msg/detail/subtree__struct.h
-- Installing: /home/tylerjbecker/ros2_ws/src/dhtt_base/install/dhtt_msgs/include/dhtt_msgs/msg/detail/resources__functions.c
-- Installing: /home/tylerjbecker/ros2_ws/src/dhtt_base/install/dhtt_msgs/include/dhtt_msgs/msg/detail/update_info__struct.h
-- Installing: /home/tylerjbecker/ros2_ws/src/dhtt_base/install/dhtt_msgs/include/dhtt_msgs/msg/detail/resources__struct.h
-- Installing: /home/tylerjbecker/ros2_ws/src/dhtt_base/install/dhtt_msgs/include/dhtt_msgs/msg/detail/update_info__type_support.h
-- Installing: /home/tylerjbecker/ros2_ws/src/dhtt_base/install/dhtt_msgs/include/dhtt_msgs/msg/detail/pair__type_support.h
-- Installing: /home/tylerjbecker/ros2_ws/src/dhtt_base/install/dhtt_msgs/include/dhtt_msgs/msg/detail/node_status__struct.h
-- Installing: /home/tylerjbecker/ros2_ws/src/dhtt_base/install/dhtt_msgs/include/dhtt_msgs/msg/detail/subtree__functions.h
-- Installing: /home/tylerjbecker/ros2_ws/src/dhtt_base/install/dhtt_msgs/include/dhtt_msgs/msg/detail/node__functions.c
-- Installing: /home/tylerjbecker/ros2_ws/src/dhtt_base/install/dhtt_msgs/include/dhtt_msgs/msg/pair.h
-- Installing: /home/tylerjbecker/ros2_ws/src/dhtt_base/install/dhtt_msgs/include/dhtt_msgs/msg/node.h
-- Installing: /home/tylerjbecker/ros2_ws/src/dhtt_base/install/dhtt_msgs/include/dhtt_msgs/msg/update_info.h
-- Installing: /home/tylerjbecker/ros2_ws/src/dhtt_base/install/dhtt_msgs/include/dhtt_msgs/msg/node_status.h
-- Installing: /home/tylerjbecker/ros2_ws/src/dhtt_base/install/dhtt_msgs/include/dhtt_msgs/msg/resource.h
-- Installing: /home/tylerjbecker/ros2_ws/src/dhtt_base/install/dhtt_msgs/share/dhtt_msgs/environment/library_path.sh
-- Installing: /home/tylerjbecker/ros2_ws/src/dhtt_base/install/dhtt_msgs/share/dhtt_msgs/environment/library_path.dsv
-- Installing: /home/tylerjbecker/ros2_ws/src/dhtt_base/install/dhtt_msgs/lib/libdhtt_msgs__rosidl_generator_c.so
-- Set runtime path of "/home/tylerjbecker/ros2_ws/src/dhtt_base/install/dhtt_msgs/lib/libdhtt_msgs__rosidl_generator_c.so" to ""
-- Up-to-date: /home/tylerjbecker/ros2_ws/src/dhtt_base/install/dhtt_msgs/include/dhtt_msgs
-- Up-to-date: /home/tylerjbecker/ros2_ws/src/dhtt_base/install/dhtt_msgs/include/dhtt_msgs/action
-- Up-to-date: /home/tylerjbecker/ros2_ws/src/dhtt_base/install/dhtt_msgs/include/dhtt_msgs/action/detail
-- Installing: /home/tylerjbecker/ros2_ws/src/dhtt_base/install/dhtt_msgs/include/dhtt_msgs/action/detail/activation__rosidl_typesupport_fastrtps_c.h
-- Up-to-date: /home/tylerjbecker/ros2_ws/src/dhtt_base/install/dhtt_msgs/include/dhtt_msgs/srv
-- Up-to-date: /home/tylerjbecker/ros2_ws/src/dhtt_base/install/dhtt_msgs/include/dhtt_msgs/srv/detail
-- Installing: /home/tylerjbecker/ros2_ws/src/dhtt_base/install/dhtt_msgs/include/dhtt_msgs/srv/detail/goitr_request__rosidl_typesupport_fastrtps_c.h
-- Installing: /home/tylerjbecker/ros2_ws/src/dhtt_base/install/dhtt_msgs/include/dhtt_msgs/srv/detail/internal_service_registration__rosidl_typesupport_fastrtps_c.h
-- Installing: /home/tylerjbecker/ros2_ws/src/dhtt_base/install/dhtt_msgs/include/dhtt_msgs/srv/detail/fetch_request__rosidl_typesupport_fastrtps_c.h
-- Installing: /home/tylerjbecker/ros2_ws/src/dhtt_base/install/dhtt_msgs/include/dhtt_msgs/srv/detail/history_request__rosidl_typesupport_fastrtps_c.h
-- Installing: /home/tylerjbecker/ros2_ws/src/dhtt_base/install/dhtt_msgs/include/dhtt_msgs/srv/detail/control_request__rosidl_typesupport_fastrtps_c.h
-- Installing: /home/tylerjbecker/ros2_ws/src/dhtt_base/install/dhtt_msgs/include/dhtt_msgs/srv/detail/internal_control_request__rosidl_typesupport_fastrtps_c.h
-- Installing: /home/tylerjbecker/ros2_ws/src/dhtt_base/install/dhtt_msgs/include/dhtt_msgs/srv/detail/fetch_info__rosidl_typesupport_fastrtps_c.h
-- Installing: /home/tylerjbecker/ros2_ws/src/dhtt_base/install/dhtt_msgs/include/dhtt_msgs/srv/detail/internal_modify_request__rosidl_typesupport_fastrtps_c.h
-- Installing: /home/tylerjbecker/ros2_ws/src/dhtt_base/install/dhtt_msgs/include/dhtt_msgs/srv/detail/modify_request__rosidl_typesupport_fastrtps_c.h
-- Up-to-date: /home/tylerjbecker/ros2_ws/src/dhtt_base/install/dhtt_msgs/include/dhtt_msgs/msg
-- Up-to-date: /home/tylerjbecker/ros2_ws/src/dhtt_base/install/dhtt_msgs/include/dhtt_msgs/msg/detail
-- Installing: /home/tylerjbecker/ros2_ws/src/dhtt_base/install/dhtt_msgs/include/dhtt_msgs/msg/detail/update_info__rosidl_typesupport_fastrtps_c.h
-- Installing: /home/tylerjbecker/ros2_ws/src/dhtt_base/install/dhtt_msgs/include/dhtt_msgs/msg/detail/node_status__rosidl_typesupport_fastrtps_c.h
-- Installing: /home/tylerjbecker/ros2_ws/src/dhtt_base/install/dhtt_msgs/include/dhtt_msgs/msg/detail/resources__rosidl_typesupport_fastrtps_c.h
-- Installing: /home/tylerjbecker/ros2_ws/src/dhtt_base/install/dhtt_msgs/include/dhtt_msgs/msg/detail/resource__rosidl_typesupport_fastrtps_c.h
-- Installing: /home/tylerjbecker/ros2_ws/src/dhtt_base/install/dhtt_msgs/include/dhtt_msgs/msg/detail/pair__rosidl_typesupport_fastrtps_c.h
-- Installing: /home/tylerjbecker/ros2_ws/src/dhtt_base/install/dhtt_msgs/include/dhtt_msgs/msg/detail/subtree__rosidl_typesupport_fastrtps_c.h
-- Installing: /home/tylerjbecker/ros2_ws/src/dhtt_base/install/dhtt_msgs/include/dhtt_msgs/msg/detail/node__rosidl_typesupport_fastrtps_c.h
-- Installing: /home/tylerjbecker/ros2_ws/src/dhtt_base/install/dhtt_msgs/include/dhtt_msgs/msg/rosidl_typesupport_fastrtps_c__visibility_control.h
-- Installing: /home/tylerjbecker/ros2_ws/src/dhtt_base/install/dhtt_msgs/lib/libdhtt_msgs__rosidl_typesupport_fastrtps_c.so
-- Set runtime path of "/home/tylerjbecker/ros2_ws/src/dhtt_base/install/dhtt_msgs/lib/libdhtt_msgs__rosidl_typesupport_fastrtps_c.so" to ""
-- Up-to-date: /home/tylerjbecker/ros2_ws/src/dhtt_base/install/dhtt_msgs/include/dhtt_msgs
-- Up-to-date: /home/tylerjbecker/ros2_ws/src/dhtt_base/install/dhtt_msgs/include/dhtt_msgs/action
-- Up-to-date: /home/tylerjbecker/ros2_ws/src/dhtt_base/install/dhtt_msgs/include/dhtt_msgs/action/detail
-- Installing: /home/tylerjbecker/ros2_ws/src/dhtt_base/install/dhtt_msgs/include/dhtt_msgs/action/detail/activation__rosidl_typesupport_fastrtps_cpp.hpp
-- Installing: /home/tylerjbecker/ros2_ws/src/dhtt_base/install/dhtt_msgs/include/dhtt_msgs/action/detail/dds_fastrtps
-- Up-to-date: /home/tylerjbecker/ros2_ws/src/dhtt_base/install/dhtt_msgs/include/dhtt_msgs/srv
-- Up-to-date: /home/tylerjbecker/ros2_ws/src/dhtt_base/install/dhtt_msgs/include/dhtt_msgs/srv/detail
-- Installing: /home/tylerjbecker/ros2_ws/src/dhtt_base/install/dhtt_msgs/include/dhtt_msgs/srv/detail/internal_modify_request__rosidl_typesupport_fastrtps_cpp.hpp
-- Installing: /home/tylerjbecker/ros2_ws/src/dhtt_base/install/dhtt_msgs/include/dhtt_msgs/srv/detail/goitr_request__rosidl_typesupport_fastrtps_cpp.hpp
-- Installing: /home/tylerjbecker/ros2_ws/src/dhtt_base/install/dhtt_msgs/include/dhtt_msgs/srv/detail/internal_service_registration__rosidl_typesupport_fastrtps_cpp.hpp
-- Installing: /home/tylerjbecker/ros2_ws/src/dhtt_base/install/dhtt_msgs/include/dhtt_msgs/srv/detail/history_request__rosidl_typesupport_fastrtps_cpp.hpp
-- Installing: /home/tylerjbecker/ros2_ws/src/dhtt_base/install/dhtt_msgs/include/dhtt_msgs/srv/detail/modify_request__rosidl_typesupport_fastrtps_cpp.hpp
-- Installing: /home/tylerjbecker/ros2_ws/src/dhtt_base/install/dhtt_msgs/include/dhtt_msgs/srv/detail/control_request__rosidl_typesupport_fastrtps_cpp.hpp
-- Installing: /home/tylerjbecker/ros2_ws/src/dhtt_base/install/dhtt_msgs/include/dhtt_msgs/srv/detail/dds_fastrtps
-- Installing: /home/tylerjbecker/ros2_ws/src/dhtt_base/install/dhtt_msgs/include/dhtt_msgs/srv/detail/fetch_info__rosidl_typesupport_fastrtps_cpp.hpp
-- Installing: /home/tylerjbecker/ros2_ws/src/dhtt_base/install/dhtt_msgs/include/dhtt_msgs/srv/detail/internal_control_request__rosidl_typesupport_fastrtps_cpp.hpp
-- Installing: /home/tylerjbecker/ros2_ws/src/dhtt_base/install/dhtt_msgs/include/dhtt_msgs/srv/detail/fetch_request__rosidl_typesupport_fastrtps_cpp.hpp
-- Up-to-date: /home/tylerjbecker/ros2_ws/src/dhtt_base/install/dhtt_msgs/include/dhtt_msgs/msg
-- Up-to-date: /home/tylerjbecker/ros2_ws/src/dhtt_base/install/dhtt_msgs/include/dhtt_msgs/msg/detail
-- Installing: /home/tylerjbecker/ros2_ws/src/dhtt_base/install/dhtt_msgs/include/dhtt_msgs/msg/detail/subtree__rosidl_typesupport_fastrtps_cpp.hpp
-- Installing: /home/tylerjbecker/ros2_ws/src/dhtt_base/install/dhtt_msgs/include/dhtt_msgs/msg/detail/node__rosidl_typesupport_fastrtps_cpp.hpp
-- Installing: /home/tylerjbecker/ros2_ws/src/dhtt_base/install/dhtt_msgs/include/dhtt_msgs/msg/detail/resources__rosidl_typesupport_fastrtps_cpp.hpp
-- Installing: /home/tylerjbecker/ros2_ws/src/dhtt_base/install/dhtt_msgs/include/dhtt_msgs/msg/detail/pair__rosidl_typesupport_fastrtps_cpp.hpp
-- Installing: /home/tylerjbecker/ros2_ws/src/dhtt_base/install/dhtt_msgs/include/dhtt_msgs/msg/detail/node_status__rosidl_typesupport_fastrtps_cpp.hpp
-- Installing: /home/tylerjbecker/ros2_ws/src/dhtt_base/install/dhtt_msgs/include/dhtt_msgs/msg/detail/dds_fastrtps
-- Installing: /home/tylerjbecker/ros2_ws/src/dhtt_base/install/dhtt_msgs/include/dhtt_msgs/msg/detail/resource__rosidl_typesupport_fastrtps_cpp.hpp
-- Installing: /home/tylerjbecker/ros2_ws/src/dhtt_base/install/dhtt_msgs/include/dhtt_msgs/msg/detail/update_info__rosidl_typesupport_fastrtps_cpp.hpp
-- Installing: /home/tylerjbecker/ros2_ws/src/dhtt_base/install/dhtt_msgs/include/dhtt_msgs/msg/rosidl_typesupport_fastrtps_cpp__visibility_control.h
-- Installing: /home/tylerjbecker/ros2_ws/src/dhtt_base/install/dhtt_msgs/lib/libdhtt_msgs__rosidl_typesupport_fastrtps_cpp.so
-- Set runtime path of "/home/tylerjbecker/ros2_ws/src/dhtt_base/install/dhtt_msgs/lib/libdhtt_msgs__rosidl_typesupport_fastrtps_cpp.so" to ""
-- Up-to-date: /home/tylerjbecker/ros2_ws/src/dhtt_base/install/dhtt_msgs/include/dhtt_msgs
-- Up-to-date: /home/tylerjbecker/ros2_ws/src/dhtt_base/install/dhtt_msgs/include/dhtt_msgs/action
-- Up-to-date: /home/tylerjbecker/ros2_ws/src/dhtt_base/install/dhtt_msgs/include/dhtt_msgs/action/detail
-- Installing: /home/tylerjbecker/ros2_ws/src/dhtt_base/install/dhtt_msgs/include/dhtt_msgs/action/detail/activation__rosidl_typesupport_introspection_c.h
-- Installing: /home/tylerjbecker/ros2_ws/src/dhtt_base/install/dhtt_msgs/include/dhtt_msgs/action/detail/activation__type_support.c
-- Up-to-date: /home/tylerjbecker/ros2_ws/src/dhtt_base/install/dhtt_msgs/include/dhtt_msgs/srv
-- Up-to-date: /home/tylerjbecker/ros2_ws/src/dhtt_base/install/dhtt_msgs/include/dhtt_msgs/srv/detail
-- Installing: /home/tylerjbecker/ros2_ws/src/dhtt_base/install/dhtt_msgs/include/dhtt_msgs/srv/detail/history_request__type_support.c
-- Installing: /home/tylerjbecker/ros2_ws/src/dhtt_base/install/dhtt_msgs/include/dhtt_msgs/srv/detail/fetch_info__rosidl_typesupport_introspection_c.h
-- Installing: /home/tylerjbecker/ros2_ws/src/dhtt_base/install/dhtt_msgs/include/dhtt_msgs/srv/detail/internal_control_request__rosidl_typesupport_introspection_c.h
-- Installing: /home/tylerjbecker/ros2_ws/src/dhtt_base/install/dhtt_msgs/include/dhtt_msgs/srv/detail/internal_control_request__type_support.c
-- Installing: /home/tylerjbecker/ros2_ws/src/dhtt_base/install/dhtt_msgs/include/dhtt_msgs/srv/detail/internal_service_registration__type_support.c
-- Installing: /home/tylerjbecker/ros2_ws/src/dhtt_base/install/dhtt_msgs/include/dhtt_msgs/srv/detail/fetch_info__type_support.c
-- Installing: /home/tylerjbecker/ros2_ws/src/dhtt_base/install/dhtt_msgs/include/dhtt_msgs/srv/detail/fetch_request__type_support.c
-- Installing: /home/tylerjbecker/ros2_ws/src/dhtt_base/install/dhtt_msgs/include/dhtt_msgs/srv/detail/internal_modify_request__type_support.c
-- Installing: /home/tylerjbecker/ros2_ws/src/dhtt_base/install/dhtt_msgs/include/dhtt_msgs/srv/detail/history_request__rosidl_typesupport_introspection_c.h
-- Installing: /home/tylerjbecker/ros2_ws/src/dhtt_base/install/dhtt_msgs/include/dhtt_msgs/srv/detail/internal_service_registration__rosidl_typesupport_introspection_c.h
-- Installing: /home/tylerjbecker/ros2_ws/src/dhtt_base/install/dhtt_msgs/include/dhtt_msgs/srv/detail/modify_request__type_support.c
-- Installing: /home/tylerjbecker/ros2_ws/src/dhtt_base/install/dhtt_msgs/include/dhtt_msgs/srv/detail/control_request__type_support.c
-- Installing: /home/tylerjbecker/ros2_ws/src/dhtt_base/install/dhtt_msgs/include/dhtt_msgs/srv/detail/goitr_request__rosidl_typesupport_introspection_c.h
-- Installing: /home/tylerjbecker/ros2_ws/src/dhtt_base/install/dhtt_msgs/include/dhtt_msgs/srv/detail/internal_modify_request__rosidl_typesupport_introspection_c.h
-- Installing: /home/tylerjbecker/ros2_ws/src/dhtt_base/install/dhtt_msgs/include/dhtt_msgs/srv/detail/modify_request__rosidl_typesupport_introspection_c.h
-- Installing: /home/tylerjbecker/ros2_ws/src/dhtt_base/install/dhtt_msgs/include/dhtt_msgs/srv/detail/control_request__rosidl_typesupport_introspection_c.h
-- Installing: /home/tylerjbecker/ros2_ws/src/dhtt_base/install/dhtt_msgs/include/dhtt_msgs/srv/detail/goitr_request__type_support.c
-- Installing: /home/tylerjbecker/ros2_ws/src/dhtt_base/install/dhtt_msgs/include/dhtt_msgs/srv/detail/fetch_request__rosidl_typesupport_introspection_c.h
-- Up-to-date: /home/tylerjbecker/ros2_ws/src/dhtt_base/install/dhtt_msgs/include/dhtt_msgs/msg
-- Installing: /home/tylerjbecker/ros2_ws/src/dhtt_base/install/dhtt_msgs/include/dhtt_msgs/msg/rosidl_typesupport_introspection_c__visibility_control.h
-- Up-to-date: /home/tylerjbecker/ros2_ws/src/dhtt_base/install/dhtt_msgs/include/dhtt_msgs/msg/detail
-- Installing: /home/tylerjbecker/ros2_ws/src/dhtt_base/install/dhtt_msgs/include/dhtt_msgs/msg/detail/node_status__rosidl_typesupport_introspection_c.h
-- Installing: /home/tylerjbecker/ros2_ws/src/dhtt_base/install/dhtt_msgs/include/dhtt_msgs/msg/detail/pair__rosidl_typesupport_introspection_c.h
-- Installing: /home/tylerjbecker/ros2_ws/src/dhtt_base/install/dhtt_msgs/include/dhtt_msgs/msg/detail/node__rosidl_typesupport_introspection_c.h
-- Installing: /home/tylerjbecker/ros2_ws/src/dhtt_base/install/dhtt_msgs/include/dhtt_msgs/msg/detail/node_status__type_support.c
-- Installing: /home/tylerjbecker/ros2_ws/src/dhtt_base/install/dhtt_msgs/include/dhtt_msgs/msg/detail/update_info__type_support.c
-- Installing: /home/tylerjbecker/ros2_ws/src/dhtt_base/install/dhtt_msgs/include/dhtt_msgs/msg/detail/node__type_support.c
-- Installing: /home/tylerjbecker/ros2_ws/src/dhtt_base/install/dhtt_msgs/include/dhtt_msgs/msg/detail/resources__rosidl_typesupport_introspection_c.h
-- Installing: /home/tylerjbecker/ros2_ws/src/dhtt_base/install/dhtt_msgs/include/dhtt_msgs/msg/detail/resources__type_support.c
-- Installing: /home/tylerjbecker/ros2_ws/src/dhtt_base/install/dhtt_msgs/include/dhtt_msgs/msg/detail/update_info__rosidl_typesupport_introspection_c.h
-- Installing: /home/tylerjbecker/ros2_ws/src/dhtt_base/install/dhtt_msgs/include/dhtt_msgs/msg/detail/subtree__rosidl_typesupport_introspection_c.h
-- Installing: /home/tylerjbecker/ros2_ws/src/dhtt_base/install/dhtt_msgs/include/dhtt_msgs/msg/detail/subtree__type_support.c
-- Installing: /home/tylerjbecker/ros2_ws/src/dhtt_base/install/dhtt_msgs/include/dhtt_msgs/msg/detail/resource__rosidl_typesupport_introspection_c.h
-- Installing: /home/tylerjbecker/ros2_ws/src/dhtt_base/install/dhtt_msgs/include/dhtt_msgs/msg/detail/resource__type_support.c
-- Installing: /home/tylerjbecker/ros2_ws/src/dhtt_base/install/dhtt_msgs/include/dhtt_msgs/msg/detail/pair__type_support.c
-- Installing: /home/tylerjbecker/ros2_ws/src/dhtt_base/install/dhtt_msgs/lib/libdhtt_msgs__rosidl_typesupport_introspection_c.so
-- Set runtime path of "/home/tylerjbecker/ros2_ws/src/dhtt_base/install/dhtt_msgs/lib/libdhtt_msgs__rosidl_typesupport_introspection_c.so" to ""
-- Installing: /home/tylerjbecker/ros2_ws/src/dhtt_base/install/dhtt_msgs/lib/libdhtt_msgs__rosidl_typesupport_c.so
-- Set runtime path of "/home/tylerjbecker/ros2_ws/src/dhtt_base/install/dhtt_msgs/lib/libdhtt_msgs__rosidl_typesupport_c.so" to ""
-- Up-to-date: /home/tylerjbecker/ros2_ws/src/dhtt_base/install/dhtt_msgs/include/dhtt_msgs
-- Up-to-date: /home/tylerjbecker/ros2_ws/src/dhtt_base/install/dhtt_msgs/include/dhtt_msgs/action
-- Up-to-date: /home/tylerjbecker/ros2_ws/src/dhtt_base/install/dhtt_msgs/include/dhtt_msgs/action/detail
-- Installing: /home/tylerjbecker/ros2_ws/src/dhtt_base/install/dhtt_msgs/include/dhtt_msgs/action/detail/activation__type_support.hpp
-- Installing: /home/tylerjbecker/ros2_ws/src/dhtt_base/install/dhtt_msgs/include/dhtt_msgs/action/detail/activation__builder.hpp
-- Installing: /home/tylerjbecker/ros2_ws/src/dhtt_base/install/dhtt_msgs/include/dhtt_msgs/action/detail/activation__traits.hpp
-- Installing: /home/tylerjbecker/ros2_ws/src/dhtt_base/install/dhtt_msgs/include/dhtt_msgs/action/detail/activation__struct.hpp
-- Installing: /home/tylerjbecker/ros2_ws/src/dhtt_base/install/dhtt_msgs/include/dhtt_msgs/action/activation.hpp
-- Up-to-date: /home/tylerjbecker/ros2_ws/src/dhtt_base/install/dhtt_msgs/include/dhtt_msgs/srv
-- Installing: /home/tylerjbecker/ros2_ws/src/dhtt_base/install/dhtt_msgs/include/dhtt_msgs/srv/history_request.hpp
-- Installing: /home/tylerjbecker/ros2_ws/src/dhtt_base/install/dhtt_msgs/include/dhtt_msgs/srv/internal_modify_request.hpp
-- Installing: /home/tylerjbecker/ros2_ws/src/dhtt_base/install/dhtt_msgs/include/dhtt_msgs/srv/modify_request.hpp
-- Up-to-date: /home/tylerjbecker/ros2_ws/src/dhtt_base/install/dhtt_msgs/include/dhtt_msgs/srv/detail
-- Installing: /home/tylerjbecker/ros2_ws/src/dhtt_base/install/dhtt_msgs/include/dhtt_msgs/srv/detail/history_request__type_support.hpp
-- Installing: /home/tylerjbecker/ros2_ws/src/dhtt_base/install/dhtt_msgs/include/dhtt_msgs/srv/detail/internal_control_request__builder.hpp
-- Installing: /home/tylerjbecker/ros2_ws/src/dhtt_base/install/dhtt_msgs/include/dhtt_msgs/srv/detail/history_request__traits.hpp
-- Installing: /home/tylerjbecker/ros2_ws/src/dhtt_base/install/dhtt_msgs/include/dhtt_msgs/srv/detail/internal_modify_request__type_support.hpp
-- Installing: /home/tylerjbecker/ros2_ws/src/dhtt_base/install/dhtt_msgs/include/dhtt_msgs/srv/detail/modify_request__builder.hpp
-- Installing: /home/tylerjbecker/ros2_ws/src/dhtt_base/install/dhtt_msgs/include/dhtt_msgs/srv/detail/internal_modify_request__struct.hpp
-- Installing: /home/tylerjbecker/ros2_ws/src/dhtt_base/install/dhtt_msgs/include/dhtt_msgs/srv/detail/fetch_request__type_support.hpp
-- Installing: /home/tylerjbecker/ros2_ws/src/dhtt_base/install/dhtt_msgs/include/dhtt_msgs/srv/detail/internal_service_registration__struct.hpp
-- Installing: /home/tylerjbecker/ros2_ws/src/dhtt_base/install/dhtt_msgs/include/dhtt_msgs/srv/detail/fetch_info__traits.hpp
-- Installing: /home/tylerjbecker/ros2_ws/src/dhtt_base/install/dhtt_msgs/include/dhtt_msgs/srv/detail/internal_service_registration__builder.hpp
-- Installing: /home/tylerjbecker/ros2_ws/src/dhtt_base/install/dhtt_msgs/include/dhtt_msgs/srv/detail/fetch_info__builder.hpp
-- Installing: /home/tylerjbecker/ros2_ws/src/dhtt_base/install/dhtt_msgs/include/dhtt_msgs/srv/detail/history_request__builder.hpp
-- Installing: /home/tylerjbecker/ros2_ws/src/dhtt_base/install/dhtt_msgs/include/dhtt_msgs/srv/detail/goitr_request__builder.hpp
-- Installing: /home/tylerjbecker/ros2_ws/src/dhtt_base/install/dhtt_msgs/include/dhtt_msgs/srv/detail/fetch_request__struct.hpp
-- Installing: /home/tylerjbecker/ros2_ws/src/dhtt_base/install/dhtt_msgs/include/dhtt_msgs/srv/detail/history_request__struct.hpp
-- Installing: /home/tylerjbecker/ros2_ws/src/dhtt_base/install/dhtt_msgs/include/dhtt_msgs/srv/detail/fetch_info__struct.hpp
-- Installing: /home/tylerjbecker/ros2_ws/src/dhtt_base/install/dhtt_msgs/include/dhtt_msgs/srv/detail/internal_control_request__struct.hpp
-- Installing: /home/tylerjbecker/ros2_ws/src/dhtt_base/install/dhtt_msgs/include/dhtt_msgs/srv/detail/control_request__builder.hpp
-- Installing: /home/tylerjbecker/ros2_ws/src/dhtt_base/install/dhtt_msgs/include/dhtt_msgs/srv/detail/fetch_info__type_support.hpp
-- Installing: /home/tylerjbecker/ros2_ws/src/dhtt_base/install/dhtt_msgs/include/dhtt_msgs/srv/detail/control_request__traits.hpp
-- Installing: /home/tylerjbecker/ros2_ws/src/dhtt_base/install/dhtt_msgs/include/dhtt_msgs/srv/detail/fetch_request__traits.hpp
-- Installing: /home/tylerjbecker/ros2_ws/src/dhtt_base/install/dhtt_msgs/include/dhtt_msgs/srv/detail/goitr_request__traits.hpp
-- Installing: /home/tylerjbecker/ros2_ws/src/dhtt_base/install/dhtt_msgs/include/dhtt_msgs/srv/detail/internal_modify_request__traits.hpp
-- Installing: /home/tylerjbecker/ros2_ws/src/dhtt_base/install/dhtt_msgs/include/dhtt_msgs/srv/detail/modify_request__type_support.hpp
-- Installing: /home/tylerjbecker/ros2_ws/src/dhtt_base/install/dhtt_msgs/include/dhtt_msgs/srv/detail/internal_control_request__traits.hpp
-- Installing: /home/tylerjbecker/ros2_ws/src/dhtt_base/install/dhtt_msgs/include/dhtt_msgs/srv/detail/control_request__struct.hpp
-- Installing: /home/tylerjbecker/ros2_ws/src/dhtt_base/install/dhtt_msgs/include/dhtt_msgs/srv/detail/fetch_request__builder.hpp
-- Installing: /home/tylerjbecker/ros2_ws/src/dhtt_base/install/dhtt_msgs/include/dhtt_msgs/srv/detail/control_request__type_support.hpp
-- Installing: /home/tylerjbecker/ros2_ws/src/dhtt_base/install/dhtt_msgs/include/dhtt_msgs/srv/detail/modify_request__traits.hpp
-- Installing: /home/tylerjbecker/ros2_ws/src/dhtt_base/install/dhtt_msgs/include/dhtt_msgs/srv/detail/modify_request__struct.hpp
-- Installing: /home/tylerjbecker/ros2_ws/src/dhtt_base/install/dhtt_msgs/include/dhtt_msgs/srv/detail/internal_modify_request__builder.hpp
-- Installing: /home/tylerjbecker/ros2_ws/src/dhtt_base/install/dhtt_msgs/include/dhtt_msgs/srv/detail/goitr_request__type_support.hpp
-- Installing: /home/tylerjbecker/ros2_ws/src/dhtt_base/install/dhtt_msgs/include/dhtt_msgs/srv/detail/internal_service_registration__traits.hpp
-- Installing: /home/tylerjbecker/ros2_ws/src/dhtt_base/install/dhtt_msgs/include/dhtt_msgs/srv/detail/internal_service_registration__type_support.hpp
-- Installing: /home/tylerjbecker/ros2_ws/src/dhtt_base/install/dhtt_msgs/include/dhtt_msgs/srv/detail/internal_control_request__type_support.hpp
-- Installing: /home/tylerjbecker/ros2_ws/src/dhtt_base/install/dhtt_msgs/include/dhtt_msgs/srv/detail/goitr_request__struct.hpp
-- Installing: /home/tylerjbecker/ros2_ws/src/dhtt_base/install/dhtt_msgs/include/dhtt_msgs/srv/fetch_request.hpp
-- Installing: /home/tylerjbecker/ros2_ws/src/dhtt_base/install/dhtt_msgs/include/dhtt_msgs/srv/internal_service_registration.hpp
-- Installing: /home/tylerjbecker/ros2_ws/src/dhtt_base/install/dhtt_msgs/include/dhtt_msgs/srv/fetch_info.hpp
-- Installing: /home/tylerjbecker/ros2_ws/src/dhtt_base/install/dhtt_msgs/include/dhtt_msgs/srv/internal_control_request.hpp
-- Installing: /home/tylerjbecker/ros2_ws/src/dhtt_base/install/dhtt_msgs/include/dhtt_msgs/srv/control_request.hpp
-- Installing: /home/tylerjbecker/ros2_ws/src/dhtt_base/install/dhtt_msgs/include/dhtt_msgs/srv/goitr_request.hpp
-- Up-to-date: /home/tylerjbecker/ros2_ws/src/dhtt_base/install/dhtt_msgs/include/dhtt_msgs/msg
-- Installing: /home/tylerjbecker/ros2_ws/src/dhtt_base/install/dhtt_msgs/include/dhtt_msgs/msg/resources.hpp
-- Installing: /home/tylerjbecker/ros2_ws/src/dhtt_base/install/dhtt_msgs/include/dhtt_msgs/msg/node.hpp
-- Installing: /home/tylerjbecker/ros2_ws/src/dhtt_base/install/dhtt_msgs/include/dhtt_msgs/msg/update_info.hpp
-- Up-to-date: /home/tylerjbecker/ros2_ws/src/dhtt_base/install/dhtt_msgs/include/dhtt_msgs/msg/detail
-- Installing: /home/tylerjbecker/ros2_ws/src/dhtt_base/install/dhtt_msgs/include/dhtt_msgs/msg/detail/resource__traits.hpp
-- Installing: /home/tylerjbecker/ros2_ws/src/dhtt_base/install/dhtt_msgs/include/dhtt_msgs/msg/detail/node_status__traits.hpp
-- Installing: /home/tylerjbecker/ros2_ws/src/dhtt_base/install/dhtt_msgs/include/dhtt_msgs/msg/detail/node__builder.hpp
-- Installing: /home/tylerjbecker/ros2_ws/src/dhtt_base/install/dhtt_msgs/include/dhtt_msgs/msg/detail/resource__struct.hpp
-- Installing: /home/tylerjbecker/ros2_ws/src/dhtt_base/install/dhtt_msgs/include/dhtt_msgs/msg/detail/node__type_support.hpp
-- Installing: /home/tylerjbecker/ros2_ws/src/dhtt_base/install/dhtt_msgs/include/dhtt_msgs/msg/detail/node__struct.hpp
-- Installing: /home/tylerjbecker/ros2_ws/src/dhtt_base/install/dhtt_msgs/include/dhtt_msgs/msg/detail/resources__type_support.hpp
-- Installing: /home/tylerjbecker/ros2_ws/src/dhtt_base/install/dhtt_msgs/include/dhtt_msgs/msg/detail/subtree__type_support.hpp
-- Installing: /home/tylerjbecker/ros2_ws/src/dhtt_base/install/dhtt_msgs/include/dhtt_msgs/msg/detail/node_status__struct.hpp
-- Installing: /home/tylerjbecker/ros2_ws/src/dhtt_base/install/dhtt_msgs/include/dhtt_msgs/msg/detail/subtree__builder.hpp
-- Installing: /home/tylerjbecker/ros2_ws/src/dhtt_base/install/dhtt_msgs/include/dhtt_msgs/msg/detail/resources__struct.hpp
-- Installing: /home/tylerjbecker/ros2_ws/src/dhtt_base/install/dhtt_msgs/include/dhtt_msgs/msg/detail/node_status__builder.hpp
-- Installing: /home/tylerjbecker/ros2_ws/src/dhtt_base/install/dhtt_msgs/include/dhtt_msgs/msg/detail/update_info__type_support.hpp
-- Installing: /home/tylerjbecker/ros2_ws/src/dhtt_base/install/dhtt_msgs/include/dhtt_msgs/msg/detail/resources__traits.hpp
-- Installing: /home/tylerjbecker/ros2_ws/src/dhtt_base/install/dhtt_msgs/include/dhtt_msgs/msg/detail/resource__type_support.hpp
-- Installing: /home/tylerjbecker/ros2_ws/src/dhtt_base/install/dhtt_msgs/include/dhtt_msgs/msg/detail/pair__struct.hpp
-- Installing: /home/tylerjbecker/ros2_ws/src/dhtt_base/install/dhtt_msgs/include/dhtt_msgs/msg/detail/pair__builder.hpp
-- Installing: /home/tylerjbecker/ros2_ws/src/dhtt_base/install/dhtt_msgs/include/dhtt_msgs/msg/detail/node__traits.hpp
-- Installing: /home/tylerjbecker/ros2_ws/src/dhtt_base/install/dhtt_msgs/include/dhtt_msgs/msg/detail/resources__builder.hpp
-- Installing: /home/tylerjbecker/ros2_ws/src/dhtt_base/install/dhtt_msgs/include/dhtt_msgs/msg/detail/node_status__type_support.hpp
-- Installing: /home/tylerjbecker/ros2_ws/src/dhtt_base/install/dhtt_msgs/include/dhtt_msgs/msg/detail/subtree__traits.hpp
-- Installing: /home/tylerjbecker/ros2_ws/src/dhtt_base/install/dhtt_msgs/include/dhtt_msgs/msg/detail/subtree__struct.hpp
-- Installing: /home/tylerjbecker/ros2_ws/src/dhtt_base/install/dhtt_msgs/include/dhtt_msgs/msg/detail/resource__builder.hpp
-- Installing: /home/tylerjbecker/ros2_ws/src/dhtt_base/install/dhtt_msgs/include/dhtt_msgs/msg/detail/update_info__traits.hpp
-- Installing: /home/tylerjbecker/ros2_ws/src/dhtt_base/install/dhtt_msgs/include/dhtt_msgs/msg/detail/pair__type_support.hpp
-- Installing: /home/tylerjbecker/ros2_ws/src/dhtt_base/install/dhtt_msgs/include/dhtt_msgs/msg/detail/pair__traits.hpp
-- Installing: /home/tylerjbecker/ros2_ws/src/dhtt_base/install/dhtt_msgs/include/dhtt_msgs/msg/detail/update_info__builder.hpp
-- Installing: /home/tylerjbecker/ros2_ws/src/dhtt_base/install/dhtt_msgs/include/dhtt_msgs/msg/detail/update_info__struct.hpp
-- Installing: /home/tylerjbecker/ros2_ws/src/dhtt_base/install/dhtt_msgs/include/dhtt_msgs/msg/resource.hpp
-- Installing: /home/tylerjbecker/ros2_ws/src/dhtt_base/install/dhtt_msgs/include/dhtt_msgs/msg/node_status.hpp
-- Installing: /home/tylerjbecker/ros2_ws/src/dhtt_base/install/dhtt_msgs/include/dhtt_msgs/msg/rosidl_generator_cpp__visibility_control.hpp
-- Installing: /home/tylerjbecker/ros2_ws/src/dhtt_base/install/dhtt_msgs/include/dhtt_msgs/msg/pair.hpp
-- Installing: /home/tylerjbecker/ros2_ws/src/dhtt_base/install/dhtt_msgs/include/dhtt_msgs/msg/subtree.hpp
-- Up-to-date: /home/tylerjbecker/ros2_ws/src/dhtt_base/install/dhtt_msgs/include/dhtt_msgs
-- Up-to-date: /home/tylerjbecker/ros2_ws/src/dhtt_base/install/dhtt_msgs/include/dhtt_msgs/action
-- Up-to-date: /home/tylerjbecker/ros2_ws/src/dhtt_base/install/dhtt_msgs/include/dhtt_msgs/action/detail
-- Installing: /home/tylerjbecker/ros2_ws/src/dhtt_base/install/dhtt_msgs/include/dhtt_msgs/action/detail/activation__type_support.cpp
-- Installing: /home/tylerjbecker/ros2_ws/src/dhtt_base/install/dhtt_msgs/include/dhtt_msgs/action/detail/activation__rosidl_typesupport_introspection_cpp.hpp
-- Up-to-date: /home/tylerjbecker/ros2_ws/src/dhtt_base/install/dhtt_msgs/include/dhtt_msgs/srv
-- Up-to-date: /home/tylerjbecker/ros2_ws/src/dhtt_base/install/dhtt_msgs/include/dhtt_msgs/srv/detail
-- Installing: /home/tylerjbecker/ros2_ws/src/dhtt_base/install/dhtt_msgs/include/dhtt_msgs/srv/detail/control_request__type_support.cpp
-- Installing: /home/tylerjbecker/ros2_ws/src/dhtt_base/install/dhtt_msgs/include/dhtt_msgs/srv/detail/fetch_request__rosidl_typesupport_introspection_cpp.hpp
-- Installing: /home/tylerjbecker/ros2_ws/src/dhtt_base/install/dhtt_msgs/include/dhtt_msgs/srv/detail/goitr_request__rosidl_typesupport_introspection_cpp.hpp
-- Installing: /home/tylerjbecker/ros2_ws/src/dhtt_base/install/dhtt_msgs/include/dhtt_msgs/srv/detail/fetch_info__rosidl_typesupport_introspection_cpp.hpp
-- Installing: /home/tylerjbecker/ros2_ws/src/dhtt_base/install/dhtt_msgs/include/dhtt_msgs/srv/detail/modify_request__rosidl_typesupport_introspection_cpp.hpp
-- Installing: /home/tylerjbecker/ros2_ws/src/dhtt_base/install/dhtt_msgs/include/dhtt_msgs/srv/detail/history_request__rosidl_typesupport_introspection_cpp.hpp
-- Installing: /home/tylerjbecker/ros2_ws/src/dhtt_base/install/dhtt_msgs/include/dhtt_msgs/srv/detail/internal_control_request__type_support.cpp
-- Installing: /home/tylerjbecker/ros2_ws/src/dhtt_base/install/dhtt_msgs/include/dhtt_msgs/srv/detail/internal_modify_request__type_support.cpp
-- Installing: /home/tylerjbecker/ros2_ws/src/dhtt_base/install/dhtt_msgs/include/dhtt_msgs/srv/detail/internal_control_request__rosidl_typesupport_introspection_cpp.hpp
-- Installing: /home/tylerjbecker/ros2_ws/src/dhtt_base/install/dhtt_msgs/include/dhtt_msgs/srv/detail/modify_request__type_support.cpp
-- Installing: /home/tylerjbecker/ros2_ws/src/dhtt_base/install/dhtt_msgs/include/dhtt_msgs/srv/detail/internal_service_registration__type_support.cpp
-- Installing: /home/tylerjbecker/ros2_ws/src/dhtt_base/install/dhtt_msgs/include/dhtt_msgs/srv/detail/fetch_request__type_support.cpp
-- Installing: /home/tylerjbecker/ros2_ws/src/dhtt_base/install/dhtt_msgs/include/dhtt_msgs/srv/detail/internal_modify_request__rosidl_typesupport_introspection_cpp.hpp
-- Installing: /home/tylerjbecker/ros2_ws/src/dhtt_base/install/dhtt_msgs/include/dhtt_msgs/srv/detail/fetch_info__type_support.cpp
-- Installing: /home/tylerjbecker/ros2_ws/src/dhtt_base/install/dhtt_msgs/include/dhtt_msgs/srv/detail/control_request__rosidl_typesupport_introspection_cpp.hpp
-- Installing: /home/tylerjbecker/ros2_ws/src/dhtt_base/install/dhtt_msgs/include/dhtt_msgs/srv/detail/goitr_request__type_support.cpp
-- Installing: /home/tylerjbecker/ros2_ws/src/dhtt_base/install/dhtt_msgs/include/dhtt_msgs/srv/detail/internal_service_registration__rosidl_typesupport_introspection_cpp.hpp
-- Installing: /home/tylerjbecker/ros2_ws/src/dhtt_base/install/dhtt_msgs/include/dhtt_msgs/srv/detail/history_request__type_support.cpp
-- Up-to-date: /home/tylerjbecker/ros2_ws/src/dhtt_base/install/dhtt_msgs/include/dhtt_msgs/msg
-- Up-to-date: /home/tylerjbecker/ros2_ws/src/dhtt_base/install/dhtt_msgs/include/dhtt_msgs/msg/detail
-- Installing: /home/tylerjbecker/ros2_ws/src/dhtt_base/install/dhtt_msgs/include/dhtt_msgs/msg/detail/pair__type_support.cpp
-- Installing: /home/tylerjbecker/ros2_ws/src/dhtt_base/install/dhtt_msgs/include/dhtt_msgs/msg/detail/pair__rosidl_typesupport_introspection_cpp.hpp
-- Installing: /home/tylerjbecker/ros2_ws/src/dhtt_base/install/dhtt_msgs/include/dhtt_msgs/msg/detail/resources__type_support.cpp
-- Installing: /home/tylerjbecker/ros2_ws/src/dhtt_base/install/dhtt_msgs/include/dhtt_msgs/msg/detail/update_info__type_support.cpp
-- Installing: /home/tylerjbecker/ros2_ws/src/dhtt_base/install/dhtt_msgs/include/dhtt_msgs/msg/detail/subtree__rosidl_typesupport_introspection_cpp.hpp
-- Installing: /home/tylerjbecker/ros2_ws/src/dhtt_base/install/dhtt_msgs/include/dhtt_msgs/msg/detail/update_info__rosidl_typesupport_introspection_cpp.hpp
-- Installing: /home/tylerjbecker/ros2_ws/src/dhtt_base/install/dhtt_msgs/include/dhtt_msgs/msg/detail/resource__type_support.cpp
-- Installing: /home/tylerjbecker/ros2_ws/src/dhtt_base/install/dhtt_msgs/include/dhtt_msgs/msg/detail/node_status__type_support.cpp
-- Installing: /home/tylerjbecker/ros2_ws/src/dhtt_base/install/dhtt_msgs/include/dhtt_msgs/msg/detail/subtree__type_support.cpp
-- Installing: /home/tylerjbecker/ros2_ws/src/dhtt_base/install/dhtt_msgs/include/dhtt_msgs/msg/detail/resource__rosidl_typesupport_introspection_cpp.hpp
-- Installing: /home/tylerjbecker/ros2_ws/src/dhtt_base/install/dhtt_msgs/include/dhtt_msgs/msg/detail/resources__rosidl_typesupport_introspection_cpp.hpp
-- Installing: /home/tylerjbecker/ros2_ws/src/dhtt_base/install/dhtt_msgs/include/dhtt_msgs/msg/detail/node__rosidl_typesupport_introspection_cpp.hpp
-- Installing: /home/tylerjbecker/ros2_ws/src/dhtt_base/install/dhtt_msgs/include/dhtt_msgs/msg/detail/node__type_support.cpp
-- Installing: /home/tylerjbecker/ros2_ws/src/dhtt_base/install/dhtt_msgs/include/dhtt_msgs/msg/detail/node_status__rosidl_typesupport_introspection_cpp.hpp
-- Installing: /home/tylerjbecker/ros2_ws/src/dhtt_base/install/dhtt_msgs/lib/libdhtt_msgs__rosidl_typesupport_introspection_cpp.so
-- Set runtime path of "/home/tylerjbecker/ros2_ws/src/dhtt_base/install/dhtt_msgs/lib/libdhtt_msgs__rosidl_typesupport_introspection_cpp.so" to ""
-- Installing: /home/tylerjbecker/ros2_ws/src/dhtt_base/install/dhtt_msgs/lib/libdhtt_msgs__rosidl_typesupport_cpp.so
-- Set runtime path of "/home/tylerjbecker/ros2_ws/src/dhtt_base/install/dhtt_msgs/lib/libdhtt_msgs__rosidl_typesupport_cpp.so" to ""
-- Installing: /home/tylerjbecker/ros2_ws/src/dhtt_base/install/dhtt_msgs/share/dhtt_msgs/environment/pythonpath.sh
-- Installing: /home/tylerjbecker/ros2_ws/src/dhtt_base/install/dhtt_msgs/share/dhtt_msgs/environment/pythonpath.dsv
-- Installing: /home/tylerjbecker/ros2_ws/src/dhtt_base/install/dhtt_msgs/lib/python3.8/site-packages/dhtt_msgs/__init__.py
Compiling '/home/tylerjbecker/ros2_ws/src/dhtt_base/install/dhtt_msgs/lib/python3.8/site-packages/dhtt_msgs/__init__.py'...
-- Installing: /home/tylerjbecker/ros2_ws/src/dhtt_base/install/dhtt_msgs/lib/python3.8/site-packages/dhtt_msgs/msg
-- Installing: /home/tylerjbecker/ros2_ws/src/dhtt_base/install/dhtt_msgs/lib/python3.8/site-packages/dhtt_msgs/msg/_node_s.c
-- Installing: /home/tylerjbecker/ros2_ws/src/dhtt_base/install/dhtt_msgs/lib/python3.8/site-packages/dhtt_msgs/msg/_subtree_s.c
-- Installing: /home/tylerjbecker/ros2_ws/src/dhtt_base/install/dhtt_msgs/lib/python3.8/site-packages/dhtt_msgs/msg/_resource.py
-- Installing: /home/tylerjbecker/ros2_ws/src/dhtt_base/install/dhtt_msgs/lib/python3.8/site-packages/dhtt_msgs/msg/_resource_s.c
-- Installing: /home/tylerjbecker/ros2_ws/src/dhtt_base/install/dhtt_msgs/lib/python3.8/site-packages/dhtt_msgs/msg/_node.py
-- Installing: /home/tylerjbecker/ros2_ws/src/dhtt_base/install/dhtt_msgs/lib/python3.8/site-packages/dhtt_msgs/msg/_resources_s.c
-- Installing: /home/tylerjbecker/ros2_ws/src/dhtt_base/install/dhtt_msgs/lib/python3.8/site-packages/dhtt_msgs/msg/_resources.py
-- Installing: /home/tylerjbecker/ros2_ws/src/dhtt_base/install/dhtt_msgs/lib/python3.8/site-packages/dhtt_msgs/msg/_pair.py
-- Installing: /home/tylerjbecker/ros2_ws/src/dhtt_base/install/dhtt_msgs/lib/python3.8/site-packages/dhtt_msgs/msg/__init__.py
-- Installing: /home/tylerjbecker/ros2_ws/src/dhtt_base/install/dhtt_msgs/lib/python3.8/site-packages/dhtt_msgs/msg/_pair_s.c
-- Installing: /home/tylerjbecker/ros2_ws/src/dhtt_base/install/dhtt_msgs/lib/python3.8/site-packages/dhtt_msgs/msg/_node_status_s.c
-- Installing: /home/tylerjbecker/ros2_ws/src/dhtt_base/install/dhtt_msgs/lib/python3.8/site-packages/dhtt_msgs/msg/_node_status.py
-- Installing: /home/tylerjbecker/ros2_ws/src/dhtt_base/install/dhtt_msgs/lib/python3.8/site-packages/dhtt_msgs/msg/_update_info.py
-- Installing: /home/tylerjbecker/ros2_ws/src/dhtt_base/install/dhtt_msgs/lib/python3.8/site-packages/dhtt_msgs/msg/_update_info_s.c
-- Installing: /home/tylerjbecker/ros2_ws/src/dhtt_base/install/dhtt_msgs/lib/python3.8/site-packages/dhtt_msgs/msg/_subtree.py
-- Installing: /home/tylerjbecker/ros2_ws/src/dhtt_base/install/dhtt_msgs/lib/python3.8/site-packages/dhtt_msgs/srv
-- Installing: /home/tylerjbecker/ros2_ws/src/dhtt_base/install/dhtt_msgs/lib/python3.8/site-packages/dhtt_msgs/srv/_fetch_info.py
-- Installing: /home/tylerjbecker/ros2_ws/src/dhtt_base/install/dhtt_msgs/lib/python3.8/site-packages/dhtt_msgs/srv/_control_request_s.c
-- Installing: /home/tylerjbecker/ros2_ws/src/dhtt_base/install/dhtt_msgs/lib/python3.8/site-packages/dhtt_msgs/srv/_internal_control_request_s.c
-- Installing: /home/tylerjbecker/ros2_ws/src/dhtt_base/install/dhtt_msgs/lib/python3.8/site-packages/dhtt_msgs/srv/_internal_service_registration.py
-- Installing: /home/tylerjbecker/ros2_ws/src/dhtt_base/install/dhtt_msgs/lib/python3.8/site-packages/dhtt_msgs/srv/_fetch_request_s.c
-- Installing: /home/tylerjbecker/ros2_ws/src/dhtt_base/install/dhtt_msgs/lib/python3.8/site-packages/dhtt_msgs/srv/_fetch_request.py
-- Installing: /home/tylerjbecker/ros2_ws/src/dhtt_base/install/dhtt_msgs/lib/python3.8/site-packages/dhtt_msgs/srv/_fetch_info_s.c
-- Installing: /home/tylerjbecker/ros2_ws/src/dhtt_base/install/dhtt_msgs/lib/python3.8/site-packages/dhtt_msgs/srv/_internal_control_request.py
-- Installing: /home/tylerjbecker/ros2_ws/src/dhtt_base/install/dhtt_msgs/lib/python3.8/site-packages/dhtt_msgs/srv/_control_request.py
-- Installing: /home/tylerjbecker/ros2_ws/src/dhtt_base/install/dhtt_msgs/lib/python3.8/site-packages/dhtt_msgs/srv/__init__.py
-- Installing: /home/tylerjbecker/ros2_ws/src/dhtt_base/install/dhtt_msgs/lib/python3.8/site-packages/dhtt_msgs/srv/_internal_modify_request_s.c
-- Installing: /home/tylerjbecker/ros2_ws/src/dhtt_base/install/dhtt_msgs/lib/python3.8/site-packages/dhtt_msgs/srv/_internal_modify_request.py
-- Installing: /home/tylerjbecker/ros2_ws/src/dhtt_base/install/dhtt_msgs/lib/python3.8/site-packages/dhtt_msgs/srv/_goitr_request_s.c
-- Installing: /home/tylerjbecker/ros2_ws/src/dhtt_base/install/dhtt_msgs/lib/python3.8/site-packages/dhtt_msgs/srv/_modify_request.py
-- Installing: /home/tylerjbecker/ros2_ws/src/dhtt_base/install/dhtt_msgs/lib/python3.8/site-packages/dhtt_msgs/srv/_history_request.py
-- Installing: /home/tylerjbecker/ros2_ws/src/dhtt_base/install/dhtt_msgs/lib/python3.8/site-packages/dhtt_msgs/srv/_goitr_request.py
-- Installing: /home/tylerjbecker/ros2_ws/src/dhtt_base/install/dhtt_msgs/lib/python3.8/site-packages/dhtt_msgs/srv/_internal_service_registration_s.c
-- Installing: /home/tylerjbecker/ros2_ws/src/dhtt_base/install/dhtt_msgs/lib/python3.8/site-packages/dhtt_msgs/srv/_modify_request_s.c
-- Installing: /home/tylerjbecker/ros2_ws/src/dhtt_base/install/dhtt_msgs/lib/python3.8/site-packages/dhtt_msgs/srv/_history_request_s.c
-- Installing: /home/tylerjbecker/ros2_ws/src/dhtt_base/install/dhtt_msgs/lib/python3.8/site-packages/dhtt_msgs/action
-- Installing: /home/tylerjbecker/ros2_ws/src/dhtt_base/install/dhtt_msgs/lib/python3.8/site-packages/dhtt_msgs/action/_activation_s.c
-- Installing: /home/tylerjbecker/ros2_ws/src/dhtt_base/install/dhtt_msgs/lib/python3.8/site-packages/dhtt_msgs/action/_activation.py
-- Installing: /home/tylerjbecker/ros2_ws/src/dhtt_base/install/dhtt_msgs/lib/python3.8/site-packages/dhtt_msgs/action/__init__.py
-- Installing: /home/tylerjbecker/ros2_ws/src/dhtt_base/install/dhtt_msgs/lib/python3.8/site-packages/dhtt_msgs/dhtt_msgs_s__rosidl_typesupport_fastrtps_c.cpython-38-x86_64-linux-gnu.so
-- Set runtime path of "/home/tylerjbecker/ros2_ws/src/dhtt_base/install/dhtt_msgs/lib/python3.8/site-packages/dhtt_msgs/dhtt_msgs_s__rosidl_typesupport_fastrtps_c.cpython-38-x86_64-linux-gnu.so" to ""
-- Installing: /home/tylerjbecker/ros2_ws/src/dhtt_base/install/dhtt_msgs/lib/python3.8/site-packages/dhtt_msgs/dhtt_msgs_s__rosidl_typesupport_introspection_c.cpython-38-x86_64-linux-gnu.so
-- Set runtime path of "/home/tylerjbecker/ros2_ws/src/dhtt_base/install/dhtt_msgs/lib/python3.8/site-packages/dhtt_msgs/dhtt_msgs_s__rosidl_typesupport_introspection_c.cpython-38-x86_64-linux-gnu.so" to ""
-- Installing: /home/tylerjbecker/ros2_ws/src/dhtt_base/install/dhtt_msgs/lib/python3.8/site-packages/dhtt_msgs/dhtt_msgs_s__rosidl_typesupport_c.cpython-38-x86_64-linux-gnu.so
-- Set runtime path of "/home/tylerjbecker/ros2_ws/src/dhtt_base/install/dhtt_msgs/lib/python3.8/site-packages/dhtt_msgs/dhtt_msgs_s__rosidl_typesupport_c.cpython-38-x86_64-linux-gnu.so" to ""
-- Installing: /home/tylerjbecker/ros2_ws/src/dhtt_base/install/dhtt_msgs/lib/libdhtt_msgs__python.so
-- Set runtime path of "/home/tylerjbecker/ros2_ws/src/dhtt_base/install/dhtt_msgs/lib/libdhtt_msgs__python.so" to ""
-- Installing: /home/tylerjbecker/ros2_ws/src/dhtt_base/install/dhtt_msgs/share/dhtt_msgs/msg/Node.idl
-- Installing: /home/tylerjbecker/ros2_ws/src/dhtt_base/install/dhtt_msgs/share/dhtt_msgs/msg/Subtree.idl
-- Installing: /home/tylerjbecker/ros2_ws/src/dhtt_base/install/dhtt_msgs/share/dhtt_msgs/msg/Resource.idl
-- Installing: /home/tylerjbecker/ros2_ws/src/dhtt_base/install/dhtt_msgs/share/dhtt_msgs/msg/Resources.idl
-- Installing: /home/tylerjbecker/ros2_ws/src/dhtt_base/install/dhtt_msgs/share/dhtt_msgs/msg/NodeStatus.idl
-- Installing: /home/tylerjbecker/ros2_ws/src/dhtt_base/install/dhtt_msgs/share/dhtt_msgs/msg/Pair.idl
-- Installing: /home/tylerjbecker/ros2_ws/src/dhtt_base/install/dhtt_msgs/share/dhtt_msgs/msg/UpdateInfo.idl
-- Installing: /home/tylerjbecker/ros2_ws/src/dhtt_base/install/dhtt_msgs/share/dhtt_msgs/srv/ControlRequest.idl
-- Installing: /home/tylerjbecker/ros2_ws/src/dhtt_base/install/dhtt_msgs/share/dhtt_msgs/srv/FetchRequest.idl
-- Installing: /home/tylerjbecker/ros2_ws/src/dhtt_base/install/dhtt_msgs/share/dhtt_msgs/srv/ModifyRequest.idl
-- Installing: /home/tylerjbecker/ros2_ws/src/dhtt_base/install/dhtt_msgs/share/dhtt_msgs/srv/HistoryRequest.idl
-- Installing: /home/tylerjbecker/ros2_ws/src/dhtt_base/install/dhtt_msgs/share/dhtt_msgs/srv/InternalControlRequest.idl
-- Installing: /home/tylerjbecker/ros2_ws/src/dhtt_base/install/dhtt_msgs/share/dhtt_msgs/srv/InternalModifyRequest.idl
-- Installing: /home/tylerjbecker/ros2_ws/src/dhtt_base/install/dhtt_msgs/share/dhtt_msgs/srv/InternalServiceRegistration.idl
-- Installing: /home/tylerjbecker/ros2_ws/src/dhtt_base/install/dhtt_msgs/share/dhtt_msgs/srv/FetchInfo.idl
-- Installing: /home/tylerjbecker/ros2_ws/src/dhtt_base/install/dhtt_msgs/share/dhtt_msgs/srv/GoitrRequest.idl
-- Installing: /home/tylerjbecker/ros2_ws/src/dhtt_base/install/dhtt_msgs/share/dhtt_msgs/action/Activation.idl
-- Installing: /home/tylerjbecker/ros2_ws/src/dhtt_base/install/dhtt_msgs/share/dhtt_msgs/msg/Node.msg
-- Installing: /home/tylerjbecker/ros2_ws/src/dhtt_base/install/dhtt_msgs/share/dhtt_msgs/msg/Subtree.msg
-- Installing: /home/tylerjbecker/ros2_ws/src/dhtt_base/install/dhtt_msgs/share/dhtt_msgs/msg/Resource.msg
-- Installing: /home/tylerjbecker/ros2_ws/src/dhtt_base/install/dhtt_msgs/share/dhtt_msgs/msg/Resources.msg
-- Installing: /home/tylerjbecker/ros2_ws/src/dhtt_base/install/dhtt_msgs/share/dhtt_msgs/msg/NodeStatus.msg
-- Installing: /home/tylerjbecker/ros2_ws/src/dhtt_base/install/dhtt_msgs/share/dhtt_msgs/msg/Pair.msg
-- Installing: /home/tylerjbecker/ros2_ws/src/dhtt_base/install/dhtt_msgs/share/dhtt_msgs/msg/UpdateInfo.msg
-- Installing: /home/tylerjbecker/ros2_ws/src/dhtt_base/install/dhtt_msgs/share/dhtt_msgs/srv/ControlRequest.srv
-- Installing: /home/tylerjbecker/ros2_ws/src/dhtt_base/install/dhtt_msgs/share/dhtt_msgs/srv/ControlRequest_Request.msg
-- Installing: /home/tylerjbecker/ros2_ws/src/dhtt_base/install/dhtt_msgs/share/dhtt_msgs/srv/ControlRequest_Response.msg
-- Installing: /home/tylerjbecker/ros2_ws/src/dhtt_base/install/dhtt_msgs/share/dhtt_msgs/srv/FetchRequest.srv
-- Installing: /home/tylerjbecker/ros2_ws/src/dhtt_base/install/dhtt_msgs/share/dhtt_msgs/srv/FetchRequest_Request.msg
-- Installing: /home/tylerjbecker/ros2_ws/src/dhtt_base/install/dhtt_msgs/share/dhtt_msgs/srv/FetchRequest_Response.msg
-- Installing: /home/tylerjbecker/ros2_ws/src/dhtt_base/install/dhtt_msgs/share/dhtt_msgs/srv/ModifyRequest.srv
-- Installing: /home/tylerjbecker/ros2_ws/src/dhtt_base/install/dhtt_msgs/share/dhtt_msgs/srv/ModifyRequest_Request.msg
-- Installing: /home/tylerjbecker/ros2_ws/src/dhtt_base/install/dhtt_msgs/share/dhtt_msgs/srv/ModifyRequest_Response.msg
-- Installing: /home/tylerjbecker/ros2_ws/src/dhtt_base/install/dhtt_msgs/share/dhtt_msgs/srv/HistoryRequest.srv
-- Installing: /home/tylerjbecker/ros2_ws/src/dhtt_base/install/dhtt_msgs/share/dhtt_msgs/srv/HistoryRequest_Request.msg
-- Installing: /home/tylerjbecker/ros2_ws/src/dhtt_base/install/dhtt_msgs/share/dhtt_msgs/srv/HistoryRequest_Response.msg
-- Installing: /home/tylerjbecker/ros2_ws/src/dhtt_base/install/dhtt_msgs/share/dhtt_msgs/srv/InternalControlRequest.srv
-- Installing: /home/tylerjbecker/ros2_ws/src/dhtt_base/install/dhtt_msgs/share/dhtt_msgs/srv/InternalControlRequest_Request.msg
-- Installing: /home/tylerjbecker/ros2_ws/src/dhtt_base/install/dhtt_msgs/share/dhtt_msgs/srv/InternalControlRequest_Response.msg
-- Installing: /home/tylerjbecker/ros2_ws/src/dhtt_base/install/dhtt_msgs/share/dhtt_msgs/srv/InternalModifyRequest.srv
-- Installing: /home/tylerjbecker/ros2_ws/src/dhtt_base/install/dhtt_msgs/share/dhtt_msgs/srv/InternalModifyRequest_Request.msg
-- Installing: /home/tylerjbecker/ros2_ws/src/dhtt_base/install/dhtt_msgs/share/dhtt_msgs/srv/InternalModifyRequest_Response.msg
-- Installing: /home/tylerjbecker/ros2_ws/src/dhtt_base/install/dhtt_msgs/share/dhtt_msgs/srv/InternalServiceRegistration.srv
-- Installing: /home/tylerjbecker/ros2_ws/src/dhtt_base/install/dhtt_msgs/share/dhtt_msgs/srv/InternalServiceRegistration_Request.msg
-- Installing: /home/tylerjbecker/ros2_ws/src/dhtt_base/install/dhtt_msgs/share/dhtt_msgs/srv/InternalServiceRegistration_Response.msg
-- Installing: /home/tylerjbecker/ros2_ws/src/dhtt_base/install/dhtt_msgs/share/dhtt_msgs/srv/FetchInfo.srv
-- Installing: /home/tylerjbecker/ros2_ws/src/dhtt_base/install/dhtt_msgs/share/dhtt_msgs/srv/FetchInfo_Request.msg
-- Installing: /home/tylerjbecker/ros2_ws/src/dhtt_base/install/dhtt_msgs/share/dhtt_msgs/srv/FetchInfo_Response.msg
-- Installing: /home/tylerjbecker/ros2_ws/src/dhtt_base/install/dhtt_msgs/share/dhtt_msgs/srv/GoitrRequest.srv
-- Installing: /home/tylerjbecker/ros2_ws/src/dhtt_base/install/dhtt_msgs/share/dhtt_msgs/srv/GoitrRequest_Request.msg
-- Installing: /home/tylerjbecker/ros2_ws/src/dhtt_base/install/dhtt_msgs/share/dhtt_msgs/srv/GoitrRequest_Response.msg
-- Installing: /home/tylerjbecker/ros2_ws/src/dhtt_base/install/dhtt_msgs/share/dhtt_msgs/action/Activation.action
-- Installing: /home/tylerjbecker/ros2_ws/src/dhtt_base/install/dhtt_msgs/share/ament_index/resource_index/package_run_dependencies/dhtt_msgs
-- Installing: /home/tylerjbecker/ros2_ws/src/dhtt_base/install/dhtt_msgs/share/ament_index/resource_index/parent_prefix_path/dhtt_msgs
-- Installing: /home/tylerjbecker/ros2_ws/src/dhtt_base/install/dhtt_msgs/share/dhtt_msgs/environment/ament_prefix_path.sh
-- Installing: /home/tylerjbecker/ros2_ws/src/dhtt_base/install/dhtt_msgs/share/dhtt_msgs/environment/ament_prefix_path.dsv
-- Installing: /home/tylerjbecker/ros2_ws/src/dhtt_base/install/dhtt_msgs/share/dhtt_msgs/environment/path.sh
-- Installing: /home/tylerjbecker/ros2_ws/src/dhtt_base/install/dhtt_msgs/share/dhtt_msgs/environment/path.dsv
-- Installing: /home/tylerjbecker/ros2_ws/src/dhtt_base/install/dhtt_msgs/share/dhtt_msgs/local_setup.bash
-- Installing: /home/tylerjbecker/ros2_ws/src/dhtt_base/install/dhtt_msgs/share/dhtt_msgs/local_setup.sh
-- Installing: /home/tylerjbecker/ros2_ws/src/dhtt_base/install/dhtt_msgs/share/dhtt_msgs/local_setup.zsh
-- Installing: /home/tylerjbecker/ros2_ws/src/dhtt_base/install/dhtt_msgs/share/dhtt_msgs/local_setup.dsv
-- Installing: /home/tylerjbecker/ros2_ws/src/dhtt_base/install/dhtt_msgs/share/dhtt_msgs/package.dsv
-- Installing: /home/tylerjbecker/ros2_ws/src/dhtt_base/install/dhtt_msgs/share/ament_index/resource_index/packages/dhtt_msgs
-- Installing: /home/tylerjbecker/ros2_ws/src/dhtt_base/install/dhtt_msgs/share/dhtt_msgs/cmake/dhtt_msgs__rosidl_generator_cExport.cmake
-- Installing: /home/tylerjbecker/ros2_ws/src/dhtt_base/install/dhtt_msgs/share/dhtt_msgs/cmake/dhtt_msgs__rosidl_generator_cExport-noconfig.cmake
-- Installing: /home/tylerjbecker/ros2_ws/src/dhtt_base/install/dhtt_msgs/share/dhtt_msgs/cmake/dhtt_msgs__rosidl_typesupport_introspection_cExport.cmake
-- Installing: /home/tylerjbecker/ros2_ws/src/dhtt_base/install/dhtt_msgs/share/dhtt_msgs/cmake/dhtt_msgs__rosidl_typesupport_introspection_cExport-noconfig.cmake
-- Installing: /home/tylerjbecker/ros2_ws/src/dhtt_base/install/dhtt_msgs/share/dhtt_msgs/cmake/dhtt_msgs__rosidl_typesupport_cExport.cmake
-- Installing: /home/tylerjbecker/ros2_ws/src/dhtt_base/install/dhtt_msgs/share/dhtt_msgs/cmake/dhtt_msgs__rosidl_typesupport_cExport-noconfig.cmake
-- Installing: /home/tylerjbecker/ros2_ws/src/dhtt_base/install/dhtt_msgs/share/dhtt_msgs/cmake/dhtt_msgs__rosidl_generator_cppExport.cmake
-- Installing: /home/tylerjbecker/ros2_ws/src/dhtt_base/install/dhtt_msgs/share/dhtt_msgs/cmake/dhtt_msgs__rosidl_typesupport_introspection_cppExport.cmake
-- Installing: /home/tylerjbecker/ros2_ws/src/dhtt_base/install/dhtt_msgs/share/dhtt_msgs/cmake/dhtt_msgs__rosidl_typesupport_introspection_cppExport-noconfig.cmake
-- Installing: /home/tylerjbecker/ros2_ws/src/dhtt_base/install/dhtt_msgs/share/dhtt_msgs/cmake/dhtt_msgs__rosidl_typesupport_cppExport.cmake
-- Installing: /home/tylerjbecker/ros2_ws/src/dhtt_base/install/dhtt_msgs/share/dhtt_msgs/cmake/dhtt_msgs__rosidl_typesupport_cppExport-noconfig.cmake
-- Installing: /home/tylerjbecker/ros2_ws/src/dhtt_base/install/dhtt_msgs/share/dhtt_msgs/cmake/rosidl_cmake-extras.cmake
-- Installing: /home/tylerjbecker/ros2_ws/src/dhtt_base/install/dhtt_msgs/share/dhtt_msgs/cmake/ament_cmake_export_dependencies-extras.cmake
-- Installing: /home/tylerjbecker/ros2_ws/src/dhtt_base/install/dhtt_msgs/share/dhtt_msgs/cmake/ament_cmake_export_libraries-extras.cmake
-- Installing: /home/tylerjbecker/ros2_ws/src/dhtt_base/install/dhtt_msgs/share/dhtt_msgs/cmake/ament_cmake_export_targets-extras.cmake
-- Installing: /home/tylerjbecker/ros2_ws/src/dhtt_base/install/dhtt_msgs/share/dhtt_msgs/cmake/ament_cmake_export_include_directories-extras.cmake
-- Installing: /home/tylerjbecker/ros2_ws/src/dhtt_base/install/dhtt_msgs/share/dhtt_msgs/cmake/rosidl_cmake_export_typesupport_libraries-extras.cmake
-- Installing: /home/tylerjbecker/ros2_ws/src/dhtt_base/install/dhtt_msgs/share/dhtt_msgs/cmake/rosidl_cmake_export_typesupport_targets-extras.cmake
-- Installing: /home/tylerjbecker/ros2_ws/src/dhtt_base/install/dhtt_msgs/share/dhtt_msgs/cmake/dhtt_msgsConfig.cmake
-- Installing: /home/tylerjbecker/ros2_ws/src/dhtt_base/install/dhtt_msgs/share/dhtt_msgs/cmake/dhtt_msgsConfig-version.cmake
-- Installing: /home/tylerjbecker/ros2_ws/src/dhtt_base/install/dhtt_msgs/share/dhtt_msgs/package.xml
