[0.075s] Invoking command in '/home/tylerjbecker/ros2_ws/src/dhtt_base/build/dhtt_msgs': CMAKE_PREFIX_PATH=${CMAKE_PREFIX_PATH}:/opt/ros/foxy /usr/bin/cmake /home/tylerjbecker/ros2_ws/src/dhtt_base/dhtt_msgs -DCMAKE_INSTALL_PREFIX=/home/tylerjbecker/ros2_ws/src/dhtt_base/install/dhtt_msgs
[0.082s] -- Found ament_cmake: 0.9.12 (/opt/ros/foxy/share/ament_cmake/cmake)
[0.094s] -- Found PythonInterp: /usr/bin/python3 (found suitable version "3.8.10", minimum required is "3") 
[0.094s] -- Using PYTHON_EXECUTABLE: /usr/bin/python3
[0.182s] -- Found std_msgs: 2.0.5 (/opt/ros/foxy/share/std_msgs/cmake)
[0.192s] -- Using all available rosidl_typesupport_c: rosidl_typesupport_fastrtps_c;rosidl_typesupport_introspection_c
[0.194s] -- Found rosidl_adapter: 1.3.1 (/opt/ros/foxy/share/rosidl_adapter/cmake)
[0.251s] -- Using all available rosidl_typesupport_cpp: rosidl_typesupport_fastrtps_cpp;rosidl_typesupport_introspection_cpp
[0.270s] -- Found rosidl_default_generators: 1.0.1 (/opt/ros/foxy/share/rosidl_default_generators/cmake)
[0.286s] -- Found PythonInterp: /usr/bin/python3 (found version "3.8.10") 
[0.434s] -- Found ament_cmake_ros: 0.9.2 (/opt/ros/foxy/share/ament_cmake_ros/cmake)
[0.525s] -- Using all available rosidl_typesupport_c: rosidl_typesupport_fastrtps_c;rosidl_typesupport_introspection_c
[0.559s] -- Using all available rosidl_typesupport_cpp: rosidl_typesupport_fastrtps_cpp;rosidl_typesupport_introspection_cpp
[0.572s] -- Found PythonInterp: /usr/bin/python3 (found suitable version "3.8.10", minimum required is "3.5") 
[0.573s] -- Found python_cmake_module: 0.8.1 (/opt/ros/foxy/share/python_cmake_module/cmake)
[0.586s] -- Found PythonLibs: /usr/lib/x86_64-linux-gnu/libpython3.8.so (found suitable version "3.8.10", minimum required is "3.5") 
[0.586s] -- Using PYTHON_EXECUTABLE: /usr/bin/python3
[0.587s] -- Using PYTHON_INCLUDE_DIRS: /usr/include/python3.8
[0.587s] -- Using PYTHON_LIBRARIES: /usr/lib/x86_64-linux-gnu/libpython3.8.so
[0.597s] -- Found PythonExtra: .so  
[0.631s] -- Found ament_lint_auto: 0.9.8 (/opt/ros/foxy/share/ament_lint_auto/cmake)
[0.640s] -- Added test 'copyright' to check source files copyright and LICENSE
[0.641s] -- Added test 'lint_cmake' to check CMake code style
[0.641s] -- Added test 'xmllint' to check XML markup files
[0.643s] -- Configuring done
[0.683s] -- Generating done
[0.684s] -- Build files have been written to: /home/tylerjbecker/ros2_ws/src/dhtt_base/build/dhtt_msgs
[0.688s] Invoked command in '/home/tylerjbecker/ros2_ws/src/dhtt_base/build/dhtt_msgs' returned '0': CMAKE_PREFIX_PATH=${CMAKE_PREFIX_PATH}:/opt/ros/foxy /usr/bin/cmake /home/tylerjbecker/ros2_ws/src/dhtt_base/dhtt_msgs -DCMAKE_INSTALL_PREFIX=/home/tylerjbecker/ros2_ws/src/dhtt_base/install/dhtt_msgs
[0.690s] Invoking command in '/home/tylerjbecker/ros2_ws/src/dhtt_base/build/dhtt_msgs': CMAKE_PREFIX_PATH=${CMAKE_PREFIX_PATH}:/opt/ros/foxy /usr/bin/cmake --build /home/tylerjbecker/ros2_ws/src/dhtt_base/build/dhtt_msgs -- -j24 -l24
[0.715s] [35m[1mScanning dependencies of target dhtt_msgs__cpp[0m
[0.715s] [  1%] [34m[1mGenerating C code for ROS interfaces[0m
[0.722s] [  1%] [34m[1mGenerating C++ code for ROS interfaces[0m
[1.497s] [  1%] Built target dhtt_msgs__cpp
[1.502s] [  2%] [34m[1mGenerating C++ type support dispatch for ROS interfaces[0m
[1.502s] [  3%] [34m[1mGenerating C++ type support for eProsima Fast-RTPS[0m
[1.502s] [  3%] [34m[1mGenerating C++ introspection for ROS interfaces[0m
[1.553s] [35m[1mScanning dependencies of target dhtt_msgs__rosidl_generator_c[0m
[1.563s] [  5%] [32mBuilding C object CMakeFiles/dhtt_msgs__rosidl_generator_c.dir/rosidl_generator_c/dhtt_msgs/msg/detail/resource__functions.c.o[0m
[1.563s] [  5%] [32mBuilding C object CMakeFiles/dhtt_msgs__rosidl_generator_c.dir/rosidl_generator_c/dhtt_msgs/srv/detail/control_request__functions.c.o[0m
[1.563s] [  5%] [32mBuilding C object CMakeFiles/dhtt_msgs__rosidl_generator_c.dir/rosidl_generator_c/dhtt_msgs/msg/detail/resources__functions.c.o[0m
[1.563s] [  6%] [32mBuilding C object CMakeFiles/dhtt_msgs__rosidl_generator_c.dir/rosidl_generator_c/dhtt_msgs/msg/detail/subtree__functions.c.o[0m
[1.563s] [  6%] [32mBuilding C object CMakeFiles/dhtt_msgs__rosidl_generator_c.dir/rosidl_generator_c/dhtt_msgs/msg/detail/node__functions.c.o[0m
[1.565s] [  7%] [32mBuilding C object CMakeFiles/dhtt_msgs__rosidl_generator_c.dir/rosidl_generator_c/dhtt_msgs/srv/detail/modify_request__functions.c.o[0m
[1.566s] [  8%] [32mBuilding C object CMakeFiles/dhtt_msgs__rosidl_generator_c.dir/rosidl_generator_c/dhtt_msgs/srv/detail/internal_service_registration__functions.c.o[0m
[1.566s] [  9%] [32mBuilding C object CMakeFiles/dhtt_msgs__rosidl_generator_c.dir/rosidl_generator_c/dhtt_msgs/srv/detail/history_request__functions.c.o[0m
[1.566s] [  9%] [32mBuilding C object CMakeFiles/dhtt_msgs__rosidl_generator_c.dir/rosidl_generator_c/dhtt_msgs/srv/detail/internal_control_request__functions.c.o[0m
[1.566s] [  9%] [32mBuilding C object CMakeFiles/dhtt_msgs__rosidl_generator_c.dir/rosidl_generator_c/dhtt_msgs/msg/detail/pair__functions.c.o[0m
[1.566s] [ 10%] [32mBuilding C object CMakeFiles/dhtt_msgs__rosidl_generator_c.dir/rosidl_generator_c/dhtt_msgs/msg/detail/node_status__functions.c.o[0m
[1.566s] [ 11%] [32mBuilding C object CMakeFiles/dhtt_msgs__rosidl_generator_c.dir/rosidl_generator_c/dhtt_msgs/msg/detail/update_info__functions.c.o[0m
[1.566s] [ 11%] [32mBuilding C object CMakeFiles/dhtt_msgs__rosidl_generator_c.dir/rosidl_generator_c/dhtt_msgs/srv/detail/fetch_request__functions.c.o[0m
[1.566s] [ 11%] [32mBuilding C object CMakeFiles/dhtt_msgs__rosidl_generator_c.dir/rosidl_generator_c/dhtt_msgs/action/detail/activation__functions.c.o[0m
[1.567s] [ 12%] [32mBuilding C object CMakeFiles/dhtt_msgs__rosidl_generator_c.dir/rosidl_generator_c/dhtt_msgs/srv/detail/internal_modify_request__functions.c.o[0m
[1.567s] [ 12%] [32mBuilding C object CMakeFiles/dhtt_msgs__rosidl_generator_c.dir/rosidl_generator_c/dhtt_msgs/srv/detail/fetch_info__functions.c.o[0m
[1.567s] [ 13%] [32mBuilding C object CMakeFiles/dhtt_msgs__rosidl_generator_c.dir/rosidl_generator_c/dhtt_msgs/srv/detail/goitr_request__functions.c.o[0m
[1.646s] [ 14%] [32m[1mLinking C shared library libdhtt_msgs__rosidl_generator_c.so[0m
[1.668s] [ 14%] Built target dhtt_msgs__rosidl_generator_c
[1.674s] [ 15%] [34m[1mGenerating C type support dispatch for ROS interfaces[0m
[1.674s] [ 16%] [34m[1mGenerating C introspection for ROS interfaces[0m
[2.085s] [35m[1mScanning dependencies of target dhtt_msgs__rosidl_typesupport_cpp[0m
[2.095s] [ 17%] [32mBuilding CXX object CMakeFiles/dhtt_msgs__rosidl_typesupport_cpp.dir/rosidl_typesupport_cpp/dhtt_msgs/msg/subtree__type_support.cpp.o[0m
[2.095s] [ 18%] [32mBuilding CXX object CMakeFiles/dhtt_msgs__rosidl_typesupport_cpp.dir/rosidl_typesupport_cpp/dhtt_msgs/msg/resource__type_support.cpp.o[0m
[2.095s] [ 18%] [32mBuilding CXX object CMakeFiles/dhtt_msgs__rosidl_typesupport_cpp.dir/rosidl_typesupport_cpp/dhtt_msgs/msg/node__type_support.cpp.o[0m
[2.095s] [ 18%] [32mBuilding CXX object CMakeFiles/dhtt_msgs__rosidl_typesupport_cpp.dir/rosidl_typesupport_cpp/dhtt_msgs/msg/resources__type_support.cpp.o[0m
[2.097s] [ 19%] [32mBuilding CXX object CMakeFiles/dhtt_msgs__rosidl_typesupport_cpp.dir/rosidl_typesupport_cpp/dhtt_msgs/srv/fetch_request__type_support.cpp.o[0m
[2.098s] [ 20%] [32mBuilding CXX object CMakeFiles/dhtt_msgs__rosidl_typesupport_cpp.dir/rosidl_typesupport_cpp/dhtt_msgs/srv/internal_modify_request__type_support.cpp.o[0m
[2.098s] [ 22%] [32mBuilding CXX object CMakeFiles/dhtt_msgs__rosidl_typesupport_cpp.dir/rosidl_typesupport_cpp/dhtt_msgs/msg/node_status__type_support.cpp.o[0m
[2.098s] [ 22%] [32mBuilding CXX object CMakeFiles/dhtt_msgs__rosidl_typesupport_cpp.dir/rosidl_typesupport_cpp/dhtt_msgs/srv/history_request__type_support.cpp.o[0m
[2.098s] [ 23%] [32mBuilding CXX object CMakeFiles/dhtt_msgs__rosidl_typesupport_cpp.dir/rosidl_typesupport_cpp/dhtt_msgs/msg/pair__type_support.cpp.o[0m
[2.098s] [ 23%] [32mBuilding CXX object CMakeFiles/dhtt_msgs__rosidl_typesupport_cpp.dir/rosidl_typesupport_cpp/dhtt_msgs/srv/internal_control_request__type_support.cpp.o[0m
[2.098s] [ 23%] [32mBuilding CXX object CMakeFiles/dhtt_msgs__rosidl_typesupport_cpp.dir/rosidl_typesupport_cpp/dhtt_msgs/msg/update_info__type_support.cpp.o[0m
[2.098s] [ 24%] [32mBuilding CXX object CMakeFiles/dhtt_msgs__rosidl_typesupport_cpp.dir/rosidl_typesupport_cpp/dhtt_msgs/srv/control_request__type_support.cpp.o[0m
[2.098s] [ 25%] [32mBuilding CXX object CMakeFiles/dhtt_msgs__rosidl_typesupport_cpp.dir/rosidl_typesupport_cpp/dhtt_msgs/srv/goitr_request__type_support.cpp.o[0m
[2.099s] [ 25%] [32mBuilding CXX object CMakeFiles/dhtt_msgs__rosidl_typesupport_cpp.dir/rosidl_typesupport_cpp/dhtt_msgs/srv/modify_request__type_support.cpp.o[0m
[2.100s] [ 26%] [32mBuilding CXX object CMakeFiles/dhtt_msgs__rosidl_typesupport_cpp.dir/rosidl_typesupport_cpp/dhtt_msgs/srv/fetch_info__type_support.cpp.o[0m
[2.100s] [ 26%] [32mBuilding CXX object CMakeFiles/dhtt_msgs__rosidl_typesupport_cpp.dir/rosidl_typesupport_cpp/dhtt_msgs/srv/internal_service_registration__type_support.cpp.o[0m
[2.100s] [ 27%] [32mBuilding CXX object CMakeFiles/dhtt_msgs__rosidl_typesupport_cpp.dir/rosidl_typesupport_cpp/dhtt_msgs/action/activation__type_support.cpp.o[0m
[2.245s] [35m[1mScanning dependencies of target dhtt_msgs__rosidl_typesupport_introspection_cpp[0m
[2.265s] [ 30%] [32mBuilding CXX object CMakeFiles/dhtt_msgs__rosidl_typesupport_introspection_cpp.dir/rosidl_typesupport_introspection_cpp/dhtt_msgs/msg/detail/subtree__type_support.cpp.o[0m
[2.266s] [ 30%] [32mBuilding CXX object CMakeFiles/dhtt_msgs__rosidl_typesupport_introspection_cpp.dir/rosidl_typesupport_introspection_cpp/dhtt_msgs/msg/detail/resources__type_support.cpp.o[0m
[2.266s] [ 30%] [32mBuilding CXX object CMakeFiles/dhtt_msgs__rosidl_typesupport_introspection_cpp.dir/rosidl_typesupport_introspection_cpp/dhtt_msgs/msg/detail/node__type_support.cpp.o[0m
[2.266s] [ 30%] [32mBuilding CXX object CMakeFiles/dhtt_msgs__rosidl_typesupport_introspection_cpp.dir/rosidl_typesupport_introspection_cpp/dhtt_msgs/msg/detail/resource__type_support.cpp.o[0m
[2.280s] [ 30%] [32mBuilding CXX object CMakeFiles/dhtt_msgs__rosidl_typesupport_introspection_cpp.dir/rosidl_typesupport_introspection_cpp/dhtt_msgs/msg/detail/node_status__type_support.cpp.o[0m
[2.289s] [ 31%] [32mBuilding CXX object CMakeFiles/dhtt_msgs__rosidl_typesupport_introspection_cpp.dir/rosidl_typesupport_introspection_cpp/dhtt_msgs/msg/detail/pair__type_support.cpp.o[0m
[2.293s] [ 32%] [32mBuilding CXX object CMakeFiles/dhtt_msgs__rosidl_typesupport_introspection_cpp.dir/rosidl_typesupport_introspection_cpp/dhtt_msgs/msg/detail/update_info__type_support.cpp.o[0m
[2.298s] [ 32%] [32mBuilding CXX object CMakeFiles/dhtt_msgs__rosidl_typesupport_introspection_cpp.dir/rosidl_typesupport_introspection_cpp/dhtt_msgs/srv/detail/control_request__type_support.cpp.o[0m
[2.299s] [ 33%] [32mBuilding CXX object CMakeFiles/dhtt_msgs__rosidl_typesupport_introspection_cpp.dir/rosidl_typesupport_introspection_cpp/dhtt_msgs/srv/detail/fetch_request__type_support.cpp.o[0m
[2.301s] [ 33%] [32mBuilding CXX object CMakeFiles/dhtt_msgs__rosidl_typesupport_introspection_cpp.dir/rosidl_typesupport_introspection_cpp/dhtt_msgs/srv/detail/modify_request__type_support.cpp.o[0m
[2.305s] [ 34%] [32mBuilding CXX object CMakeFiles/dhtt_msgs__rosidl_typesupport_introspection_cpp.dir/rosidl_typesupport_introspection_cpp/dhtt_msgs/srv/detail/history_request__type_support.cpp.o[0m
[2.309s] [ 35%] [32mBuilding CXX object CMakeFiles/dhtt_msgs__rosidl_typesupport_introspection_cpp.dir/rosidl_typesupport_introspection_cpp/dhtt_msgs/srv/detail/internal_control_request__type_support.cpp.o[0m
[2.319s] [ 35%] [32mBuilding CXX object CMakeFiles/dhtt_msgs__rosidl_typesupport_introspection_cpp.dir/rosidl_typesupport_introspection_cpp/dhtt_msgs/srv/detail/internal_modify_request__type_support.cpp.o[0m
[2.363s] [ 36%] [32mBuilding CXX object CMakeFiles/dhtt_msgs__rosidl_typesupport_introspection_cpp.dir/rosidl_typesupport_introspection_cpp/dhtt_msgs/srv/detail/internal_service_registration__type_support.cpp.o[0m
[2.366s] [ 37%] [32mBuilding CXX object CMakeFiles/dhtt_msgs__rosidl_typesupport_introspection_cpp.dir/rosidl_typesupport_introspection_cpp/dhtt_msgs/srv/detail/fetch_info__type_support.cpp.o[0m
[2.368s] [ 37%] [32mBuilding CXX object CMakeFiles/dhtt_msgs__rosidl_typesupport_introspection_cpp.dir/rosidl_typesupport_introspection_cpp/dhtt_msgs/srv/detail/goitr_request__type_support.cpp.o[0m
[2.369s] [ 38%] [32mBuilding CXX object CMakeFiles/dhtt_msgs__rosidl_typesupport_introspection_cpp.dir/rosidl_typesupport_introspection_cpp/dhtt_msgs/action/detail/activation__type_support.cpp.o[0m
[2.377s] [35m[1mScanning dependencies of target dhtt_msgs__rosidl_typesupport_c[0m
[2.394s] [ 39%] [32mBuilding CXX object CMakeFiles/dhtt_msgs__rosidl_typesupport_c.dir/rosidl_typesupport_c/dhtt_msgs/msg/node__type_support.cpp.o[0m
[2.394s] [ 40%] [32mBuilding CXX object CMakeFiles/dhtt_msgs__rosidl_typesupport_c.dir/rosidl_typesupport_c/dhtt_msgs/msg/subtree__type_support.cpp.o[0m
[2.394s] [ 40%] [32mBuilding CXX object CMakeFiles/dhtt_msgs__rosidl_typesupport_c.dir/rosidl_typesupport_c/dhtt_msgs/msg/resource__type_support.cpp.o[0m
[2.406s] [ 40%] [32m[1mLinking CXX shared library libdhtt_msgs__rosidl_typesupport_cpp.so[0m
[2.420s] [ 40%] [32mBuilding CXX object CMakeFiles/dhtt_msgs__rosidl_typesupport_c.dir/rosidl_typesupport_c/dhtt_msgs/msg/resources__type_support.cpp.o[0m
[2.449s] [ 40%] Built target dhtt_msgs__rosidl_typesupport_cpp
[2.459s] [ 41%] [32mBuilding CXX object CMakeFiles/dhtt_msgs__rosidl_typesupport_c.dir/rosidl_typesupport_c/dhtt_msgs/msg/pair__type_support.cpp.o[0m
[2.459s] [ 41%] [32mBuilding CXX object CMakeFiles/dhtt_msgs__rosidl_typesupport_c.dir/rosidl_typesupport_c/dhtt_msgs/msg/update_info__type_support.cpp.o[0m
[2.461s] [ 42%] [32mBuilding CXX object CMakeFiles/dhtt_msgs__rosidl_typesupport_c.dir/rosidl_typesupport_c/dhtt_msgs/srv/control_request__type_support.cpp.o[0m
[2.463s] [ 43%] [32mBuilding CXX object CMakeFiles/dhtt_msgs__rosidl_typesupport_c.dir/rosidl_typesupport_c/dhtt_msgs/msg/node_status__type_support.cpp.o[0m
[2.473s] [ 43%] [32mBuilding CXX object CMakeFiles/dhtt_msgs__rosidl_typesupport_c.dir/rosidl_typesupport_c/dhtt_msgs/srv/fetch_request__type_support.cpp.o[0m
[2.484s] [ 44%] [32mBuilding CXX object CMakeFiles/dhtt_msgs__rosidl_typesupport_c.dir/rosidl_typesupport_c/dhtt_msgs/srv/modify_request__type_support.cpp.o[0m
[2.486s] [ 45%] [32mBuilding CXX object CMakeFiles/dhtt_msgs__rosidl_typesupport_c.dir/rosidl_typesupport_c/dhtt_msgs/srv/history_request__type_support.cpp.o[0m
[2.494s] [ 45%] [32mBuilding CXX object CMakeFiles/dhtt_msgs__rosidl_typesupport_c.dir/rosidl_typesupport_c/dhtt_msgs/srv/internal_control_request__type_support.cpp.o[0m
[2.499s] [ 46%] [32mBuilding CXX object CMakeFiles/dhtt_msgs__rosidl_typesupport_c.dir/rosidl_typesupport_c/dhtt_msgs/srv/internal_modify_request__type_support.cpp.o[0m
[2.501s] [ 46%] [32mBuilding CXX object CMakeFiles/dhtt_msgs__rosidl_typesupport_c.dir/rosidl_typesupport_c/dhtt_msgs/srv/internal_service_registration__type_support.cpp.o[0m
[2.502s] [ 47%] [32mBuilding CXX object CMakeFiles/dhtt_msgs__rosidl_typesupport_c.dir/rosidl_typesupport_c/dhtt_msgs/srv/fetch_info__type_support.cpp.o[0m
[2.504s] [ 48%] [32mBuilding CXX object CMakeFiles/dhtt_msgs__rosidl_typesupport_c.dir/rosidl_typesupport_c/dhtt_msgs/srv/goitr_request__type_support.cpp.o[0m
[2.506s] [ 48%] [32mBuilding CXX object CMakeFiles/dhtt_msgs__rosidl_typesupport_c.dir/rosidl_typesupport_c/dhtt_msgs/action/activation__type_support.cpp.o[0m
[2.513s] [35m[1mScanning dependencies of target dhtt_msgs__rosidl_typesupport_fastrtps_cpp[0m
[2.536s] [ 49%] [32m[1mLinking CXX shared library libdhtt_msgs__rosidl_typesupport_c.so[0m
[2.539s] [ 50%] [32mBuilding CXX object CMakeFiles/dhtt_msgs__rosidl_typesupport_fastrtps_cpp.dir/rosidl_typesupport_fastrtps_cpp/dhtt_msgs/srv/detail/dds_fastrtps/control_request__type_support.cpp.o[0m
[2.539s] [ 52%] [32mBuilding CXX object CMakeFiles/dhtt_msgs__rosidl_typesupport_fastrtps_cpp.dir/rosidl_typesupport_fastrtps_cpp/dhtt_msgs/msg/detail/dds_fastrtps/pair__type_support.cpp.o[0m
[2.539s] [ 52%] [32mBuilding CXX object CMakeFiles/dhtt_msgs__rosidl_typesupport_fastrtps_cpp.dir/rosidl_typesupport_fastrtps_cpp/dhtt_msgs/msg/detail/dds_fastrtps/resources__type_support.cpp.o[0m
[2.539s] [ 52%] [32mBuilding CXX object CMakeFiles/dhtt_msgs__rosidl_typesupport_fastrtps_cpp.dir/rosidl_typesupport_fastrtps_cpp/dhtt_msgs/msg/detail/dds_fastrtps/update_info__type_support.cpp.o[0m
[2.539s] [ 54%] [32mBuilding CXX object CMakeFiles/dhtt_msgs__rosidl_typesupport_fastrtps_cpp.dir/rosidl_typesupport_fastrtps_cpp/dhtt_msgs/msg/detail/dds_fastrtps/node__type_support.cpp.o[0m
[2.539s] [ 54%] [32mBuilding CXX object CMakeFiles/dhtt_msgs__rosidl_typesupport_fastrtps_cpp.dir/rosidl_typesupport_fastrtps_cpp/dhtt_msgs/msg/detail/dds_fastrtps/resource__type_support.cpp.o[0m
[2.539s] [ 54%] [32mBuilding CXX object CMakeFiles/dhtt_msgs__rosidl_typesupport_fastrtps_cpp.dir/rosidl_typesupport_fastrtps_cpp/dhtt_msgs/srv/detail/dds_fastrtps/modify_request__type_support.cpp.o[0m
[2.539s] [ 55%] [32mBuilding CXX object CMakeFiles/dhtt_msgs__rosidl_typesupport_fastrtps_cpp.dir/rosidl_typesupport_fastrtps_cpp/dhtt_msgs/srv/detail/dds_fastrtps/fetch_request__type_support.cpp.o[0m
[2.540s] [ 55%] [32mBuilding CXX object CMakeFiles/dhtt_msgs__rosidl_typesupport_fastrtps_cpp.dir/rosidl_typesupport_fastrtps_cpp/dhtt_msgs/msg/detail/dds_fastrtps/subtree__type_support.cpp.o[0m
[2.540s] [ 55%] [32mBuilding CXX object CMakeFiles/dhtt_msgs__rosidl_typesupport_fastrtps_cpp.dir/rosidl_typesupport_fastrtps_cpp/dhtt_msgs/msg/detail/dds_fastrtps/node_status__type_support.cpp.o[0m
[2.541s] [ 56%] [32mBuilding CXX object CMakeFiles/dhtt_msgs__rosidl_typesupport_fastrtps_cpp.dir/rosidl_typesupport_fastrtps_cpp/dhtt_msgs/srv/detail/dds_fastrtps/history_request__type_support.cpp.o[0m
[2.542s] [ 56%] [32mBuilding CXX object CMakeFiles/dhtt_msgs__rosidl_typesupport_fastrtps_cpp.dir/rosidl_typesupport_fastrtps_cpp/dhtt_msgs/srv/detail/dds_fastrtps/internal_modify_request__type_support.cpp.o[0m
[2.546s] [ 57%] [32mBuilding CXX object CMakeFiles/dhtt_msgs__rosidl_typesupport_fastrtps_cpp.dir/rosidl_typesupport_fastrtps_cpp/dhtt_msgs/srv/detail/dds_fastrtps/internal_control_request__type_support.cpp.o[0m
[2.572s] [ 58%] [32mBuilding CXX object CMakeFiles/dhtt_msgs__rosidl_typesupport_fastrtps_cpp.dir/rosidl_typesupport_fastrtps_cpp/dhtt_msgs/srv/detail/dds_fastrtps/internal_service_registration__type_support.cpp.o[0m
[2.586s] [ 58%] [32mBuilding CXX object CMakeFiles/dhtt_msgs__rosidl_typesupport_fastrtps_cpp.dir/rosidl_typesupport_fastrtps_cpp/dhtt_msgs/srv/detail/dds_fastrtps/fetch_info__type_support.cpp.o[0m
[2.608s] [ 58%] Built target dhtt_msgs__rosidl_typesupport_c
[2.615s] [ 59%] [32mBuilding CXX object CMakeFiles/dhtt_msgs__rosidl_typesupport_fastrtps_cpp.dir/rosidl_typesupport_fastrtps_cpp/dhtt_msgs/srv/detail/dds_fastrtps/goitr_request__type_support.cpp.o[0m
[2.641s] [ 60%] [32mBuilding CXX object CMakeFiles/dhtt_msgs__rosidl_typesupport_fastrtps_cpp.dir/rosidl_typesupport_fastrtps_cpp/dhtt_msgs/action/detail/dds_fastrtps/activation__type_support.cpp.o[0m
[2.672s] [35m[1mScanning dependencies of target dhtt_msgs__rosidl_typesupport_introspection_c[0m
[2.695s] [ 60%] [32mBuilding C object CMakeFiles/dhtt_msgs__rosidl_typesupport_introspection_c.dir/rosidl_typesupport_introspection_c/dhtt_msgs/msg/detail/resources__type_support.c.o[0m
[2.695s] [ 60%] [32mBuilding C object CMakeFiles/dhtt_msgs__rosidl_typesupport_introspection_c.dir/rosidl_typesupport_introspection_c/dhtt_msgs/msg/detail/subtree__type_support.c.o[0m
[2.695s] [ 62%] [32mBuilding C object CMakeFiles/dhtt_msgs__rosidl_typesupport_introspection_c.dir/rosidl_typesupport_introspection_c/dhtt_msgs/msg/detail/pair__type_support.c.o[0m
[2.695s] [ 62%] [32mBuilding C object CMakeFiles/dhtt_msgs__rosidl_typesupport_introspection_c.dir/rosidl_typesupport_introspection_c/dhtt_msgs/msg/detail/resource__type_support.c.o[0m
[2.696s] [ 63%] [32mBuilding C object CMakeFiles/dhtt_msgs__rosidl_typesupport_introspection_c.dir/rosidl_typesupport_introspection_c/dhtt_msgs/msg/detail/node__type_support.c.o[0m
[2.703s] [ 64%] [32mBuilding C object CMakeFiles/dhtt_msgs__rosidl_typesupport_introspection_c.dir/rosidl_typesupport_introspection_c/dhtt_msgs/msg/detail/node_status__type_support.c.o[0m
[2.724s] [ 65%] [32mBuilding C object CMakeFiles/dhtt_msgs__rosidl_typesupport_introspection_c.dir/rosidl_typesupport_introspection_c/dhtt_msgs/msg/detail/update_info__type_support.c.o[0m
[2.724s] [ 65%] [32mBuilding C object CMakeFiles/dhtt_msgs__rosidl_typesupport_introspection_c.dir/rosidl_typesupport_introspection_c/dhtt_msgs/srv/detail/fetch_request__type_support.c.o[0m
[2.724s] [ 66%] [32mBuilding C object CMakeFiles/dhtt_msgs__rosidl_typesupport_introspection_c.dir/rosidl_typesupport_introspection_c/dhtt_msgs/srv/detail/control_request__type_support.c.o[0m
[2.731s] [ 66%] [32mBuilding C object CMakeFiles/dhtt_msgs__rosidl_typesupport_introspection_c.dir/rosidl_typesupport_introspection_c/dhtt_msgs/srv/detail/modify_request__type_support.c.o[0m
[2.732s] [ 67%] [32mBuilding C object CMakeFiles/dhtt_msgs__rosidl_typesupport_introspection_c.dir/rosidl_typesupport_introspection_c/dhtt_msgs/srv/detail/history_request__type_support.c.o[0m
[2.755s] [ 68%] [32m[1mLinking CXX shared library libdhtt_msgs__rosidl_typesupport_introspection_cpp.so[0m
[2.757s] [ 68%] [32mBuilding C object CMakeFiles/dhtt_msgs__rosidl_typesupport_introspection_c.dir/rosidl_typesupport_introspection_c/dhtt_msgs/srv/detail/internal_modify_request__type_support.c.o[0m
[2.757s] [ 69%] [32mBuilding C object CMakeFiles/dhtt_msgs__rosidl_typesupport_introspection_c.dir/rosidl_typesupport_introspection_c/dhtt_msgs/srv/detail/internal_service_registration__type_support.c.o[0m
[2.761s] [ 70%] [32mBuilding C object CMakeFiles/dhtt_msgs__rosidl_typesupport_introspection_c.dir/rosidl_typesupport_introspection_c/dhtt_msgs/srv/detail/internal_control_request__type_support.c.o[0m
[2.764s] [ 70%] [32mBuilding C object CMakeFiles/dhtt_msgs__rosidl_typesupport_introspection_c.dir/rosidl_typesupport_introspection_c/dhtt_msgs/srv/detail/fetch_info__type_support.c.o[0m
[2.767s] [ 71%] [32mBuilding C object CMakeFiles/dhtt_msgs__rosidl_typesupport_introspection_c.dir/rosidl_typesupport_introspection_c/dhtt_msgs/srv/detail/goitr_request__type_support.c.o[0m
[2.769s] [ 72%] [32mBuilding C object CMakeFiles/dhtt_msgs__rosidl_typesupport_introspection_c.dir/rosidl_typesupport_introspection_c/dhtt_msgs/action/detail/activation__type_support.c.o[0m
[2.836s] [ 72%] [32m[1mLinking C shared library libdhtt_msgs__rosidl_typesupport_introspection_c.so[0m
[2.859s] [ 72%] Built target dhtt_msgs__rosidl_typesupport_introspection_c
[2.873s] [ 72%] Built target dhtt_msgs__rosidl_typesupport_introspection_cpp
[3.020s] [ 72%] [32m[1mLinking CXX shared library libdhtt_msgs__rosidl_typesupport_fastrtps_cpp.so[0m
[3.075s] [ 72%] Built target dhtt_msgs__rosidl_typesupport_fastrtps_cpp
[3.080s] [ 73%] [34m[1mGenerating C type support for eProsima Fast-RTPS[0m
[3.777s] [35m[1mScanning dependencies of target dhtt_msgs__rosidl_typesupport_fastrtps_c[0m
[3.799s] [ 73%] [32mBuilding CXX object CMakeFiles/dhtt_msgs__rosidl_typesupport_fastrtps_c.dir/rosidl_typesupport_fastrtps_c/dhtt_msgs/msg/detail/node__type_support_c.cpp.o[0m
[3.799s] [ 74%] [32mBuilding CXX object CMakeFiles/dhtt_msgs__rosidl_typesupport_fastrtps_c.dir/rosidl_typesupport_fastrtps_c/dhtt_msgs/msg/detail/subtree__type_support_c.cpp.o[0m
[3.799s] [ 74%] [32mBuilding CXX object CMakeFiles/dhtt_msgs__rosidl_typesupport_fastrtps_c.dir/rosidl_typesupport_fastrtps_c/dhtt_msgs/msg/detail/resources__type_support_c.cpp.o[0m
[3.800s] [ 75%] [32mBuilding CXX object CMakeFiles/dhtt_msgs__rosidl_typesupport_fastrtps_c.dir/rosidl_typesupport_fastrtps_c/dhtt_msgs/msg/detail/update_info__type_support_c.cpp.o[0m
[3.800s] [ 75%] [32mBuilding CXX object CMakeFiles/dhtt_msgs__rosidl_typesupport_fastrtps_c.dir/rosidl_typesupport_fastrtps_c/dhtt_msgs/msg/detail/node_status__type_support_c.cpp.o[0m
[3.800s] [ 76%] [32mBuilding CXX object CMakeFiles/dhtt_msgs__rosidl_typesupport_fastrtps_c.dir/rosidl_typesupport_fastrtps_c/dhtt_msgs/msg/detail/resource__type_support_c.cpp.o[0m
[3.800s] [ 77%] [32mBuilding CXX object CMakeFiles/dhtt_msgs__rosidl_typesupport_fastrtps_c.dir/rosidl_typesupport_fastrtps_c/dhtt_msgs/srv/detail/control_request__type_support_c.cpp.o[0m
[3.801s] [ 78%] [32mBuilding CXX object CMakeFiles/dhtt_msgs__rosidl_typesupport_fastrtps_c.dir/rosidl_typesupport_fastrtps_c/dhtt_msgs/msg/detail/pair__type_support_c.cpp.o[0m
[3.804s] [ 79%] [32mBuilding CXX object CMakeFiles/dhtt_msgs__rosidl_typesupport_fastrtps_c.dir/rosidl_typesupport_fastrtps_c/dhtt_msgs/srv/detail/history_request__type_support_c.cpp.o[0m
[3.806s] [ 79%] [32mBuilding CXX object CMakeFiles/dhtt_msgs__rosidl_typesupport_fastrtps_c.dir/rosidl_typesupport_fastrtps_c/dhtt_msgs/srv/detail/fetch_request__type_support_c.cpp.o[0m
[3.806s] [ 80%] [32mBuilding CXX object CMakeFiles/dhtt_msgs__rosidl_typesupport_fastrtps_c.dir/rosidl_typesupport_fastrtps_c/dhtt_msgs/srv/detail/modify_request__type_support_c.cpp.o[0m
[3.807s] [ 81%] [32mBuilding CXX object CMakeFiles/dhtt_msgs__rosidl_typesupport_fastrtps_c.dir/rosidl_typesupport_fastrtps_c/dhtt_msgs/srv/detail/internal_modify_request__type_support_c.cpp.o[0m
[3.807s] [ 81%] [32mBuilding CXX object CMakeFiles/dhtt_msgs__rosidl_typesupport_fastrtps_c.dir/rosidl_typesupport_fastrtps_c/dhtt_msgs/srv/detail/internal_control_request__type_support_c.cpp.o[0m
[3.808s] [ 82%] [32mBuilding CXX object CMakeFiles/dhtt_msgs__rosidl_typesupport_fastrtps_c.dir/rosidl_typesupport_fastrtps_c/dhtt_msgs/srv/detail/internal_service_registration__type_support_c.cpp.o[0m
[3.808s] [ 82%] [32mBuilding CXX object CMakeFiles/dhtt_msgs__rosidl_typesupport_fastrtps_c.dir/rosidl_typesupport_fastrtps_c/dhtt_msgs/srv/detail/fetch_info__type_support_c.cpp.o[0m
[3.808s] [ 83%] [32mBuilding CXX object CMakeFiles/dhtt_msgs__rosidl_typesupport_fastrtps_c.dir/rosidl_typesupport_fastrtps_c/dhtt_msgs/srv/detail/goitr_request__type_support_c.cpp.o[0m
[3.808s] [ 84%] [32mBuilding CXX object CMakeFiles/dhtt_msgs__rosidl_typesupport_fastrtps_c.dir/rosidl_typesupport_fastrtps_c/dhtt_msgs/action/detail/activation__type_support_c.cpp.o[0m
[4.100s] [ 84%] [32m[1mLinking CXX shared library libdhtt_msgs__rosidl_typesupport_fastrtps_c.so[0m
[4.147s] [ 84%] Built target dhtt_msgs__rosidl_typesupport_fastrtps_c
[4.152s] [35m[1mScanning dependencies of target dhtt_msgs[0m
[4.157s] [ 84%] Built target dhtt_msgs
[4.163s] [35m[1mScanning dependencies of target dhtt_msgs__py[0m
[4.171s] [ 85%] [34m[1mGenerating Python code for ROS interfaces[0m
[5.756s] [ 85%] Built target dhtt_msgs__py
[5.761s] [35m[1mScanning dependencies of target dhtt_msgs__python[0m
[5.789s] [ 85%] [32mBuilding C object CMakeFiles/dhtt_msgs__python.dir/rosidl_generator_py/dhtt_msgs/msg/_node_s.c.o[0m
[5.790s] [ 86%] [32mBuilding C object CMakeFiles/dhtt_msgs__python.dir/rosidl_generator_py/dhtt_msgs/msg/_pair_s.c.o[0m
[5.791s] [ 87%] [32mBuilding C object CMakeFiles/dhtt_msgs__python.dir/rosidl_generator_py/dhtt_msgs/msg/_node_status_s.c.o[0m
[5.791s] [ 88%] [32mBuilding C object CMakeFiles/dhtt_msgs__python.dir/rosidl_generator_py/dhtt_msgs/msg/_resource_s.c.o[0m
[5.791s] [ 89%] [32mBuilding C object CMakeFiles/dhtt_msgs__python.dir/rosidl_generator_py/dhtt_msgs/msg/_subtree_s.c.o[0m
[5.791s] [ 89%] [32mBuilding C object CMakeFiles/dhtt_msgs__python.dir/rosidl_generator_py/dhtt_msgs/msg/_resources_s.c.o[0m
[5.792s] [ 90%] [32mBuilding C object CMakeFiles/dhtt_msgs__python.dir/rosidl_generator_py/dhtt_msgs/srv/_control_request_s.c.o[0m
[5.793s] [ 91%] [32mBuilding C object CMakeFiles/dhtt_msgs__python.dir/rosidl_generator_py/dhtt_msgs/srv/_history_request_s.c.o[0m
[5.796s] [ 92%] [32mBuilding C object CMakeFiles/dhtt_msgs__python.dir/rosidl_generator_py/dhtt_msgs/srv/_internal_modify_request_s.c.o[0m
[5.796s] [ 92%] [32mBuilding C object CMakeFiles/dhtt_msgs__python.dir/rosidl_generator_py/dhtt_msgs/srv/_fetch_info_s.c.o[0m
[5.797s] [ 93%] [32mBuilding C object CMakeFiles/dhtt_msgs__python.dir/rosidl_generator_py/dhtt_msgs/srv/_goitr_request_s.c.o[0m
[5.798s] [ 93%] [32mBuilding C object CMakeFiles/dhtt_msgs__python.dir/rosidl_generator_py/dhtt_msgs/msg/_update_info_s.c.o[0m
[5.799s] [ 93%] [32mBuilding C object CMakeFiles/dhtt_msgs__python.dir/rosidl_generator_py/dhtt_msgs/srv/_fetch_request_s.c.o[0m
[5.799s] [ 94%] [32mBuilding C object CMakeFiles/dhtt_msgs__python.dir/rosidl_generator_py/dhtt_msgs/srv/_modify_request_s.c.o[0m
[5.800s] [ 94%] [32mBuilding C object CMakeFiles/dhtt_msgs__python.dir/rosidl_generator_py/dhtt_msgs/srv/_internal_control_request_s.c.o[0m
[5.801s] [ 94%] [32mBuilding C object CMakeFiles/dhtt_msgs__python.dir/rosidl_generator_py/dhtt_msgs/action/_activation_s.c.o[0m
[5.801s] [ 95%] [32mBuilding C object CMakeFiles/dhtt_msgs__python.dir/rosidl_generator_py/dhtt_msgs/srv/_internal_service_registration_s.c.o[0m
[5.913s] [ 96%] [32m[1mLinking C shared library rosidl_generator_py/dhtt_msgs/libdhtt_msgs__python.so[0m
[5.938s] [ 96%] Built target dhtt_msgs__python
[5.943s] [35m[1mScanning dependencies of target dhtt_msgs__rosidl_typesupport_c__pyext[0m
[5.943s] [35m[1mScanning dependencies of target dhtt_msgs__rosidl_typesupport_fastrtps_c__pyext[0m
[5.943s] [35m[1mScanning dependencies of target dhtt_msgs__rosidl_typesupport_introspection_c__pyext[0m
[5.954s] [ 98%] [32mBuilding C object CMakeFiles/dhtt_msgs__rosidl_typesupport_c__pyext.dir/rosidl_generator_py/dhtt_msgs/_dhtt_msgs_s.ep.rosidl_typesupport_c.c.o[0m
[5.954s] [ 98%] [32mBuilding C object CMakeFiles/dhtt_msgs__rosidl_typesupport_introspection_c__pyext.dir/rosidl_generator_py/dhtt_msgs/_dhtt_msgs_s.ep.rosidl_typesupport_introspection_c.c.o[0m
[5.954s] [ 99%] [32mBuilding C object CMakeFiles/dhtt_msgs__rosidl_typesupport_fastrtps_c__pyext.dir/rosidl_generator_py/dhtt_msgs/_dhtt_msgs_s.ep.rosidl_typesupport_fastrtps_c.c.o[0m
[6.043s] [100%] [32m[1mLinking C shared library rosidl_generator_py/dhtt_msgs/dhtt_msgs_s__rosidl_typesupport_introspection_c.cpython-38-x86_64-linux-gnu.so[0m
[6.043s] [100%] [32m[1mLinking CXX shared library rosidl_generator_py/dhtt_msgs/dhtt_msgs_s__rosidl_typesupport_fastrtps_c.cpython-38-x86_64-linux-gnu.so[0m
[6.051s] [100%] [32m[1mLinking C shared library rosidl_generator_py/dhtt_msgs/dhtt_msgs_s__rosidl_typesupport_c.cpython-38-x86_64-linux-gnu.so[0m
[6.065s] [100%] Built target dhtt_msgs__rosidl_typesupport_introspection_c__pyext
[6.072s] [100%] Built target dhtt_msgs__rosidl_typesupport_c__pyext
[6.079s] [100%] Built target dhtt_msgs__rosidl_typesupport_fastrtps_c__pyext
[6.086s] Invoked command in '/home/tylerjbecker/ros2_ws/src/dhtt_base/build/dhtt_msgs' returned '0': CMAKE_PREFIX_PATH=${CMAKE_PREFIX_PATH}:/opt/ros/foxy /usr/bin/cmake --build /home/tylerjbecker/ros2_ws/src/dhtt_base/build/dhtt_msgs -- -j24 -l24
[6.216s] Invoking command in '/home/tylerjbecker/ros2_ws/src/dhtt_base/build/dhtt_msgs': CMAKE_PREFIX_PATH=${CMAKE_PREFIX_PATH}:/opt/ros/foxy /usr/bin/cmake --install /home/tylerjbecker/ros2_ws/src/dhtt_base/build/dhtt_msgs
[6.221s] -- Install configuration: ""
[6.221s] -- Installing: /home/tylerjbecker/ros2_ws/src/dhtt_base/install/dhtt_msgs/share/ament_index/resource_index/rosidl_interfaces/dhtt_msgs
[6.222s] -- Installing: /home/tylerjbecker/ros2_ws/src/dhtt_base/install/dhtt_msgs/include/dhtt_msgs
[6.222s] -- Installing: /home/tylerjbecker/ros2_ws/src/dhtt_base/install/dhtt_msgs/include/dhtt_msgs/action
[6.222s] -- Installing: /home/tylerjbecker/ros2_ws/src/dhtt_base/install/dhtt_msgs/include/dhtt_msgs/action/detail
[6.222s] -- Installing: /home/tylerjbecker/ros2_ws/src/dhtt_base/install/dhtt_msgs/include/dhtt_msgs/action/detail/activation__type_support.h
[6.222s] -- Installing: /home/tylerjbecker/ros2_ws/src/dhtt_base/install/dhtt_msgs/include/dhtt_msgs/action/detail/activation__struct.h
[6.222s] -- Installing: /home/tylerjbecker/ros2_ws/src/dhtt_base/install/dhtt_msgs/include/dhtt_msgs/action/detail/activation__functions.c
[6.222s] -- Installing: /home/tylerjbecker/ros2_ws/src/dhtt_base/install/dhtt_msgs/include/dhtt_msgs/action/detail/activation__functions.h
[6.222s] -- Installing: /home/tylerjbecker/ros2_ws/src/dhtt_base/install/dhtt_msgs/include/dhtt_msgs/action/activation.h
[6.222s] -- Installing: /home/tylerjbecker/ros2_ws/src/dhtt_base/install/dhtt_msgs/include/dhtt_msgs/srv
[6.222s] -- Installing: /home/tylerjbecker/ros2_ws/src/dhtt_base/install/dhtt_msgs/include/dhtt_msgs/srv/internal_modify_request.h
[6.222s] -- Installing: /home/tylerjbecker/ros2_ws/src/dhtt_base/install/dhtt_msgs/include/dhtt_msgs/srv/fetch_request.h
[6.222s] -- Installing: /home/tylerjbecker/ros2_ws/src/dhtt_base/install/dhtt_msgs/include/dhtt_msgs/srv/detail
[6.222s] -- Installing: /home/tylerjbecker/ros2_ws/src/dhtt_base/install/dhtt_msgs/include/dhtt_msgs/srv/detail/internal_service_registration__type_support.h
[6.222s] -- Installing: /home/tylerjbecker/ros2_ws/src/dhtt_base/install/dhtt_msgs/include/dhtt_msgs/srv/detail/goitr_request__struct.h
[6.222s] -- Installing: /home/tylerjbecker/ros2_ws/src/dhtt_base/install/dhtt_msgs/include/dhtt_msgs/srv/detail/internal_service_registration__functions.c
[6.222s] -- Installing: /home/tylerjbecker/ros2_ws/src/dhtt_base/install/dhtt_msgs/include/dhtt_msgs/srv/detail/control_request__functions.h
[6.222s] -- Installing: /home/tylerjbecker/ros2_ws/src/dhtt_base/install/dhtt_msgs/include/dhtt_msgs/srv/detail/internal_service_registration__functions.h
[6.222s] -- Installing: /home/tylerjbecker/ros2_ws/src/dhtt_base/install/dhtt_msgs/include/dhtt_msgs/srv/detail/fetch_request__functions.c
[6.222s] -- Installing: /home/tylerjbecker/ros2_ws/src/dhtt_base/install/dhtt_msgs/include/dhtt_msgs/srv/detail/internal_modify_request__functions.h
[6.222s] -- Installing: /home/tylerjbecker/ros2_ws/src/dhtt_base/install/dhtt_msgs/include/dhtt_msgs/srv/detail/fetch_request__functions.h
[6.222s] -- Installing: /home/tylerjbecker/ros2_ws/src/dhtt_base/install/dhtt_msgs/include/dhtt_msgs/srv/detail/modify_request__struct.h
[6.223s] -- Installing: /home/tylerjbecker/ros2_ws/src/dhtt_base/install/dhtt_msgs/include/dhtt_msgs/srv/detail/internal_service_registration__struct.h
[6.223s] -- Installing: /home/tylerjbecker/ros2_ws/src/dhtt_base/install/dhtt_msgs/include/dhtt_msgs/srv/detail/modify_request__functions.c
[6.223s] -- Installing: /home/tylerjbecker/ros2_ws/src/dhtt_base/install/dhtt_msgs/include/dhtt_msgs/srv/detail/internal_control_request__functions.h
[6.223s] -- Installing: /home/tylerjbecker/ros2_ws/src/dhtt_base/install/dhtt_msgs/include/dhtt_msgs/srv/detail/goitr_request__type_support.h
[6.223s] -- Installing: /home/tylerjbecker/ros2_ws/src/dhtt_base/install/dhtt_msgs/include/dhtt_msgs/srv/detail/goitr_request__functions.h
[6.223s] -- Installing: /home/tylerjbecker/ros2_ws/src/dhtt_base/install/dhtt_msgs/include/dhtt_msgs/srv/detail/internal_modify_request__functions.c
[6.223s] -- Installing: /home/tylerjbecker/ros2_ws/src/dhtt_base/install/dhtt_msgs/include/dhtt_msgs/srv/detail/internal_control_request__type_support.h
[6.223s] -- Installing: /home/tylerjbecker/ros2_ws/src/dhtt_base/install/dhtt_msgs/include/dhtt_msgs/srv/detail/history_request__struct.h
[6.223s] -- Installing: /home/tylerjbecker/ros2_ws/src/dhtt_base/install/dhtt_msgs/include/dhtt_msgs/srv/detail/history_request__type_support.h
[6.223s] -- Installing: /home/tylerjbecker/ros2_ws/src/dhtt_base/install/dhtt_msgs/include/dhtt_msgs/srv/detail/internal_control_request__functions.c
[6.223s] -- Installing: /home/tylerjbecker/ros2_ws/src/dhtt_base/install/dhtt_msgs/include/dhtt_msgs/srv/detail/fetch_info__functions.h
[6.223s] -- Installing: /home/tylerjbecker/ros2_ws/src/dhtt_base/install/dhtt_msgs/include/dhtt_msgs/srv/detail/history_request__functions.h
[6.223s] -- Installing: /home/tylerjbecker/ros2_ws/src/dhtt_base/install/dhtt_msgs/include/dhtt_msgs/srv/detail/modify_request__type_support.h
[6.223s] -- Installing: /home/tylerjbecker/ros2_ws/src/dhtt_base/install/dhtt_msgs/include/dhtt_msgs/srv/detail/fetch_request__struct.h
[6.223s] -- Installing: /home/tylerjbecker/ros2_ws/src/dhtt_base/install/dhtt_msgs/include/dhtt_msgs/srv/detail/history_request__functions.c
[6.223s] -- Installing: /home/tylerjbecker/ros2_ws/src/dhtt_base/install/dhtt_msgs/include/dhtt_msgs/srv/detail/internal_modify_request__type_support.h
[6.223s] -- Installing: /home/tylerjbecker/ros2_ws/src/dhtt_base/install/dhtt_msgs/include/dhtt_msgs/srv/detail/fetch_request__type_support.h
[6.223s] -- Installing: /home/tylerjbecker/ros2_ws/src/dhtt_base/install/dhtt_msgs/include/dhtt_msgs/srv/detail/control_request__type_support.h
[6.223s] -- Installing: /home/tylerjbecker/ros2_ws/src/dhtt_base/install/dhtt_msgs/include/dhtt_msgs/srv/detail/control_request__functions.c
[6.223s] -- Installing: /home/tylerjbecker/ros2_ws/src/dhtt_base/install/dhtt_msgs/include/dhtt_msgs/srv/detail/fetch_info__functions.c
[6.223s] -- Installing: /home/tylerjbecker/ros2_ws/src/dhtt_base/install/dhtt_msgs/include/dhtt_msgs/srv/detail/control_request__struct.h
[6.223s] -- Installing: /home/tylerjbecker/ros2_ws/src/dhtt_base/install/dhtt_msgs/include/dhtt_msgs/srv/detail/internal_control_request__struct.h
[6.223s] -- Installing: /home/tylerjbecker/ros2_ws/src/dhtt_base/install/dhtt_msgs/include/dhtt_msgs/srv/detail/fetch_info__struct.h
[6.223s] -- Installing: /home/tylerjbecker/ros2_ws/src/dhtt_base/install/dhtt_msgs/include/dhtt_msgs/srv/detail/goitr_request__functions.c
[6.224s] -- Installing: /home/tylerjbecker/ros2_ws/src/dhtt_base/install/dhtt_msgs/include/dhtt_msgs/srv/detail/modify_request__functions.h
[6.224s] -- Installing: /home/tylerjbecker/ros2_ws/src/dhtt_base/install/dhtt_msgs/include/dhtt_msgs/srv/detail/fetch_info__type_support.h
[6.224s] -- Installing: /home/tylerjbecker/ros2_ws/src/dhtt_base/install/dhtt_msgs/include/dhtt_msgs/srv/detail/internal_modify_request__struct.h
[6.224s] -- Installing: /home/tylerjbecker/ros2_ws/src/dhtt_base/install/dhtt_msgs/include/dhtt_msgs/srv/control_request.h
[6.224s] -- Installing: /home/tylerjbecker/ros2_ws/src/dhtt_base/install/dhtt_msgs/include/dhtt_msgs/srv/internal_control_request.h
[6.224s] -- Installing: /home/tylerjbecker/ros2_ws/src/dhtt_base/install/dhtt_msgs/include/dhtt_msgs/srv/goitr_request.h
[6.224s] -- Installing: /home/tylerjbecker/ros2_ws/src/dhtt_base/install/dhtt_msgs/include/dhtt_msgs/srv/modify_request.h
[6.224s] -- Installing: /home/tylerjbecker/ros2_ws/src/dhtt_base/install/dhtt_msgs/include/dhtt_msgs/srv/internal_service_registration.h
[6.224s] -- Installing: /home/tylerjbecker/ros2_ws/src/dhtt_base/install/dhtt_msgs/include/dhtt_msgs/srv/history_request.h
[6.224s] -- Installing: /home/tylerjbecker/ros2_ws/src/dhtt_base/install/dhtt_msgs/include/dhtt_msgs/srv/fetch_info.h
[6.224s] -- Installing: /home/tylerjbecker/ros2_ws/src/dhtt_base/install/dhtt_msgs/include/dhtt_msgs/msg
[6.224s] -- Installing: /home/tylerjbecker/ros2_ws/src/dhtt_base/install/dhtt_msgs/include/dhtt_msgs/msg/rosidl_generator_c__visibility_control.h
[6.224s] -- Installing: /home/tylerjbecker/ros2_ws/src/dhtt_base/install/dhtt_msgs/include/dhtt_msgs/msg/subtree.h
[6.224s] -- Installing: /home/tylerjbecker/ros2_ws/src/dhtt_base/install/dhtt_msgs/include/dhtt_msgs/msg/resources.h
[6.224s] -- Installing: /home/tylerjbecker/ros2_ws/src/dhtt_base/install/dhtt_msgs/include/dhtt_msgs/msg/detail
[6.224s] -- Installing: /home/tylerjbecker/ros2_ws/src/dhtt_base/install/dhtt_msgs/include/dhtt_msgs/msg/detail/pair__functions.c
[6.224s] -- Installing: /home/tylerjbecker/ros2_ws/src/dhtt_base/install/dhtt_msgs/include/dhtt_msgs/msg/detail/node__type_support.h
[6.224s] -- Installing: /home/tylerjbecker/ros2_ws/src/dhtt_base/install/dhtt_msgs/include/dhtt_msgs/msg/detail/subtree__functions.c
[6.224s] -- Installing: /home/tylerjbecker/ros2_ws/src/dhtt_base/install/dhtt_msgs/include/dhtt_msgs/msg/detail/update_info__functions.c
[6.224s] -- Installing: /home/tylerjbecker/ros2_ws/src/dhtt_base/install/dhtt_msgs/include/dhtt_msgs/msg/detail/resources__type_support.h
[6.224s] -- Installing: /home/tylerjbecker/ros2_ws/src/dhtt_base/install/dhtt_msgs/include/dhtt_msgs/msg/detail/node__struct.h
[6.224s] -- Installing: /home/tylerjbecker/ros2_ws/src/dhtt_base/install/dhtt_msgs/include/dhtt_msgs/msg/detail/subtree__type_support.h
[6.224s] -- Installing: /home/tylerjbecker/ros2_ws/src/dhtt_base/install/dhtt_msgs/include/dhtt_msgs/msg/detail/resource__type_support.h
[6.224s] -- Installing: /home/tylerjbecker/ros2_ws/src/dhtt_base/install/dhtt_msgs/include/dhtt_msgs/msg/detail/resource__functions.h
[6.224s] -- Installing: /home/tylerjbecker/ros2_ws/src/dhtt_base/install/dhtt_msgs/include/dhtt_msgs/msg/detail/pair__struct.h
[6.224s] -- Installing: /home/tylerjbecker/ros2_ws/src/dhtt_base/install/dhtt_msgs/include/dhtt_msgs/msg/detail/node_status__functions.c
[6.224s] -- Installing: /home/tylerjbecker/ros2_ws/src/dhtt_base/install/dhtt_msgs/include/dhtt_msgs/msg/detail/resource__functions.c
[6.225s] -- Installing: /home/tylerjbecker/ros2_ws/src/dhtt_base/install/dhtt_msgs/include/dhtt_msgs/msg/detail/node__functions.h
[6.225s] -- Installing: /home/tylerjbecker/ros2_ws/src/dhtt_base/install/dhtt_msgs/include/dhtt_msgs/msg/detail/resources__functions.h
[6.225s] -- Installing: /home/tylerjbecker/ros2_ws/src/dhtt_base/install/dhtt_msgs/include/dhtt_msgs/msg/detail/pair__functions.h
[6.225s] -- Installing: /home/tylerjbecker/ros2_ws/src/dhtt_base/install/dhtt_msgs/include/dhtt_msgs/msg/detail/node_status__type_support.h
[6.225s] -- Installing: /home/tylerjbecker/ros2_ws/src/dhtt_base/install/dhtt_msgs/include/dhtt_msgs/msg/detail/node_status__functions.h
[6.225s] -- Installing: /home/tylerjbecker/ros2_ws/src/dhtt_base/install/dhtt_msgs/include/dhtt_msgs/msg/detail/resource__struct.h
[6.225s] -- Installing: /home/tylerjbecker/ros2_ws/src/dhtt_base/install/dhtt_msgs/include/dhtt_msgs/msg/detail/update_info__functions.h
[6.225s] -- Installing: /home/tylerjbecker/ros2_ws/src/dhtt_base/install/dhtt_msgs/include/dhtt_msgs/msg/detail/subtree__struct.h
[6.225s] -- Installing: /home/tylerjbecker/ros2_ws/src/dhtt_base/install/dhtt_msgs/include/dhtt_msgs/msg/detail/resources__functions.c
[6.225s] -- Installing: /home/tylerjbecker/ros2_ws/src/dhtt_base/install/dhtt_msgs/include/dhtt_msgs/msg/detail/update_info__struct.h
[6.225s] -- Installing: /home/tylerjbecker/ros2_ws/src/dhtt_base/install/dhtt_msgs/include/dhtt_msgs/msg/detail/resources__struct.h
[6.225s] -- Installing: /home/tylerjbecker/ros2_ws/src/dhtt_base/install/dhtt_msgs/include/dhtt_msgs/msg/detail/update_info__type_support.h
[6.225s] -- Installing: /home/tylerjbecker/ros2_ws/src/dhtt_base/install/dhtt_msgs/include/dhtt_msgs/msg/detail/pair__type_support.h
[6.225s] -- Installing: /home/tylerjbecker/ros2_ws/src/dhtt_base/install/dhtt_msgs/include/dhtt_msgs/msg/detail/node_status__struct.h
[6.225s] -- Installing: /home/tylerjbecker/ros2_ws/src/dhtt_base/install/dhtt_msgs/include/dhtt_msgs/msg/detail/subtree__functions.h
[6.225s] -- Installing: /home/tylerjbecker/ros2_ws/src/dhtt_base/install/dhtt_msgs/include/dhtt_msgs/msg/detail/node__functions.c
[6.225s] -- Installing: /home/tylerjbecker/ros2_ws/src/dhtt_base/install/dhtt_msgs/include/dhtt_msgs/msg/pair.h
[6.225s] -- Installing: /home/tylerjbecker/ros2_ws/src/dhtt_base/install/dhtt_msgs/include/dhtt_msgs/msg/node.h
[6.225s] -- Installing: /home/tylerjbecker/ros2_ws/src/dhtt_base/install/dhtt_msgs/include/dhtt_msgs/msg/update_info.h
[6.225s] -- Installing: /home/tylerjbecker/ros2_ws/src/dhtt_base/install/dhtt_msgs/include/dhtt_msgs/msg/node_status.h
[6.225s] -- Installing: /home/tylerjbecker/ros2_ws/src/dhtt_base/install/dhtt_msgs/include/dhtt_msgs/msg/resource.h
[6.225s] -- Installing: /home/tylerjbecker/ros2_ws/src/dhtt_base/install/dhtt_msgs/share/dhtt_msgs/environment/library_path.sh
[6.225s] -- Installing: /home/tylerjbecker/ros2_ws/src/dhtt_base/install/dhtt_msgs/share/dhtt_msgs/environment/library_path.dsv
[6.225s] -- Installing: /home/tylerjbecker/ros2_ws/src/dhtt_base/install/dhtt_msgs/lib/libdhtt_msgs__rosidl_generator_c.so
[6.226s] -- Set runtime path of "/home/tylerjbecker/ros2_ws/src/dhtt_base/install/dhtt_msgs/lib/libdhtt_msgs__rosidl_generator_c.so" to ""
[6.226s] -- Up-to-date: /home/tylerjbecker/ros2_ws/src/dhtt_base/install/dhtt_msgs/include/dhtt_msgs
[6.226s] -- Up-to-date: /home/tylerjbecker/ros2_ws/src/dhtt_base/install/dhtt_msgs/include/dhtt_msgs/action
[6.226s] -- Up-to-date: /home/tylerjbecker/ros2_ws/src/dhtt_base/install/dhtt_msgs/include/dhtt_msgs/action/detail
[6.226s] -- Installing: /home/tylerjbecker/ros2_ws/src/dhtt_base/install/dhtt_msgs/include/dhtt_msgs/action/detail/activation__rosidl_typesupport_fastrtps_c.h
[6.226s] -- Up-to-date: /home/tylerjbecker/ros2_ws/src/dhtt_base/install/dhtt_msgs/include/dhtt_msgs/srv
[6.226s] -- Up-to-date: /home/tylerjbecker/ros2_ws/src/dhtt_base/install/dhtt_msgs/include/dhtt_msgs/srv/detail
[6.226s] -- Installing: /home/tylerjbecker/ros2_ws/src/dhtt_base/install/dhtt_msgs/include/dhtt_msgs/srv/detail/goitr_request__rosidl_typesupport_fastrtps_c.h
[6.226s] -- Installing: /home/tylerjbecker/ros2_ws/src/dhtt_base/install/dhtt_msgs/include/dhtt_msgs/srv/detail/internal_service_registration__rosidl_typesupport_fastrtps_c.h
[6.226s] -- Installing: /home/tylerjbecker/ros2_ws/src/dhtt_base/install/dhtt_msgs/include/dhtt_msgs/srv/detail/fetch_request__rosidl_typesupport_fastrtps_c.h
[6.226s] -- Installing: /home/tylerjbecker/ros2_ws/src/dhtt_base/install/dhtt_msgs/include/dhtt_msgs/srv/detail/history_request__rosidl_typesupport_fastrtps_c.h
[6.226s] -- Installing: /home/tylerjbecker/ros2_ws/src/dhtt_base/install/dhtt_msgs/include/dhtt_msgs/srv/detail/control_request__rosidl_typesupport_fastrtps_c.h
[6.226s] -- Installing: /home/tylerjbecker/ros2_ws/src/dhtt_base/install/dhtt_msgs/include/dhtt_msgs/srv/detail/internal_control_request__rosidl_typesupport_fastrtps_c.h
[6.226s] -- Installing: /home/tylerjbecker/ros2_ws/src/dhtt_base/install/dhtt_msgs/include/dhtt_msgs/srv/detail/fetch_info__rosidl_typesupport_fastrtps_c.h
[6.226s] -- Installing: /home/tylerjbecker/ros2_ws/src/dhtt_base/install/dhtt_msgs/include/dhtt_msgs/srv/detail/internal_modify_request__rosidl_typesupport_fastrtps_c.h
[6.226s] -- Installing: /home/tylerjbecker/ros2_ws/src/dhtt_base/install/dhtt_msgs/include/dhtt_msgs/srv/detail/modify_request__rosidl_typesupport_fastrtps_c.h
[6.226s] -- Up-to-date: /home/tylerjbecker/ros2_ws/src/dhtt_base/install/dhtt_msgs/include/dhtt_msgs/msg
[6.226s] -- Up-to-date: /home/tylerjbecker/ros2_ws/src/dhtt_base/install/dhtt_msgs/include/dhtt_msgs/msg/detail
[6.226s] -- Installing: /home/tylerjbecker/ros2_ws/src/dhtt_base/install/dhtt_msgs/include/dhtt_msgs/msg/detail/update_info__rosidl_typesupport_fastrtps_c.h
[6.226s] -- Installing: /home/tylerjbecker/ros2_ws/src/dhtt_base/install/dhtt_msgs/include/dhtt_msgs/msg/detail/node_status__rosidl_typesupport_fastrtps_c.h
[6.226s] -- Installing: /home/tylerjbecker/ros2_ws/src/dhtt_base/install/dhtt_msgs/include/dhtt_msgs/msg/detail/resources__rosidl_typesupport_fastrtps_c.h
[6.226s] -- Installing: /home/tylerjbecker/ros2_ws/src/dhtt_base/install/dhtt_msgs/include/dhtt_msgs/msg/detail/resource__rosidl_typesupport_fastrtps_c.h
[6.226s] -- Installing: /home/tylerjbecker/ros2_ws/src/dhtt_base/install/dhtt_msgs/include/dhtt_msgs/msg/detail/pair__rosidl_typesupport_fastrtps_c.h
[6.226s] -- Installing: /home/tylerjbecker/ros2_ws/src/dhtt_base/install/dhtt_msgs/include/dhtt_msgs/msg/detail/subtree__rosidl_typesupport_fastrtps_c.h
[6.226s] -- Installing: /home/tylerjbecker/ros2_ws/src/dhtt_base/install/dhtt_msgs/include/dhtt_msgs/msg/detail/node__rosidl_typesupport_fastrtps_c.h
[6.226s] -- Installing: /home/tylerjbecker/ros2_ws/src/dhtt_base/install/dhtt_msgs/include/dhtt_msgs/msg/rosidl_typesupport_fastrtps_c__visibility_control.h
[6.226s] -- Installing: /home/tylerjbecker/ros2_ws/src/dhtt_base/install/dhtt_msgs/lib/libdhtt_msgs__rosidl_typesupport_fastrtps_c.so
[6.226s] -- Set runtime path of "/home/tylerjbecker/ros2_ws/src/dhtt_base/install/dhtt_msgs/lib/libdhtt_msgs__rosidl_typesupport_fastrtps_c.so" to ""
[6.227s] -- Up-to-date: /home/tylerjbecker/ros2_ws/src/dhtt_base/install/dhtt_msgs/include/dhtt_msgs
[6.227s] -- Up-to-date: /home/tylerjbecker/ros2_ws/src/dhtt_base/install/dhtt_msgs/include/dhtt_msgs/action
[6.227s] -- Up-to-date: /home/tylerjbecker/ros2_ws/src/dhtt_base/install/dhtt_msgs/include/dhtt_msgs/action/detail
[6.227s] -- Installing: /home/tylerjbecker/ros2_ws/src/dhtt_base/install/dhtt_msgs/include/dhtt_msgs/action/detail/activation__rosidl_typesupport_fastrtps_cpp.hpp
[6.227s] -- Installing: /home/tylerjbecker/ros2_ws/src/dhtt_base/install/dhtt_msgs/include/dhtt_msgs/action/detail/dds_fastrtps
[6.227s] -- Up-to-date: /home/tylerjbecker/ros2_ws/src/dhtt_base/install/dhtt_msgs/include/dhtt_msgs/srv
[6.227s] -- Up-to-date: /home/tylerjbecker/ros2_ws/src/dhtt_base/install/dhtt_msgs/include/dhtt_msgs/srv/detail
[6.227s] -- Installing: /home/tylerjbecker/ros2_ws/src/dhtt_base/install/dhtt_msgs/include/dhtt_msgs/srv/detail/internal_modify_request__rosidl_typesupport_fastrtps_cpp.hpp
[6.227s] -- Installing: /home/tylerjbecker/ros2_ws/src/dhtt_base/install/dhtt_msgs/include/dhtt_msgs/srv/detail/goitr_request__rosidl_typesupport_fastrtps_cpp.hpp
[6.227s] -- Installing: /home/tylerjbecker/ros2_ws/src/dhtt_base/install/dhtt_msgs/include/dhtt_msgs/srv/detail/internal_service_registration__rosidl_typesupport_fastrtps_cpp.hpp
[6.227s] -- Installing: /home/tylerjbecker/ros2_ws/src/dhtt_base/install/dhtt_msgs/include/dhtt_msgs/srv/detail/history_request__rosidl_typesupport_fastrtps_cpp.hpp
[6.227s] -- Installing: /home/tylerjbecker/ros2_ws/src/dhtt_base/install/dhtt_msgs/include/dhtt_msgs/srv/detail/modify_request__rosidl_typesupport_fastrtps_cpp.hpp
[6.227s] -- Installing: /home/tylerjbecker/ros2_ws/src/dhtt_base/install/dhtt_msgs/include/dhtt_msgs/srv/detail/control_request__rosidl_typesupport_fastrtps_cpp.hpp
[6.227s] -- Installing: /home/tylerjbecker/ros2_ws/src/dhtt_base/install/dhtt_msgs/include/dhtt_msgs/srv/detail/dds_fastrtps
[6.227s] -- Installing: /home/tylerjbecker/ros2_ws/src/dhtt_base/install/dhtt_msgs/include/dhtt_msgs/srv/detail/fetch_info__rosidl_typesupport_fastrtps_cpp.hpp
[6.227s] -- Installing: /home/tylerjbecker/ros2_ws/src/dhtt_base/install/dhtt_msgs/include/dhtt_msgs/srv/detail/internal_control_request__rosidl_typesupport_fastrtps_cpp.hpp
[6.227s] -- Installing: /home/tylerjbecker/ros2_ws/src/dhtt_base/install/dhtt_msgs/include/dhtt_msgs/srv/detail/fetch_request__rosidl_typesupport_fastrtps_cpp.hpp
[6.227s] -- Up-to-date: /home/tylerjbecker/ros2_ws/src/dhtt_base/install/dhtt_msgs/include/dhtt_msgs/msg
[6.227s] -- Up-to-date: /home/tylerjbecker/ros2_ws/src/dhtt_base/install/dhtt_msgs/include/dhtt_msgs/msg/detail
[6.227s] -- Installing: /home/tylerjbecker/ros2_ws/src/dhtt_base/install/dhtt_msgs/include/dhtt_msgs/msg/detail/subtree__rosidl_typesupport_fastrtps_cpp.hpp
[6.227s] -- Installing: /home/tylerjbecker/ros2_ws/src/dhtt_base/install/dhtt_msgs/include/dhtt_msgs/msg/detail/node__rosidl_typesupport_fastrtps_cpp.hpp
[6.227s] -- Installing: /home/tylerjbecker/ros2_ws/src/dhtt_base/install/dhtt_msgs/include/dhtt_msgs/msg/detail/resources__rosidl_typesupport_fastrtps_cpp.hpp
[6.227s] -- Installing: /home/tylerjbecker/ros2_ws/src/dhtt_base/install/dhtt_msgs/include/dhtt_msgs/msg/detail/pair__rosidl_typesupport_fastrtps_cpp.hpp
[6.227s] -- Installing: /home/tylerjbecker/ros2_ws/src/dhtt_base/install/dhtt_msgs/include/dhtt_msgs/msg/detail/node_status__rosidl_typesupport_fastrtps_cpp.hpp
[6.227s] -- Installing: /home/tylerjbecker/ros2_ws/src/dhtt_base/install/dhtt_msgs/include/dhtt_msgs/msg/detail/dds_fastrtps
[6.227s] -- Installing: /home/tylerjbecker/ros2_ws/src/dhtt_base/install/dhtt_msgs/include/dhtt_msgs/msg/detail/resource__rosidl_typesupport_fastrtps_cpp.hpp
[6.227s] -- Installing: /home/tylerjbecker/ros2_ws/src/dhtt_base/install/dhtt_msgs/include/dhtt_msgs/msg/detail/update_info__rosidl_typesupport_fastrtps_cpp.hpp
[6.227s] -- Installing: /home/tylerjbecker/ros2_ws/src/dhtt_base/install/dhtt_msgs/include/dhtt_msgs/msg/rosidl_typesupport_fastrtps_cpp__visibility_control.h
[6.227s] -- Installing: /home/tylerjbecker/ros2_ws/src/dhtt_base/install/dhtt_msgs/lib/libdhtt_msgs__rosidl_typesupport_fastrtps_cpp.so
[6.228s] -- Set runtime path of "/home/tylerjbecker/ros2_ws/src/dhtt_base/install/dhtt_msgs/lib/libdhtt_msgs__rosidl_typesupport_fastrtps_cpp.so" to ""
[6.228s] -- Up-to-date: /home/tylerjbecker/ros2_ws/src/dhtt_base/install/dhtt_msgs/include/dhtt_msgs
[6.228s] -- Up-to-date: /home/tylerjbecker/ros2_ws/src/dhtt_base/install/dhtt_msgs/include/dhtt_msgs/action
[6.228s] -- Up-to-date: /home/tylerjbecker/ros2_ws/src/dhtt_base/install/dhtt_msgs/include/dhtt_msgs/action/detail
[6.228s] -- Installing: /home/tylerjbecker/ros2_ws/src/dhtt_base/install/dhtt_msgs/include/dhtt_msgs/action/detail/activation__rosidl_typesupport_introspection_c.h
[6.228s] -- Installing: /home/tylerjbecker/ros2_ws/src/dhtt_base/install/dhtt_msgs/include/dhtt_msgs/action/detail/activation__type_support.c
[6.228s] -- Up-to-date: /home/tylerjbecker/ros2_ws/src/dhtt_base/install/dhtt_msgs/include/dhtt_msgs/srv
[6.228s] -- Up-to-date: /home/tylerjbecker/ros2_ws/src/dhtt_base/install/dhtt_msgs/include/dhtt_msgs/srv/detail
[6.228s] -- Installing: /home/tylerjbecker/ros2_ws/src/dhtt_base/install/dhtt_msgs/include/dhtt_msgs/srv/detail/history_request__type_support.c
[6.228s] -- Installing: /home/tylerjbecker/ros2_ws/src/dhtt_base/install/dhtt_msgs/include/dhtt_msgs/srv/detail/fetch_info__rosidl_typesupport_introspection_c.h
[6.228s] -- Installing: /home/tylerjbecker/ros2_ws/src/dhtt_base/install/dhtt_msgs/include/dhtt_msgs/srv/detail/internal_control_request__rosidl_typesupport_introspection_c.h
[6.228s] -- Installing: /home/tylerjbecker/ros2_ws/src/dhtt_base/install/dhtt_msgs/include/dhtt_msgs/srv/detail/internal_control_request__type_support.c
[6.228s] -- Installing: /home/tylerjbecker/ros2_ws/src/dhtt_base/install/dhtt_msgs/include/dhtt_msgs/srv/detail/internal_service_registration__type_support.c
[6.228s] -- Installing: /home/tylerjbecker/ros2_ws/src/dhtt_base/install/dhtt_msgs/include/dhtt_msgs/srv/detail/fetch_info__type_support.c
[6.228s] -- Installing: /home/tylerjbecker/ros2_ws/src/dhtt_base/install/dhtt_msgs/include/dhtt_msgs/srv/detail/fetch_request__type_support.c
[6.228s] -- Installing: /home/tylerjbecker/ros2_ws/src/dhtt_base/install/dhtt_msgs/include/dhtt_msgs/srv/detail/internal_modify_request__type_support.c
[6.228s] -- Installing: /home/tylerjbecker/ros2_ws/src/dhtt_base/install/dhtt_msgs/include/dhtt_msgs/srv/detail/history_request__rosidl_typesupport_introspection_c.h
[6.228s] -- Installing: /home/tylerjbecker/ros2_ws/src/dhtt_base/install/dhtt_msgs/include/dhtt_msgs/srv/detail/internal_service_registration__rosidl_typesupport_introspection_c.h
[6.228s] -- Installing: /home/tylerjbecker/ros2_ws/src/dhtt_base/install/dhtt_msgs/include/dhtt_msgs/srv/detail/modify_request__type_support.c
[6.228s] -- Installing: /home/tylerjbecker/ros2_ws/src/dhtt_base/install/dhtt_msgs/include/dhtt_msgs/srv/detail/control_request__type_support.c
[6.228s] -- Installing: /home/tylerjbecker/ros2_ws/src/dhtt_base/install/dhtt_msgs/include/dhtt_msgs/srv/detail/goitr_request__rosidl_typesupport_introspection_c.h
[6.228s] -- Installing: /home/tylerjbecker/ros2_ws/src/dhtt_base/install/dhtt_msgs/include/dhtt_msgs/srv/detail/internal_modify_request__rosidl_typesupport_introspection_c.h
[6.228s] -- Installing: /home/tylerjbecker/ros2_ws/src/dhtt_base/install/dhtt_msgs/include/dhtt_msgs/srv/detail/modify_request__rosidl_typesupport_introspection_c.h
[6.228s] -- Installing: /home/tylerjbecker/ros2_ws/src/dhtt_base/install/dhtt_msgs/include/dhtt_msgs/srv/detail/control_request__rosidl_typesupport_introspection_c.h
[6.228s] -- Installing: /home/tylerjbecker/ros2_ws/src/dhtt_base/install/dhtt_msgs/include/dhtt_msgs/srv/detail/goitr_request__type_support.c
[6.228s] -- Installing: /home/tylerjbecker/ros2_ws/src/dhtt_base/install/dhtt_msgs/include/dhtt_msgs/srv/detail/fetch_request__rosidl_typesupport_introspection_c.h
[6.228s] -- Up-to-date: /home/tylerjbecker/ros2_ws/src/dhtt_base/install/dhtt_msgs/include/dhtt_msgs/msg
[6.228s] -- Installing: /home/tylerjbecker/ros2_ws/src/dhtt_base/install/dhtt_msgs/include/dhtt_msgs/msg/rosidl_typesupport_introspection_c__visibility_control.h
[6.228s] -- Up-to-date: /home/tylerjbecker/ros2_ws/src/dhtt_base/install/dhtt_msgs/include/dhtt_msgs/msg/detail
[6.228s] -- Installing: /home/tylerjbecker/ros2_ws/src/dhtt_base/install/dhtt_msgs/include/dhtt_msgs/msg/detail/node_status__rosidl_typesupport_introspection_c.h
[6.229s] -- Installing: /home/tylerjbecker/ros2_ws/src/dhtt_base/install/dhtt_msgs/include/dhtt_msgs/msg/detail/pair__rosidl_typesupport_introspection_c.h
[6.229s] -- Installing: /home/tylerjbecker/ros2_ws/src/dhtt_base/install/dhtt_msgs/include/dhtt_msgs/msg/detail/node__rosidl_typesupport_introspection_c.h
[6.229s] -- Installing: /home/tylerjbecker/ros2_ws/src/dhtt_base/install/dhtt_msgs/include/dhtt_msgs/msg/detail/node_status__type_support.c
[6.229s] -- Installing: /home/tylerjbecker/ros2_ws/src/dhtt_base/install/dhtt_msgs/include/dhtt_msgs/msg/detail/update_info__type_support.c
[6.229s] -- Installing: /home/tylerjbecker/ros2_ws/src/dhtt_base/install/dhtt_msgs/include/dhtt_msgs/msg/detail/node__type_support.c
[6.229s] -- Installing: /home/tylerjbecker/ros2_ws/src/dhtt_base/install/dhtt_msgs/include/dhtt_msgs/msg/detail/resources__rosidl_typesupport_introspection_c.h
[6.229s] -- Installing: /home/tylerjbecker/ros2_ws/src/dhtt_base/install/dhtt_msgs/include/dhtt_msgs/msg/detail/resources__type_support.c
[6.229s] -- Installing: /home/tylerjbecker/ros2_ws/src/dhtt_base/install/dhtt_msgs/include/dhtt_msgs/msg/detail/update_info__rosidl_typesupport_introspection_c.h
[6.229s] -- Installing: /home/tylerjbecker/ros2_ws/src/dhtt_base/install/dhtt_msgs/include/dhtt_msgs/msg/detail/subtree__rosidl_typesupport_introspection_c.h
[6.229s] -- Installing: /home/tylerjbecker/ros2_ws/src/dhtt_base/install/dhtt_msgs/include/dhtt_msgs/msg/detail/subtree__type_support.c
[6.229s] -- Installing: /home/tylerjbecker/ros2_ws/src/dhtt_base/install/dhtt_msgs/include/dhtt_msgs/msg/detail/resource__rosidl_typesupport_introspection_c.h
[6.229s] -- Installing: /home/tylerjbecker/ros2_ws/src/dhtt_base/install/dhtt_msgs/include/dhtt_msgs/msg/detail/resource__type_support.c
[6.229s] -- Installing: /home/tylerjbecker/ros2_ws/src/dhtt_base/install/dhtt_msgs/include/dhtt_msgs/msg/detail/pair__type_support.c
[6.229s] -- Installing: /home/tylerjbecker/ros2_ws/src/dhtt_base/install/dhtt_msgs/lib/libdhtt_msgs__rosidl_typesupport_introspection_c.so
[6.229s] -- Set runtime path of "/home/tylerjbecker/ros2_ws/src/dhtt_base/install/dhtt_msgs/lib/libdhtt_msgs__rosidl_typesupport_introspection_c.so" to ""
[6.229s] -- Installing: /home/tylerjbecker/ros2_ws/src/dhtt_base/install/dhtt_msgs/lib/libdhtt_msgs__rosidl_typesupport_c.so
[6.229s] -- Set runtime path of "/home/tylerjbecker/ros2_ws/src/dhtt_base/install/dhtt_msgs/lib/libdhtt_msgs__rosidl_typesupport_c.so" to ""
[6.229s] -- Up-to-date: /home/tylerjbecker/ros2_ws/src/dhtt_base/install/dhtt_msgs/include/dhtt_msgs
[6.229s] -- Up-to-date: /home/tylerjbecker/ros2_ws/src/dhtt_base/install/dhtt_msgs/include/dhtt_msgs/action
[6.229s] -- Up-to-date: /home/tylerjbecker/ros2_ws/src/dhtt_base/install/dhtt_msgs/include/dhtt_msgs/action/detail
[6.229s] -- Installing: /home/tylerjbecker/ros2_ws/src/dhtt_base/install/dhtt_msgs/include/dhtt_msgs/action/detail/activation__type_support.hpp
[6.229s] -- Installing: /home/tylerjbecker/ros2_ws/src/dhtt_base/install/dhtt_msgs/include/dhtt_msgs/action/detail/activation__builder.hpp
[6.229s] -- Installing: /home/tylerjbecker/ros2_ws/src/dhtt_base/install/dhtt_msgs/include/dhtt_msgs/action/detail/activation__traits.hpp
[6.229s] -- Installing: /home/tylerjbecker/ros2_ws/src/dhtt_base/install/dhtt_msgs/include/dhtt_msgs/action/detail/activation__struct.hpp
[6.229s] -- Installing: /home/tylerjbecker/ros2_ws/src/dhtt_base/install/dhtt_msgs/include/dhtt_msgs/action/activation.hpp
[6.230s] -- Up-to-date: /home/tylerjbecker/ros2_ws/src/dhtt_base/install/dhtt_msgs/include/dhtt_msgs/srv
[6.230s] -- Installing: /home/tylerjbecker/ros2_ws/src/dhtt_base/install/dhtt_msgs/include/dhtt_msgs/srv/history_request.hpp
[6.230s] -- Installing: /home/tylerjbecker/ros2_ws/src/dhtt_base/install/dhtt_msgs/include/dhtt_msgs/srv/internal_modify_request.hpp
[6.230s] -- Installing: /home/tylerjbecker/ros2_ws/src/dhtt_base/install/dhtt_msgs/include/dhtt_msgs/srv/modify_request.hpp
[6.230s] -- Up-to-date: /home/tylerjbecker/ros2_ws/src/dhtt_base/install/dhtt_msgs/include/dhtt_msgs/srv/detail
[6.230s] -- Installing: /home/tylerjbecker/ros2_ws/src/dhtt_base/install/dhtt_msgs/include/dhtt_msgs/srv/detail/history_request__type_support.hpp
[6.230s] -- Installing: /home/tylerjbecker/ros2_ws/src/dhtt_base/install/dhtt_msgs/include/dhtt_msgs/srv/detail/internal_control_request__builder.hpp
[6.230s] -- Installing: /home/tylerjbecker/ros2_ws/src/dhtt_base/install/dhtt_msgs/include/dhtt_msgs/srv/detail/history_request__traits.hpp
[6.230s] -- Installing: /home/tylerjbecker/ros2_ws/src/dhtt_base/install/dhtt_msgs/include/dhtt_msgs/srv/detail/internal_modify_request__type_support.hpp
[6.230s] -- Installing: /home/tylerjbecker/ros2_ws/src/dhtt_base/install/dhtt_msgs/include/dhtt_msgs/srv/detail/modify_request__builder.hpp
[6.230s] -- Installing: /home/tylerjbecker/ros2_ws/src/dhtt_base/install/dhtt_msgs/include/dhtt_msgs/srv/detail/internal_modify_request__struct.hpp
[6.230s] -- Installing: /home/tylerjbecker/ros2_ws/src/dhtt_base/install/dhtt_msgs/include/dhtt_msgs/srv/detail/fetch_request__type_support.hpp
[6.230s] -- Installing: /home/tylerjbecker/ros2_ws/src/dhtt_base/install/dhtt_msgs/include/dhtt_msgs/srv/detail/internal_service_registration__struct.hpp
[6.230s] -- Installing: /home/tylerjbecker/ros2_ws/src/dhtt_base/install/dhtt_msgs/include/dhtt_msgs/srv/detail/fetch_info__traits.hpp
[6.230s] -- Installing: /home/tylerjbecker/ros2_ws/src/dhtt_base/install/dhtt_msgs/include/dhtt_msgs/srv/detail/internal_service_registration__builder.hpp
[6.230s] -- Installing: /home/tylerjbecker/ros2_ws/src/dhtt_base/install/dhtt_msgs/include/dhtt_msgs/srv/detail/fetch_info__builder.hpp
[6.230s] -- Installing: /home/tylerjbecker/ros2_ws/src/dhtt_base/install/dhtt_msgs/include/dhtt_msgs/srv/detail/history_request__builder.hpp
[6.230s] -- Installing: /home/tylerjbecker/ros2_ws/src/dhtt_base/install/dhtt_msgs/include/dhtt_msgs/srv/detail/goitr_request__builder.hpp
[6.230s] -- Installing: /home/tylerjbecker/ros2_ws/src/dhtt_base/install/dhtt_msgs/include/dhtt_msgs/srv/detail/fetch_request__struct.hpp
[6.230s] -- Installing: /home/tylerjbecker/ros2_ws/src/dhtt_base/install/dhtt_msgs/include/dhtt_msgs/srv/detail/history_request__struct.hpp
[6.230s] -- Installing: /home/tylerjbecker/ros2_ws/src/dhtt_base/install/dhtt_msgs/include/dhtt_msgs/srv/detail/fetch_info__struct.hpp
[6.230s] -- Installing: /home/tylerjbecker/ros2_ws/src/dhtt_base/install/dhtt_msgs/include/dhtt_msgs/srv/detail/internal_control_request__struct.hpp
[6.230s] -- Installing: /home/tylerjbecker/ros2_ws/src/dhtt_base/install/dhtt_msgs/include/dhtt_msgs/srv/detail/control_request__builder.hpp
[6.230s] -- Installing: /home/tylerjbecker/ros2_ws/src/dhtt_base/install/dhtt_msgs/include/dhtt_msgs/srv/detail/fetch_info__type_support.hpp
[6.230s] -- Installing: /home/tylerjbecker/ros2_ws/src/dhtt_base/install/dhtt_msgs/include/dhtt_msgs/srv/detail/control_request__traits.hpp
[6.230s] -- Installing: /home/tylerjbecker/ros2_ws/src/dhtt_base/install/dhtt_msgs/include/dhtt_msgs/srv/detail/fetch_request__traits.hpp
[6.230s] -- Installing: /home/tylerjbecker/ros2_ws/src/dhtt_base/install/dhtt_msgs/include/dhtt_msgs/srv/detail/goitr_request__traits.hpp
[6.230s] -- Installing: /home/tylerjbecker/ros2_ws/src/dhtt_base/install/dhtt_msgs/include/dhtt_msgs/srv/detail/internal_modify_request__traits.hpp
[6.230s] -- Installing: /home/tylerjbecker/ros2_ws/src/dhtt_base/install/dhtt_msgs/include/dhtt_msgs/srv/detail/modify_request__type_support.hpp
[6.230s] -- Installing: /home/tylerjbecker/ros2_ws/src/dhtt_base/install/dhtt_msgs/include/dhtt_msgs/srv/detail/internal_control_request__traits.hpp
[6.230s] -- Installing: /home/tylerjbecker/ros2_ws/src/dhtt_base/install/dhtt_msgs/include/dhtt_msgs/srv/detail/control_request__struct.hpp
[6.230s] -- Installing: /home/tylerjbecker/ros2_ws/src/dhtt_base/install/dhtt_msgs/include/dhtt_msgs/srv/detail/fetch_request__builder.hpp
[6.230s] -- Installing: /home/tylerjbecker/ros2_ws/src/dhtt_base/install/dhtt_msgs/include/dhtt_msgs/srv/detail/control_request__type_support.hpp
[6.231s] -- Installing: /home/tylerjbecker/ros2_ws/src/dhtt_base/install/dhtt_msgs/include/dhtt_msgs/srv/detail/modify_request__traits.hpp
[6.231s] -- Installing: /home/tylerjbecker/ros2_ws/src/dhtt_base/install/dhtt_msgs/include/dhtt_msgs/srv/detail/modify_request__struct.hpp
[6.231s] -- Installing: /home/tylerjbecker/ros2_ws/src/dhtt_base/install/dhtt_msgs/include/dhtt_msgs/srv/detail/internal_modify_request__builder.hpp
[6.231s] -- Installing: /home/tylerjbecker/ros2_ws/src/dhtt_base/install/dhtt_msgs/include/dhtt_msgs/srv/detail/goitr_request__type_support.hpp
[6.231s] -- Installing: /home/tylerjbecker/ros2_ws/src/dhtt_base/install/dhtt_msgs/include/dhtt_msgs/srv/detail/internal_service_registration__traits.hpp
[6.231s] -- Installing: /home/tylerjbecker/ros2_ws/src/dhtt_base/install/dhtt_msgs/include/dhtt_msgs/srv/detail/internal_service_registration__type_support.hpp
[6.231s] -- Installing: /home/tylerjbecker/ros2_ws/src/dhtt_base/install/dhtt_msgs/include/dhtt_msgs/srv/detail/internal_control_request__type_support.hpp
[6.231s] -- Installing: /home/tylerjbecker/ros2_ws/src/dhtt_base/install/dhtt_msgs/include/dhtt_msgs/srv/detail/goitr_request__struct.hpp
[6.231s] -- Installing: /home/tylerjbecker/ros2_ws/src/dhtt_base/install/dhtt_msgs/include/dhtt_msgs/srv/fetch_request.hpp
[6.231s] -- Installing: /home/tylerjbecker/ros2_ws/src/dhtt_base/install/dhtt_msgs/include/dhtt_msgs/srv/internal_service_registration.hpp
[6.231s] -- Installing: /home/tylerjbecker/ros2_ws/src/dhtt_base/install/dhtt_msgs/include/dhtt_msgs/srv/fetch_info.hpp
[6.231s] -- Installing: /home/tylerjbecker/ros2_ws/src/dhtt_base/install/dhtt_msgs/include/dhtt_msgs/srv/internal_control_request.hpp
[6.231s] -- Installing: /home/tylerjbecker/ros2_ws/src/dhtt_base/install/dhtt_msgs/include/dhtt_msgs/srv/control_request.hpp
[6.231s] -- Installing: /home/tylerjbecker/ros2_ws/src/dhtt_base/install/dhtt_msgs/include/dhtt_msgs/srv/goitr_request.hpp
[6.231s] -- Up-to-date: /home/tylerjbecker/ros2_ws/src/dhtt_base/install/dhtt_msgs/include/dhtt_msgs/msg
[6.231s] -- Installing: /home/tylerjbecker/ros2_ws/src/dhtt_base/install/dhtt_msgs/include/dhtt_msgs/msg/resources.hpp
[6.231s] -- Installing: /home/tylerjbecker/ros2_ws/src/dhtt_base/install/dhtt_msgs/include/dhtt_msgs/msg/node.hpp
[6.231s] -- Installing: /home/tylerjbecker/ros2_ws/src/dhtt_base/install/dhtt_msgs/include/dhtt_msgs/msg/update_info.hpp
[6.231s] -- Up-to-date: /home/tylerjbecker/ros2_ws/src/dhtt_base/install/dhtt_msgs/include/dhtt_msgs/msg/detail
[6.231s] -- Installing: /home/tylerjbecker/ros2_ws/src/dhtt_base/install/dhtt_msgs/include/dhtt_msgs/msg/detail/resource__traits.hpp
[6.231s] -- Installing: /home/tylerjbecker/ros2_ws/src/dhtt_base/install/dhtt_msgs/include/dhtt_msgs/msg/detail/node_status__traits.hpp
[6.231s] -- Installing: /home/tylerjbecker/ros2_ws/src/dhtt_base/install/dhtt_msgs/include/dhtt_msgs/msg/detail/node__builder.hpp
[6.231s] -- Installing: /home/tylerjbecker/ros2_ws/src/dhtt_base/install/dhtt_msgs/include/dhtt_msgs/msg/detail/resource__struct.hpp
[6.231s] -- Installing: /home/tylerjbecker/ros2_ws/src/dhtt_base/install/dhtt_msgs/include/dhtt_msgs/msg/detail/node__type_support.hpp
[6.231s] -- Installing: /home/tylerjbecker/ros2_ws/src/dhtt_base/install/dhtt_msgs/include/dhtt_msgs/msg/detail/node__struct.hpp
[6.231s] -- Installing: /home/tylerjbecker/ros2_ws/src/dhtt_base/install/dhtt_msgs/include/dhtt_msgs/msg/detail/resources__type_support.hpp
[6.231s] -- Installing: /home/tylerjbecker/ros2_ws/src/dhtt_base/install/dhtt_msgs/include/dhtt_msgs/msg/detail/subtree__type_support.hpp
[6.231s] -- Installing: /home/tylerjbecker/ros2_ws/src/dhtt_base/install/dhtt_msgs/include/dhtt_msgs/msg/detail/node_status__struct.hpp
[6.231s] -- Installing: /home/tylerjbecker/ros2_ws/src/dhtt_base/install/dhtt_msgs/include/dhtt_msgs/msg/detail/subtree__builder.hpp
[6.231s] -- Installing: /home/tylerjbecker/ros2_ws/src/dhtt_base/install/dhtt_msgs/include/dhtt_msgs/msg/detail/resources__struct.hpp
[6.231s] -- Installing: /home/tylerjbecker/ros2_ws/src/dhtt_base/install/dhtt_msgs/include/dhtt_msgs/msg/detail/node_status__builder.hpp
[6.231s] -- Installing: /home/tylerjbecker/ros2_ws/src/dhtt_base/install/dhtt_msgs/include/dhtt_msgs/msg/detail/update_info__type_support.hpp
[6.231s] -- Installing: /home/tylerjbecker/ros2_ws/src/dhtt_base/install/dhtt_msgs/include/dhtt_msgs/msg/detail/resources__traits.hpp
[6.232s] -- Installing: /home/tylerjbecker/ros2_ws/src/dhtt_base/install/dhtt_msgs/include/dhtt_msgs/msg/detail/resource__type_support.hpp
[6.232s] -- Installing: /home/tylerjbecker/ros2_ws/src/dhtt_base/install/dhtt_msgs/include/dhtt_msgs/msg/detail/pair__struct.hpp
[6.232s] -- Installing: /home/tylerjbecker/ros2_ws/src/dhtt_base/install/dhtt_msgs/include/dhtt_msgs/msg/detail/pair__builder.hpp
[6.232s] -- Installing: /home/tylerjbecker/ros2_ws/src/dhtt_base/install/dhtt_msgs/include/dhtt_msgs/msg/detail/node__traits.hpp
[6.232s] -- Installing: /home/tylerjbecker/ros2_ws/src/dhtt_base/install/dhtt_msgs/include/dhtt_msgs/msg/detail/resources__builder.hpp
[6.232s] -- Installing: /home/tylerjbecker/ros2_ws/src/dhtt_base/install/dhtt_msgs/include/dhtt_msgs/msg/detail/node_status__type_support.hpp
[6.232s] -- Installing: /home/tylerjbecker/ros2_ws/src/dhtt_base/install/dhtt_msgs/include/dhtt_msgs/msg/detail/subtree__traits.hpp
[6.232s] -- Installing: /home/tylerjbecker/ros2_ws/src/dhtt_base/install/dhtt_msgs/include/dhtt_msgs/msg/detail/subtree__struct.hpp
[6.232s] -- Installing: /home/tylerjbecker/ros2_ws/src/dhtt_base/install/dhtt_msgs/include/dhtt_msgs/msg/detail/resource__builder.hpp
[6.232s] -- Installing: /home/tylerjbecker/ros2_ws/src/dhtt_base/install/dhtt_msgs/include/dhtt_msgs/msg/detail/update_info__traits.hpp
[6.232s] -- Installing: /home/tylerjbecker/ros2_ws/src/dhtt_base/install/dhtt_msgs/include/dhtt_msgs/msg/detail/pair__type_support.hpp
[6.232s] -- Installing: /home/tylerjbecker/ros2_ws/src/dhtt_base/install/dhtt_msgs/include/dhtt_msgs/msg/detail/pair__traits.hpp
[6.232s] -- Installing: /home/tylerjbecker/ros2_ws/src/dhtt_base/install/dhtt_msgs/include/dhtt_msgs/msg/detail/update_info__builder.hpp
[6.232s] -- Installing: /home/tylerjbecker/ros2_ws/src/dhtt_base/install/dhtt_msgs/include/dhtt_msgs/msg/detail/update_info__struct.hpp
[6.232s] -- Installing: /home/tylerjbecker/ros2_ws/src/dhtt_base/install/dhtt_msgs/include/dhtt_msgs/msg/resource.hpp
[6.232s] -- Installing: /home/tylerjbecker/ros2_ws/src/dhtt_base/install/dhtt_msgs/include/dhtt_msgs/msg/node_status.hpp
[6.232s] -- Installing: /home/tylerjbecker/ros2_ws/src/dhtt_base/install/dhtt_msgs/include/dhtt_msgs/msg/rosidl_generator_cpp__visibility_control.hpp
[6.232s] -- Installing: /home/tylerjbecker/ros2_ws/src/dhtt_base/install/dhtt_msgs/include/dhtt_msgs/msg/pair.hpp
[6.232s] -- Installing: /home/tylerjbecker/ros2_ws/src/dhtt_base/install/dhtt_msgs/include/dhtt_msgs/msg/subtree.hpp
[6.232s] -- Up-to-date: /home/tylerjbecker/ros2_ws/src/dhtt_base/install/dhtt_msgs/include/dhtt_msgs
[6.232s] -- Up-to-date: /home/tylerjbecker/ros2_ws/src/dhtt_base/install/dhtt_msgs/include/dhtt_msgs/action
[6.232s] -- Up-to-date: /home/tylerjbecker/ros2_ws/src/dhtt_base/install/dhtt_msgs/include/dhtt_msgs/action/detail
[6.232s] -- Installing: /home/tylerjbecker/ros2_ws/src/dhtt_base/install/dhtt_msgs/include/dhtt_msgs/action/detail/activation__type_support.cpp
[6.232s] -- Installing: /home/tylerjbecker/ros2_ws/src/dhtt_base/install/dhtt_msgs/include/dhtt_msgs/action/detail/activation__rosidl_typesupport_introspection_cpp.hpp
[6.232s] -- Up-to-date: /home/tylerjbecker/ros2_ws/src/dhtt_base/install/dhtt_msgs/include/dhtt_msgs/srv
[6.232s] -- Up-to-date: /home/tylerjbecker/ros2_ws/src/dhtt_base/install/dhtt_msgs/include/dhtt_msgs/srv/detail
[6.232s] -- Installing: /home/tylerjbecker/ros2_ws/src/dhtt_base/install/dhtt_msgs/include/dhtt_msgs/srv/detail/control_request__type_support.cpp
[6.232s] -- Installing: /home/tylerjbecker/ros2_ws/src/dhtt_base/install/dhtt_msgs/include/dhtt_msgs/srv/detail/fetch_request__rosidl_typesupport_introspection_cpp.hpp
[6.232s] -- Installing: /home/tylerjbecker/ros2_ws/src/dhtt_base/install/dhtt_msgs/include/dhtt_msgs/srv/detail/goitr_request__rosidl_typesupport_introspection_cpp.hpp
[6.232s] -- Installing: /home/tylerjbecker/ros2_ws/src/dhtt_base/install/dhtt_msgs/include/dhtt_msgs/srv/detail/fetch_info__rosidl_typesupport_introspection_cpp.hpp
[6.232s] -- Installing: /home/tylerjbecker/ros2_ws/src/dhtt_base/install/dhtt_msgs/include/dhtt_msgs/srv/detail/modify_request__rosidl_typesupport_introspection_cpp.hpp
[6.232s] -- Installing: /home/tylerjbecker/ros2_ws/src/dhtt_base/install/dhtt_msgs/include/dhtt_msgs/srv/detail/history_request__rosidl_typesupport_introspection_cpp.hpp
[6.232s] -- Installing: /home/tylerjbecker/ros2_ws/src/dhtt_base/install/dhtt_msgs/include/dhtt_msgs/srv/detail/internal_control_request__type_support.cpp
[6.233s] -- Installing: /home/tylerjbecker/ros2_ws/src/dhtt_base/install/dhtt_msgs/include/dhtt_msgs/srv/detail/internal_modify_request__type_support.cpp
[6.233s] -- Installing: /home/tylerjbecker/ros2_ws/src/dhtt_base/install/dhtt_msgs/include/dhtt_msgs/srv/detail/internal_control_request__rosidl_typesupport_introspection_cpp.hpp
[6.233s] -- Installing: /home/tylerjbecker/ros2_ws/src/dhtt_base/install/dhtt_msgs/include/dhtt_msgs/srv/detail/modify_request__type_support.cpp
[6.233s] -- Installing: /home/tylerjbecker/ros2_ws/src/dhtt_base/install/dhtt_msgs/include/dhtt_msgs/srv/detail/internal_service_registration__type_support.cpp
[6.233s] -- Installing: /home/tylerjbecker/ros2_ws/src/dhtt_base/install/dhtt_msgs/include/dhtt_msgs/srv/detail/fetch_request__type_support.cpp
[6.233s] -- Installing: /home/tylerjbecker/ros2_ws/src/dhtt_base/install/dhtt_msgs/include/dhtt_msgs/srv/detail/internal_modify_request__rosidl_typesupport_introspection_cpp.hpp
[6.233s] -- Installing: /home/tylerjbecker/ros2_ws/src/dhtt_base/install/dhtt_msgs/include/dhtt_msgs/srv/detail/fetch_info__type_support.cpp
[6.233s] -- Installing: /home/tylerjbecker/ros2_ws/src/dhtt_base/install/dhtt_msgs/include/dhtt_msgs/srv/detail/control_request__rosidl_typesupport_introspection_cpp.hpp
[6.233s] -- Installing: /home/tylerjbecker/ros2_ws/src/dhtt_base/install/dhtt_msgs/include/dhtt_msgs/srv/detail/goitr_request__type_support.cpp
[6.233s] -- Installing: /home/tylerjbecker/ros2_ws/src/dhtt_base/install/dhtt_msgs/include/dhtt_msgs/srv/detail/internal_service_registration__rosidl_typesupport_introspection_cpp.hpp
[6.233s] -- Installing: /home/tylerjbecker/ros2_ws/src/dhtt_base/install/dhtt_msgs/include/dhtt_msgs/srv/detail/history_request__type_support.cpp
[6.233s] -- Up-to-date: /home/tylerjbecker/ros2_ws/src/dhtt_base/install/dhtt_msgs/include/dhtt_msgs/msg
[6.233s] -- Up-to-date: /home/tylerjbecker/ros2_ws/src/dhtt_base/install/dhtt_msgs/include/dhtt_msgs/msg/detail
[6.233s] -- Installing: /home/tylerjbecker/ros2_ws/src/dhtt_base/install/dhtt_msgs/include/dhtt_msgs/msg/detail/pair__type_support.cpp
[6.233s] -- Installing: /home/tylerjbecker/ros2_ws/src/dhtt_base/install/dhtt_msgs/include/dhtt_msgs/msg/detail/pair__rosidl_typesupport_introspection_cpp.hpp
[6.233s] -- Installing: /home/tylerjbecker/ros2_ws/src/dhtt_base/install/dhtt_msgs/include/dhtt_msgs/msg/detail/resources__type_support.cpp
[6.233s] -- Installing: /home/tylerjbecker/ros2_ws/src/dhtt_base/install/dhtt_msgs/include/dhtt_msgs/msg/detail/update_info__type_support.cpp
[6.233s] -- Installing: /home/tylerjbecker/ros2_ws/src/dhtt_base/install/dhtt_msgs/include/dhtt_msgs/msg/detail/subtree__rosidl_typesupport_introspection_cpp.hpp
[6.233s] -- Installing: /home/tylerjbecker/ros2_ws/src/dhtt_base/install/dhtt_msgs/include/dhtt_msgs/msg/detail/update_info__rosidl_typesupport_introspection_cpp.hpp
[6.233s] -- Installing: /home/tylerjbecker/ros2_ws/src/dhtt_base/install/dhtt_msgs/include/dhtt_msgs/msg/detail/resource__type_support.cpp
[6.233s] -- Installing: /home/tylerjbecker/ros2_ws/src/dhtt_base/install/dhtt_msgs/include/dhtt_msgs/msg/detail/node_status__type_support.cpp
[6.233s] -- Installing: /home/tylerjbecker/ros2_ws/src/dhtt_base/install/dhtt_msgs/include/dhtt_msgs/msg/detail/subtree__type_support.cpp
[6.233s] -- Installing: /home/tylerjbecker/ros2_ws/src/dhtt_base/install/dhtt_msgs/include/dhtt_msgs/msg/detail/resource__rosidl_typesupport_introspection_cpp.hpp
[6.233s] -- Installing: /home/tylerjbecker/ros2_ws/src/dhtt_base/install/dhtt_msgs/include/dhtt_msgs/msg/detail/resources__rosidl_typesupport_introspection_cpp.hpp
[6.233s] -- Installing: /home/tylerjbecker/ros2_ws/src/dhtt_base/install/dhtt_msgs/include/dhtt_msgs/msg/detail/node__rosidl_typesupport_introspection_cpp.hpp
[6.233s] -- Installing: /home/tylerjbecker/ros2_ws/src/dhtt_base/install/dhtt_msgs/include/dhtt_msgs/msg/detail/node__type_support.cpp
[6.233s] -- Installing: /home/tylerjbecker/ros2_ws/src/dhtt_base/install/dhtt_msgs/include/dhtt_msgs/msg/detail/node_status__rosidl_typesupport_introspection_cpp.hpp
[6.233s] -- Installing: /home/tylerjbecker/ros2_ws/src/dhtt_base/install/dhtt_msgs/lib/libdhtt_msgs__rosidl_typesupport_introspection_cpp.so
[6.234s] -- Set runtime path of "/home/tylerjbecker/ros2_ws/src/dhtt_base/install/dhtt_msgs/lib/libdhtt_msgs__rosidl_typesupport_introspection_cpp.so" to ""
[6.234s] -- Installing: /home/tylerjbecker/ros2_ws/src/dhtt_base/install/dhtt_msgs/lib/libdhtt_msgs__rosidl_typesupport_cpp.so
[6.234s] -- Set runtime path of "/home/tylerjbecker/ros2_ws/src/dhtt_base/install/dhtt_msgs/lib/libdhtt_msgs__rosidl_typesupport_cpp.so" to ""
[6.234s] -- Installing: /home/tylerjbecker/ros2_ws/src/dhtt_base/install/dhtt_msgs/share/dhtt_msgs/environment/pythonpath.sh
[6.234s] -- Installing: /home/tylerjbecker/ros2_ws/src/dhtt_base/install/dhtt_msgs/share/dhtt_msgs/environment/pythonpath.dsv
[6.234s] -- Installing: /home/tylerjbecker/ros2_ws/src/dhtt_base/install/dhtt_msgs/lib/python3.8/site-packages/dhtt_msgs/__init__.py
[6.250s] Compiling '/home/tylerjbecker/ros2_ws/src/dhtt_base/install/dhtt_msgs/lib/python3.8/site-packages/dhtt_msgs/__init__.py'...
[6.252s] -- Installing: /home/tylerjbecker/ros2_ws/src/dhtt_base/install/dhtt_msgs/lib/python3.8/site-packages/dhtt_msgs/msg
[6.252s] -- Installing: /home/tylerjbecker/ros2_ws/src/dhtt_base/install/dhtt_msgs/lib/python3.8/site-packages/dhtt_msgs/msg/_node_s.c
[6.252s] -- Installing: /home/tylerjbecker/ros2_ws/src/dhtt_base/install/dhtt_msgs/lib/python3.8/site-packages/dhtt_msgs/msg/_subtree_s.c
[6.252s] -- Installing: /home/tylerjbecker/ros2_ws/src/dhtt_base/install/dhtt_msgs/lib/python3.8/site-packages/dhtt_msgs/msg/_resource.py
[6.252s] -- Installing: /home/tylerjbecker/ros2_ws/src/dhtt_base/install/dhtt_msgs/lib/python3.8/site-packages/dhtt_msgs/msg/_resource_s.c
[6.252s] -- Installing: /home/tylerjbecker/ros2_ws/src/dhtt_base/install/dhtt_msgs/lib/python3.8/site-packages/dhtt_msgs/msg/_node.py
[6.252s] -- Installing: /home/tylerjbecker/ros2_ws/src/dhtt_base/install/dhtt_msgs/lib/python3.8/site-packages/dhtt_msgs/msg/_resources_s.c
[6.252s] -- Installing: /home/tylerjbecker/ros2_ws/src/dhtt_base/install/dhtt_msgs/lib/python3.8/site-packages/dhtt_msgs/msg/_resources.py
[6.252s] -- Installing: /home/tylerjbecker/ros2_ws/src/dhtt_base/install/dhtt_msgs/lib/python3.8/site-packages/dhtt_msgs/msg/_pair.py
[6.252s] -- Installing: /home/tylerjbecker/ros2_ws/src/dhtt_base/install/dhtt_msgs/lib/python3.8/site-packages/dhtt_msgs/msg/__init__.py
[6.252s] -- Installing: /home/tylerjbecker/ros2_ws/src/dhtt_base/install/dhtt_msgs/lib/python3.8/site-packages/dhtt_msgs/msg/_pair_s.c
[6.252s] -- Installing: /home/tylerjbecker/ros2_ws/src/dhtt_base/install/dhtt_msgs/lib/python3.8/site-packages/dhtt_msgs/msg/_node_status_s.c
[6.252s] -- Installing: /home/tylerjbecker/ros2_ws/src/dhtt_base/install/dhtt_msgs/lib/python3.8/site-packages/dhtt_msgs/msg/_node_status.py
[6.252s] -- Installing: /home/tylerjbecker/ros2_ws/src/dhtt_base/install/dhtt_msgs/lib/python3.8/site-packages/dhtt_msgs/msg/_update_info.py
[6.252s] -- Installing: /home/tylerjbecker/ros2_ws/src/dhtt_base/install/dhtt_msgs/lib/python3.8/site-packages/dhtt_msgs/msg/_update_info_s.c
[6.252s] -- Installing: /home/tylerjbecker/ros2_ws/src/dhtt_base/install/dhtt_msgs/lib/python3.8/site-packages/dhtt_msgs/msg/_subtree.py
[6.252s] -- Installing: /home/tylerjbecker/ros2_ws/src/dhtt_base/install/dhtt_msgs/lib/python3.8/site-packages/dhtt_msgs/srv
[6.252s] -- Installing: /home/tylerjbecker/ros2_ws/src/dhtt_base/install/dhtt_msgs/lib/python3.8/site-packages/dhtt_msgs/srv/_fetch_info.py
[6.252s] -- Installing: /home/tylerjbecker/ros2_ws/src/dhtt_base/install/dhtt_msgs/lib/python3.8/site-packages/dhtt_msgs/srv/_control_request_s.c
[6.252s] -- Installing: /home/tylerjbecker/ros2_ws/src/dhtt_base/install/dhtt_msgs/lib/python3.8/site-packages/dhtt_msgs/srv/_internal_control_request_s.c
[6.252s] -- Installing: /home/tylerjbecker/ros2_ws/src/dhtt_base/install/dhtt_msgs/lib/python3.8/site-packages/dhtt_msgs/srv/_internal_service_registration.py
[6.253s] -- Installing: /home/tylerjbecker/ros2_ws/src/dhtt_base/install/dhtt_msgs/lib/python3.8/site-packages/dhtt_msgs/srv/_fetch_request_s.c
[6.253s] -- Installing: /home/tylerjbecker/ros2_ws/src/dhtt_base/install/dhtt_msgs/lib/python3.8/site-packages/dhtt_msgs/srv/_fetch_request.py
[6.253s] -- Installing: /home/tylerjbecker/ros2_ws/src/dhtt_base/install/dhtt_msgs/lib/python3.8/site-packages/dhtt_msgs/srv/_fetch_info_s.c
[6.253s] -- Installing: /home/tylerjbecker/ros2_ws/src/dhtt_base/install/dhtt_msgs/lib/python3.8/site-packages/dhtt_msgs/srv/_internal_control_request.py
[6.253s] -- Installing: /home/tylerjbecker/ros2_ws/src/dhtt_base/install/dhtt_msgs/lib/python3.8/site-packages/dhtt_msgs/srv/_control_request.py
[6.253s] -- Installing: /home/tylerjbecker/ros2_ws/src/dhtt_base/install/dhtt_msgs/lib/python3.8/site-packages/dhtt_msgs/srv/__init__.py
[6.253s] -- Installing: /home/tylerjbecker/ros2_ws/src/dhtt_base/install/dhtt_msgs/lib/python3.8/site-packages/dhtt_msgs/srv/_internal_modify_request_s.c
[6.253s] -- Installing: /home/tylerjbecker/ros2_ws/src/dhtt_base/install/dhtt_msgs/lib/python3.8/site-packages/dhtt_msgs/srv/_internal_modify_request.py
[6.253s] -- Installing: /home/tylerjbecker/ros2_ws/src/dhtt_base/install/dhtt_msgs/lib/python3.8/site-packages/dhtt_msgs/srv/_goitr_request_s.c
[6.253s] -- Installing: /home/tylerjbecker/ros2_ws/src/dhtt_base/install/dhtt_msgs/lib/python3.8/site-packages/dhtt_msgs/srv/_modify_request.py
[6.253s] -- Installing: /home/tylerjbecker/ros2_ws/src/dhtt_base/install/dhtt_msgs/lib/python3.8/site-packages/dhtt_msgs/srv/_history_request.py
[6.253s] -- Installing: /home/tylerjbecker/ros2_ws/src/dhtt_base/install/dhtt_msgs/lib/python3.8/site-packages/dhtt_msgs/srv/_goitr_request.py
[6.253s] -- Installing: /home/tylerjbecker/ros2_ws/src/dhtt_base/install/dhtt_msgs/lib/python3.8/site-packages/dhtt_msgs/srv/_internal_service_registration_s.c
[6.253s] -- Installing: /home/tylerjbecker/ros2_ws/src/dhtt_base/install/dhtt_msgs/lib/python3.8/site-packages/dhtt_msgs/srv/_modify_request_s.c
[6.253s] -- Installing: /home/tylerjbecker/ros2_ws/src/dhtt_base/install/dhtt_msgs/lib/python3.8/site-packages/dhtt_msgs/srv/_history_request_s.c
[6.253s] -- Installing: /home/tylerjbecker/ros2_ws/src/dhtt_base/install/dhtt_msgs/lib/python3.8/site-packages/dhtt_msgs/action
[6.253s] -- Installing: /home/tylerjbecker/ros2_ws/src/dhtt_base/install/dhtt_msgs/lib/python3.8/site-packages/dhtt_msgs/action/_activation_s.c
[6.253s] -- Installing: /home/tylerjbecker/ros2_ws/src/dhtt_base/install/dhtt_msgs/lib/python3.8/site-packages/dhtt_msgs/action/_activation.py
[6.253s] -- Installing: /home/tylerjbecker/ros2_ws/src/dhtt_base/install/dhtt_msgs/lib/python3.8/site-packages/dhtt_msgs/action/__init__.py
[6.253s] -- Installing: /home/tylerjbecker/ros2_ws/src/dhtt_base/install/dhtt_msgs/lib/python3.8/site-packages/dhtt_msgs/dhtt_msgs_s__rosidl_typesupport_fastrtps_c.cpython-38-x86_64-linux-gnu.so
[6.254s] -- Set runtime path of "/home/tylerjbecker/ros2_ws/src/dhtt_base/install/dhtt_msgs/lib/python3.8/site-packages/dhtt_msgs/dhtt_msgs_s__rosidl_typesupport_fastrtps_c.cpython-38-x86_64-linux-gnu.so" to ""
[6.254s] -- Installing: /home/tylerjbecker/ros2_ws/src/dhtt_base/install/dhtt_msgs/lib/python3.8/site-packages/dhtt_msgs/dhtt_msgs_s__rosidl_typesupport_introspection_c.cpython-38-x86_64-linux-gnu.so
[6.254s] -- Set runtime path of "/home/tylerjbecker/ros2_ws/src/dhtt_base/install/dhtt_msgs/lib/python3.8/site-packages/dhtt_msgs/dhtt_msgs_s__rosidl_typesupport_introspection_c.cpython-38-x86_64-linux-gnu.so" to ""
[6.254s] -- Installing: /home/tylerjbecker/ros2_ws/src/dhtt_base/install/dhtt_msgs/lib/python3.8/site-packages/dhtt_msgs/dhtt_msgs_s__rosidl_typesupport_c.cpython-38-x86_64-linux-gnu.so
[6.254s] -- Set runtime path of "/home/tylerjbecker/ros2_ws/src/dhtt_base/install/dhtt_msgs/lib/python3.8/site-packages/dhtt_msgs/dhtt_msgs_s__rosidl_typesupport_c.cpython-38-x86_64-linux-gnu.so" to ""
[6.254s] -- Installing: /home/tylerjbecker/ros2_ws/src/dhtt_base/install/dhtt_msgs/lib/libdhtt_msgs__python.so
[6.254s] -- Set runtime path of "/home/tylerjbecker/ros2_ws/src/dhtt_base/install/dhtt_msgs/lib/libdhtt_msgs__python.so" to ""
[6.255s] -- Installing: /home/tylerjbecker/ros2_ws/src/dhtt_base/install/dhtt_msgs/share/dhtt_msgs/msg/Node.idl
[6.255s] -- Installing: /home/tylerjbecker/ros2_ws/src/dhtt_base/install/dhtt_msgs/share/dhtt_msgs/msg/Subtree.idl
[6.255s] -- Installing: /home/tylerjbecker/ros2_ws/src/dhtt_base/install/dhtt_msgs/share/dhtt_msgs/msg/Resource.idl
[6.255s] -- Installing: /home/tylerjbecker/ros2_ws/src/dhtt_base/install/dhtt_msgs/share/dhtt_msgs/msg/Resources.idl
[6.255s] -- Installing: /home/tylerjbecker/ros2_ws/src/dhtt_base/install/dhtt_msgs/share/dhtt_msgs/msg/NodeStatus.idl
[6.255s] -- Installing: /home/tylerjbecker/ros2_ws/src/dhtt_base/install/dhtt_msgs/share/dhtt_msgs/msg/Pair.idl
[6.255s] -- Installing: /home/tylerjbecker/ros2_ws/src/dhtt_base/install/dhtt_msgs/share/dhtt_msgs/msg/UpdateInfo.idl
[6.255s] -- Installing: /home/tylerjbecker/ros2_ws/src/dhtt_base/install/dhtt_msgs/share/dhtt_msgs/srv/ControlRequest.idl
[6.255s] -- Installing: /home/tylerjbecker/ros2_ws/src/dhtt_base/install/dhtt_msgs/share/dhtt_msgs/srv/FetchRequest.idl
[6.255s] -- Installing: /home/tylerjbecker/ros2_ws/src/dhtt_base/install/dhtt_msgs/share/dhtt_msgs/srv/ModifyRequest.idl
[6.255s] -- Installing: /home/tylerjbecker/ros2_ws/src/dhtt_base/install/dhtt_msgs/share/dhtt_msgs/srv/HistoryRequest.idl
[6.255s] -- Installing: /home/tylerjbecker/ros2_ws/src/dhtt_base/install/dhtt_msgs/share/dhtt_msgs/srv/InternalControlRequest.idl
[6.255s] -- Installing: /home/tylerjbecker/ros2_ws/src/dhtt_base/install/dhtt_msgs/share/dhtt_msgs/srv/InternalModifyRequest.idl
[6.255s] -- Installing: /home/tylerjbecker/ros2_ws/src/dhtt_base/install/dhtt_msgs/share/dhtt_msgs/srv/InternalServiceRegistration.idl
[6.255s] -- Installing: /home/tylerjbecker/ros2_ws/src/dhtt_base/install/dhtt_msgs/share/dhtt_msgs/srv/FetchInfo.idl
[6.255s] -- Installing: /home/tylerjbecker/ros2_ws/src/dhtt_base/install/dhtt_msgs/share/dhtt_msgs/srv/GoitrRequest.idl
[6.255s] -- Installing: /home/tylerjbecker/ros2_ws/src/dhtt_base/install/dhtt_msgs/share/dhtt_msgs/action/Activation.idl
[6.255s] -- Installing: /home/tylerjbecker/ros2_ws/src/dhtt_base/install/dhtt_msgs/share/dhtt_msgs/msg/Node.msg
[6.255s] -- Installing: /home/tylerjbecker/ros2_ws/src/dhtt_base/install/dhtt_msgs/share/dhtt_msgs/msg/Subtree.msg
[6.255s] -- Installing: /home/tylerjbecker/ros2_ws/src/dhtt_base/install/dhtt_msgs/share/dhtt_msgs/msg/Resource.msg
[6.255s] -- Installing: /home/tylerjbecker/ros2_ws/src/dhtt_base/install/dhtt_msgs/share/dhtt_msgs/msg/Resources.msg
[6.256s] -- Installing: /home/tylerjbecker/ros2_ws/src/dhtt_base/install/dhtt_msgs/share/dhtt_msgs/msg/NodeStatus.msg
[6.256s] -- Installing: /home/tylerjbecker/ros2_ws/src/dhtt_base/install/dhtt_msgs/share/dhtt_msgs/msg/Pair.msg
[6.256s] -- Installing: /home/tylerjbecker/ros2_ws/src/dhtt_base/install/dhtt_msgs/share/dhtt_msgs/msg/UpdateInfo.msg
[6.256s] -- Installing: /home/tylerjbecker/ros2_ws/src/dhtt_base/install/dhtt_msgs/share/dhtt_msgs/srv/ControlRequest.srv
[6.256s] -- Installing: /home/tylerjbecker/ros2_ws/src/dhtt_base/install/dhtt_msgs/share/dhtt_msgs/srv/ControlRequest_Request.msg
[6.256s] -- Installing: /home/tylerjbecker/ros2_ws/src/dhtt_base/install/dhtt_msgs/share/dhtt_msgs/srv/ControlRequest_Response.msg
[6.256s] -- Installing: /home/tylerjbecker/ros2_ws/src/dhtt_base/install/dhtt_msgs/share/dhtt_msgs/srv/FetchRequest.srv
[6.256s] -- Installing: /home/tylerjbecker/ros2_ws/src/dhtt_base/install/dhtt_msgs/share/dhtt_msgs/srv/FetchRequest_Request.msg
[6.256s] -- Installing: /home/tylerjbecker/ros2_ws/src/dhtt_base/install/dhtt_msgs/share/dhtt_msgs/srv/FetchRequest_Response.msg
[6.256s] -- Installing: /home/tylerjbecker/ros2_ws/src/dhtt_base/install/dhtt_msgs/share/dhtt_msgs/srv/ModifyRequest.srv
[6.256s] -- Installing: /home/tylerjbecker/ros2_ws/src/dhtt_base/install/dhtt_msgs/share/dhtt_msgs/srv/ModifyRequest_Request.msg
[6.256s] -- Installing: /home/tylerjbecker/ros2_ws/src/dhtt_base/install/dhtt_msgs/share/dhtt_msgs/srv/ModifyRequest_Response.msg
[6.256s] -- Installing: /home/tylerjbecker/ros2_ws/src/dhtt_base/install/dhtt_msgs/share/dhtt_msgs/srv/HistoryRequest.srv
[6.256s] -- Installing: /home/tylerjbecker/ros2_ws/src/dhtt_base/install/dhtt_msgs/share/dhtt_msgs/srv/HistoryRequest_Request.msg
[6.256s] -- Installing: /home/tylerjbecker/ros2_ws/src/dhtt_base/install/dhtt_msgs/share/dhtt_msgs/srv/HistoryRequest_Response.msg
[6.256s] -- Installing: /home/tylerjbecker/ros2_ws/src/dhtt_base/install/dhtt_msgs/share/dhtt_msgs/srv/InternalControlRequest.srv
[6.256s] -- Installing: /home/tylerjbecker/ros2_ws/src/dhtt_base/install/dhtt_msgs/share/dhtt_msgs/srv/InternalControlRequest_Request.msg
[6.256s] -- Installing: /home/tylerjbecker/ros2_ws/src/dhtt_base/install/dhtt_msgs/share/dhtt_msgs/srv/InternalControlRequest_Response.msg
[6.256s] -- Installing: /home/tylerjbecker/ros2_ws/src/dhtt_base/install/dhtt_msgs/share/dhtt_msgs/srv/InternalModifyRequest.srv
[6.256s] -- Installing: /home/tylerjbecker/ros2_ws/src/dhtt_base/install/dhtt_msgs/share/dhtt_msgs/srv/InternalModifyRequest_Request.msg
[6.256s] -- Installing: /home/tylerjbecker/ros2_ws/src/dhtt_base/install/dhtt_msgs/share/dhtt_msgs/srv/InternalModifyRequest_Response.msg
[6.257s] -- Installing: /home/tylerjbecker/ros2_ws/src/dhtt_base/install/dhtt_msgs/share/dhtt_msgs/srv/InternalServiceRegistration.srv
[6.257s] -- Installing: /home/tylerjbecker/ros2_ws/src/dhtt_base/install/dhtt_msgs/share/dhtt_msgs/srv/InternalServiceRegistration_Request.msg
[6.257s] -- Installing: /home/tylerjbecker/ros2_ws/src/dhtt_base/install/dhtt_msgs/share/dhtt_msgs/srv/InternalServiceRegistration_Response.msg
[6.257s] -- Installing: /home/tylerjbecker/ros2_ws/src/dhtt_base/install/dhtt_msgs/share/dhtt_msgs/srv/FetchInfo.srv
[6.257s] -- Installing: /home/tylerjbecker/ros2_ws/src/dhtt_base/install/dhtt_msgs/share/dhtt_msgs/srv/FetchInfo_Request.msg
[6.257s] -- Installing: /home/tylerjbecker/ros2_ws/src/dhtt_base/install/dhtt_msgs/share/dhtt_msgs/srv/FetchInfo_Response.msg
[6.257s] -- Installing: /home/tylerjbecker/ros2_ws/src/dhtt_base/install/dhtt_msgs/share/dhtt_msgs/srv/GoitrRequest.srv
[6.257s] -- Installing: /home/tylerjbecker/ros2_ws/src/dhtt_base/install/dhtt_msgs/share/dhtt_msgs/srv/GoitrRequest_Request.msg
[6.257s] -- Installing: /home/tylerjbecker/ros2_ws/src/dhtt_base/install/dhtt_msgs/share/dhtt_msgs/srv/GoitrRequest_Response.msg
[6.257s] -- Installing: /home/tylerjbecker/ros2_ws/src/dhtt_base/install/dhtt_msgs/share/dhtt_msgs/action/Activation.action
[6.257s] -- Installing: /home/tylerjbecker/ros2_ws/src/dhtt_base/install/dhtt_msgs/share/ament_index/resource_index/package_run_dependencies/dhtt_msgs
[6.257s] -- Installing: /home/tylerjbecker/ros2_ws/src/dhtt_base/install/dhtt_msgs/share/ament_index/resource_index/parent_prefix_path/dhtt_msgs
[6.257s] -- Installing: /home/tylerjbecker/ros2_ws/src/dhtt_base/install/dhtt_msgs/share/dhtt_msgs/environment/ament_prefix_path.sh
[6.257s] -- Installing: /home/tylerjbecker/ros2_ws/src/dhtt_base/install/dhtt_msgs/share/dhtt_msgs/environment/ament_prefix_path.dsv
[6.257s] -- Installing: /home/tylerjbecker/ros2_ws/src/dhtt_base/install/dhtt_msgs/share/dhtt_msgs/environment/path.sh
[6.257s] -- Installing: /home/tylerjbecker/ros2_ws/src/dhtt_base/install/dhtt_msgs/share/dhtt_msgs/environment/path.dsv
[6.257s] -- Installing: /home/tylerjbecker/ros2_ws/src/dhtt_base/install/dhtt_msgs/share/dhtt_msgs/local_setup.bash
[6.257s] -- Installing: /home/tylerjbecker/ros2_ws/src/dhtt_base/install/dhtt_msgs/share/dhtt_msgs/local_setup.sh
[6.257s] -- Installing: /home/tylerjbecker/ros2_ws/src/dhtt_base/install/dhtt_msgs/share/dhtt_msgs/local_setup.zsh
[6.258s] -- Installing: /home/tylerjbecker/ros2_ws/src/dhtt_base/install/dhtt_msgs/share/dhtt_msgs/local_setup.dsv
[6.258s] -- Installing: /home/tylerjbecker/ros2_ws/src/dhtt_base/install/dhtt_msgs/share/dhtt_msgs/package.dsv
[6.258s] -- Installing: /home/tylerjbecker/ros2_ws/src/dhtt_base/install/dhtt_msgs/share/ament_index/resource_index/packages/dhtt_msgs
[6.258s] -- Installing: /home/tylerjbecker/ros2_ws/src/dhtt_base/install/dhtt_msgs/share/dhtt_msgs/cmake/dhtt_msgs__rosidl_generator_cExport.cmake
[6.258s] -- Installing: /home/tylerjbecker/ros2_ws/src/dhtt_base/install/dhtt_msgs/share/dhtt_msgs/cmake/dhtt_msgs__rosidl_generator_cExport-noconfig.cmake
[6.258s] -- Installing: /home/tylerjbecker/ros2_ws/src/dhtt_base/install/dhtt_msgs/share/dhtt_msgs/cmake/dhtt_msgs__rosidl_typesupport_introspection_cExport.cmake
[6.258s] -- Installing: /home/tylerjbecker/ros2_ws/src/dhtt_base/install/dhtt_msgs/share/dhtt_msgs/cmake/dhtt_msgs__rosidl_typesupport_introspection_cExport-noconfig.cmake
[6.258s] -- Installing: /home/tylerjbecker/ros2_ws/src/dhtt_base/install/dhtt_msgs/share/dhtt_msgs/cmake/dhtt_msgs__rosidl_typesupport_cExport.cmake
[6.258s] -- Installing: /home/tylerjbecker/ros2_ws/src/dhtt_base/install/dhtt_msgs/share/dhtt_msgs/cmake/dhtt_msgs__rosidl_typesupport_cExport-noconfig.cmake
[6.258s] -- Installing: /home/tylerjbecker/ros2_ws/src/dhtt_base/install/dhtt_msgs/share/dhtt_msgs/cmake/dhtt_msgs__rosidl_generator_cppExport.cmake
[6.258s] -- Installing: /home/tylerjbecker/ros2_ws/src/dhtt_base/install/dhtt_msgs/share/dhtt_msgs/cmake/dhtt_msgs__rosidl_typesupport_introspection_cppExport.cmake
[6.258s] -- Installing: /home/tylerjbecker/ros2_ws/src/dhtt_base/install/dhtt_msgs/share/dhtt_msgs/cmake/dhtt_msgs__rosidl_typesupport_introspection_cppExport-noconfig.cmake
[6.258s] -- Installing: /home/tylerjbecker/ros2_ws/src/dhtt_base/install/dhtt_msgs/share/dhtt_msgs/cmake/dhtt_msgs__rosidl_typesupport_cppExport.cmake
[6.258s] -- Installing: /home/tylerjbecker/ros2_ws/src/dhtt_base/install/dhtt_msgs/share/dhtt_msgs/cmake/dhtt_msgs__rosidl_typesupport_cppExport-noconfig.cmake
[6.259s] -- Installing: /home/tylerjbecker/ros2_ws/src/dhtt_base/install/dhtt_msgs/share/dhtt_msgs/cmake/rosidl_cmake-extras.cmake
[6.259s] -- Installing: /home/tylerjbecker/ros2_ws/src/dhtt_base/install/dhtt_msgs/share/dhtt_msgs/cmake/ament_cmake_export_dependencies-extras.cmake
[6.259s] -- Installing: /home/tylerjbecker/ros2_ws/src/dhtt_base/install/dhtt_msgs/share/dhtt_msgs/cmake/ament_cmake_export_libraries-extras.cmake
[6.259s] -- Installing: /home/tylerjbecker/ros2_ws/src/dhtt_base/install/dhtt_msgs/share/dhtt_msgs/cmake/ament_cmake_export_targets-extras.cmake
[6.259s] -- Installing: /home/tylerjbecker/ros2_ws/src/dhtt_base/install/dhtt_msgs/share/dhtt_msgs/cmake/ament_cmake_export_include_directories-extras.cmake
[6.259s] -- Installing: /home/tylerjbecker/ros2_ws/src/dhtt_base/install/dhtt_msgs/share/dhtt_msgs/cmake/rosidl_cmake_export_typesupport_libraries-extras.cmake
[6.259s] -- Installing: /home/tylerjbecker/ros2_ws/src/dhtt_base/install/dhtt_msgs/share/dhtt_msgs/cmake/rosidl_cmake_export_typesupport_targets-extras.cmake
[6.259s] -- Installing: /home/tylerjbecker/ros2_ws/src/dhtt_base/install/dhtt_msgs/share/dhtt_msgs/cmake/dhtt_msgsConfig.cmake
[6.259s] -- Installing: /home/tylerjbecker/ros2_ws/src/dhtt_base/install/dhtt_msgs/share/dhtt_msgs/cmake/dhtt_msgsConfig-version.cmake
[6.259s] -- Installing: /home/tylerjbecker/ros2_ws/src/dhtt_base/install/dhtt_msgs/share/dhtt_msgs/package.xml
[6.261s] Invoked command in '/home/tylerjbecker/ros2_ws/src/dhtt_base/build/dhtt_msgs' returned '0': CMAKE_PREFIX_PATH=${CMAKE_PREFIX_PATH}:/opt/ros/foxy /usr/bin/cmake --install /home/tylerjbecker/ros2_ws/src/dhtt_base/build/dhtt_msgs
